<?xml version="1.0" encoding="UTF-8"?>
<coverage generated="1788529832807" clover="3.2.0">
  <project timestamp="1788529832807" name="All files">
    <metrics statements="1646" coveredstatements="1530" conditionals="1228" coveredconditionals="993" methods="434" coveredmethods="399" elements="3308" coveredelements="2922" complexity="0" loc="1646" ncloc="1646" packages="15" files="74" classes="74"/>
    <package name="src">
      <metrics statements="3" coveredstatements="3" conditionals="2" coveredconditionals="1" methods="1" coveredmethods="1"/>
      <file name="app.module.ts" path="/Users/dvir/claude/trader/backend/src/app.module.ts">
        <metrics statements="3" coveredstatements="3" conditionals="2" coveredconditionals="1" methods="1" coveredmethods="1"/>
        <line num="14" count="10" type="stmt"/>
        <line num="18" count="11" type="stmt"/>
        <line num="41" count="10" type="stmt"/>
      </file>
    </package>
    <package name="src.auth">
      <metrics statements="33" coveredstatements="32" conditionals="22" coveredconditionals="18" methods="8" coveredmethods="8"/>
      <file name="auth.controller.ts" path="/Users/dvir/claude/trader/backend/src/auth/auth.controller.ts">
        <metrics statements="4" coveredstatements="4" conditionals="2" coveredconditionals="1" methods="2" coveredmethods="2"/>
        <line num="6" count="10" type="cond" truecount="1" falsecount="1"/>
        <line num="7" count="10" type="stmt"/>
        <line num="8" count="11" type="stmt"/>
        <line num="13" count="12" type="stmt"/>
      </file>
      <file name="auth.module.ts" path="/Users/dvir/claude/trader/backend/src/auth/auth.module.ts">
        <metrics statements="6" coveredstatements="5" conditionals="6" coveredconditionals="5" methods="1" coveredmethods="1"/>
        <line num="8" count="10" type="stmt"/>
        <line num="12" count="11" type="stmt"/>
        <line num="13" count="11" type="cond" truecount="3" falsecount="1"/>
        <line num="14" count="0" type="stmt"/>
        <line num="16" count="11" type="stmt"/>
        <line num="27" count="10" type="stmt"/>
      </file>
      <file name="auth.service.ts" path="/Users/dvir/claude/trader/backend/src/auth/auth.service.ts">
        <metrics statements="7" coveredstatements="7" conditionals="6" coveredconditionals="5" methods="2" coveredmethods="2"/>
        <line num="5" count="10" type="cond" truecount="1" falsecount="1"/>
        <line num="6" count="10" type="stmt"/>
        <line num="7" count="11" type="stmt"/>
        <line num="10" count="12" type="stmt"/>
        <line num="11" count="12" type="cond" truecount="4" falsecount="0"/>
        <line num="12" count="1" type="stmt"/>
        <line num="14" count="11" type="stmt"/>
      </file>
      <file name="jwt-auth.guard.ts" path="/Users/dvir/claude/trader/backend/src/auth/jwt-auth.guard.ts">
        <metrics statements="14" coveredstatements="14" conditionals="8" coveredconditionals="7" methods="2" coveredmethods="2"/>
        <line num="11" count="10" type="cond" truecount="1" falsecount="1"/>
        <line num="12" count="10" type="stmt"/>
        <line num="14" count="11" type="stmt"/>
        <line num="15" count="11" type="stmt"/>
        <line num="19" count="188" type="stmt"/>
        <line num="23" count="188" type="cond" truecount="2" falsecount="0"/>
        <line num="25" count="174" type="stmt"/>
        <line num="26" count="174" type="stmt"/>
        <line num="27" count="174" type="cond" truecount="2" falsecount="0"/>
        <line num="28" count="188" type="cond" truecount="2" falsecount="0"/>
        <line num="30" count="166" type="stmt"/>
        <line num="31" count="166" type="stmt"/>
        <line num="32" count="165" type="stmt"/>
        <line num="34" count="1" type="stmt"/>
      </file>
      <file name="public.decorator.ts" path="/Users/dvir/claude/trader/backend/src/auth/public.decorator.ts">
        <metrics statements="2" coveredstatements="2" conditionals="0" coveredconditionals="0" methods="1" coveredmethods="1"/>
        <line num="3" count="10" type="stmt"/>
        <line num="4" count="20" type="stmt"/>
      </file>
    </package>
    <package name="src.auth.dto">
      <metrics statements="0" coveredstatements="0" conditionals="0" coveredconditionals="0" methods="0" coveredmethods="0"/>
      <file name="login.dto.ts" path="/Users/dvir/claude/trader/backend/src/auth/dto/login.dto.ts">
        <metrics statements="0" coveredstatements="0" conditionals="0" coveredconditionals="0" methods="0" coveredmethods="0"/>
      </file>
    </package>
    <package name="src.common">
      <metrics statements="3" coveredstatements="3" conditionals="4" coveredconditionals="4" methods="2" coveredmethods="2"/>
      <file name="numeric.transformer.ts" path="/Users/dvir/claude/trader/backend/src/common/numeric.transformer.ts">
        <metrics statements="3" coveredstatements="3" conditionals="4" coveredconditionals="4" methods="2" coveredmethods="2"/>
        <line num="7" count="15" type="stmt"/>
        <line num="8" count="47576" type="stmt"/>
        <line num="10" count="1843" type="cond" truecount="4" falsecount="0"/>
      </file>
    </package>
    <package name="src.database">
      <metrics statements="11" coveredstatements="10" conditionals="21" coveredconditionals="20" methods="2" coveredmethods="2"/>
      <file name="connection-options.ts" path="/Users/dvir/claude/trader/backend/src/database/connection-options.ts">
        <metrics statements="6" coveredstatements="6" conditionals="17" coveredconditionals="17" methods="1" coveredmethods="1"/>
        <line num="27" count="17" type="stmt"/>
        <line num="28" count="17" type="cond" truecount="4" falsecount="0"/>
        <line num="29" count="2" type="stmt"/>
        <line num="31" count="15" type="cond" truecount="4" falsecount="0"/>
        <line num="35" count="1" type="stmt"/>
        <line num="39" count="14" type="stmt"/>
      </file>
      <file name="ssl.ts" path="/Users/dvir/claude/trader/backend/src/database/ssl.ts">
        <metrics statements="5" coveredstatements="4" conditionals="4" coveredconditionals="3" methods="1" coveredmethods="1"/>
        <line num="13" count="17" type="cond" truecount="2" falsecount="0"/>
        <line num="14" count="1" type="stmt"/>
        <line num="16" count="16" type="cond" truecount="1" falsecount="1"/>
        <line num="17" count="0" type="stmt"/>
        <line num="19" count="16" type="stmt"/>
      </file>
    </package>
    <package name="src.health">
      <metrics statements="15" coveredstatements="14" conditionals="4" coveredconditionals="2" methods="3" coveredmethods="3"/>
      <file name="health.controller.ts" path="/Users/dvir/claude/trader/backend/src/health/health.controller.ts">
        <metrics statements="13" coveredstatements="12" conditionals="4" coveredconditionals="2" methods="3" coveredmethods="3"/>
        <line num="6" count="10" type="cond" truecount="1" falsecount="1"/>
        <line num="7" count="10" type="stmt"/>
        <line num="9" count="11" type="stmt"/>
        <line num="10" count="11" type="stmt"/>
        <line num="15" count="1" type="stmt"/>
        <line num="16" count="1" type="stmt"/>
        <line num="17" count="1" type="stmt"/>
        <line num="18" count="1" type="stmt"/>
        <line num="19" count="1" type="stmt"/>
        <line num="20" count="1" type="stmt"/>
        <line num="22" count="0" type="stmt"/>
        <line num="24" count="1" type="cond" truecount="1" falsecount="1"/>
        <line num="33" count="2" type="stmt"/>
      </file>
      <file name="health.module.ts" path="/Users/dvir/claude/trader/backend/src/health/health.module.ts">
        <metrics statements="2" coveredstatements="2" conditionals="0" coveredconditionals="0" methods="0" coveredmethods="0"/>
        <line num="5" count="10" type="stmt"/>
        <line num="9" count="10" type="stmt"/>
      </file>
    </package>
    <package name="src.instruments">
      <metrics statements="32" coveredstatements="31" conditionals="14" coveredconditionals="11" methods="7" coveredmethods="7"/>
      <file name="instrument.entity.ts" path="/Users/dvir/claude/trader/backend/src/instruments/instrument.entity.ts">
        <metrics statements="7" coveredstatements="7" conditionals="2" coveredconditionals="1" methods="0" coveredmethods="0"/>
        <line num="11" count="14" type="stmt"/>
        <line num="12" count="14" type="stmt"/>
        <line num="13" count="14" type="stmt"/>
        <line num="20" count="14" type="stmt"/>
        <line num="23" count="14" type="stmt"/>
        <line num="27" count="14" type="stmt"/>
        <line num="30" count="14" type="cond" truecount="1" falsecount="1"/>
      </file>
      <file name="instruments.controller.ts" path="/Users/dvir/claude/trader/backend/src/instruments/instruments.controller.ts">
        <metrics statements="6" coveredstatements="6" conditionals="6" coveredconditionals="5" methods="2" coveredmethods="2"/>
        <line num="4" count="10" type="cond" truecount="1" falsecount="1"/>
        <line num="5" count="10" type="stmt"/>
        <line num="6" count="11" type="stmt"/>
        <line num="10" count="3" type="cond" truecount="4" falsecount="0"/>
        <line num="11" count="1" type="stmt"/>
        <line num="13" count="2" type="stmt"/>
      </file>
      <file name="instruments.module.ts" path="/Users/dvir/claude/trader/backend/src/instruments/instruments.module.ts">
        <metrics statements="3" coveredstatements="3" conditionals="0" coveredconditionals="0" methods="1" coveredmethods="1"/>
        <line num="8" count="10" type="stmt"/>
        <line num="11" count="33" type="stmt"/>
        <line num="17" count="10" type="stmt"/>
      </file>
      <file name="instruments.service.ts" path="/Users/dvir/claude/trader/backend/src/instruments/instruments.service.ts">
        <metrics statements="16" coveredstatements="15" conditionals="6" coveredconditionals="5" methods="4" coveredmethods="4"/>
        <line num="13" count="14" type="stmt"/>
        <line num="16" count="11" type="stmt"/>
        <line num="17" count="11" type="stmt"/>
        <line num="18" count="11" type="stmt"/>
        <line num="23" count="104" type="stmt"/>
        <line num="24" count="104" type="stmt"/>
        <line num="25" count="104" type="cond" truecount="2" falsecount="0"/>
        <line num="27" count="15" type="stmt"/>
        <line num="28" count="15" type="cond" truecount="2" falsecount="0"/>
        <line num="29" count="5" type="stmt"/>
        <line num="31" count="10" type="stmt"/>
        <line num="37" count="2" type="stmt"/>
        <line num="38" count="1" type="stmt"/>
        <line num="39" count="1" type="cond" truecount="1" falsecount="1"/>
        <line num="40" count="0" type="stmt"/>
        <line num="42" count="1" type="stmt"/>
      </file>
    </package>
    <package name="src.journal">
      <metrics statements="264" coveredstatements="259" conditionals="203" coveredconditionals="179" methods="71" coveredmethods="69"/>
      <file name="entry-tag.entity.ts" path="/Users/dvir/claude/trader/backend/src/journal/entry-tag.entity.ts">
        <metrics statements="3" coveredstatements="3" conditionals="0" coveredconditionals="0" methods="0" coveredmethods="0"/>
        <line num="3" count="13" type="stmt"/>
        <line num="5" count="13" type="stmt"/>
        <line num="6" count="13" type="stmt"/>
      </file>
      <file name="journal-entry.entity.ts" path="/Users/dvir/claude/trader/backend/src/journal/journal-entry.entity.ts">
        <metrics statements="7" coveredstatements="7" conditionals="4" coveredconditionals="2" methods="0" coveredmethods="0"/>
        <line num="18" count="13" type="stmt"/>
        <line num="19" count="13" type="stmt"/>
        <line num="20" count="13" type="stmt"/>
        <line num="27" count="13" type="stmt"/>
        <line num="30" count="13" type="stmt"/>
        <line num="37" count="13" type="cond" truecount="1" falsecount="1"/>
        <line num="40" count="13" type="cond" truecount="1" falsecount="1"/>
      </file>
      <file name="journal.controller.ts" path="/Users/dvir/claude/trader/backend/src/journal/journal.controller.ts">
        <metrics statements="10" coveredstatements="10" conditionals="12" coveredconditionals="9" methods="7" coveredmethods="7"/>
        <line num="17" count="69" type="stmt"/>
        <line num="39" count="10" type="cond" truecount="1" falsecount="1"/>
        <line num="40" count="10" type="stmt"/>
        <line num="41" count="11" type="stmt"/>
        <line num="46" count="2" type="stmt"/>
        <line num="55" count="5" type="stmt"/>
        <line num="60" count="60" type="stmt"/>
        <line num="65" count="9" type="stmt"/>
        <line num="70" count="2" type="stmt"/>
        <line num="71" count="2" type="stmt"/>
      </file>
      <file name="journal.dto.ts" path="/Users/dvir/claude/trader/backend/src/journal/journal.dto.ts">
        <metrics statements="17" coveredstatements="17" conditionals="0" coveredconditionals="0" methods="6" coveredmethods="6"/>
        <line num="18" count="10" type="stmt"/>
        <line num="27" count="10" type="stmt"/>
        <line num="40" count="10" type="stmt"/>
        <line num="50" count="10" type="stmt"/>
        <line num="53" count="10" type="stmt"/>
        <line num="69" count="26" type="stmt"/>
        <line num="81" count="8" type="stmt"/>
        <line num="86" count="10" type="stmt"/>
        <line num="89" count="10" type="stmt"/>
        <line num="99" count="10" type="stmt"/>
        <line num="104" count="10" type="stmt"/>
        <line num="113" count="10" type="stmt"/>
        <line num="121" count="10" type="stmt"/>
        <line num="126" count="61" type="stmt"/>
        <line num="131" count="2" type="stmt"/>
        <line num="136" count="3" type="stmt"/>
        <line num="142" count="4" type="stmt"/>
      </file>
      <file name="journal.module.ts" path="/Users/dvir/claude/trader/backend/src/journal/journal.module.ts">
        <metrics statements="2" coveredstatements="2" conditionals="0" coveredconditionals="0" methods="0" coveredmethods="0"/>
        <line num="18" count="10" type="stmt"/>
        <line num="43" count="10" type="stmt"/>
      </file>
      <file name="journal.service.ts" path="/Users/dvir/claude/trader/backend/src/journal/journal.service.ts">
        <metrics statements="219" coveredstatements="214" conditionals="185" coveredconditionals="167" methods="58" coveredmethods="56"/>
        <line num="32" count="77" type="cond" truecount="4" falsecount="0"/>
        <line num="33" count="3" type="stmt"/>
        <line num="35" count="74" type="stmt"/>
        <line num="43" count="8" type="stmt"/>
        <line num="44" count="8" type="cond" truecount="2" falsecount="0"/>
        <line num="45" count="7" type="stmt"/>
        <line num="55" count="13" type="stmt"/>
        <line num="58" count="4" type="cond" truecount="4" falsecount="0"/>
        <line num="59" count="3" type="stmt"/>
        <line num="71" count="4" type="cond" truecount="2" falsecount="0"/>
        <line num="72" count="2" type="stmt"/>
        <line num="73" count="2" type="stmt"/>
        <line num="74" count="2" type="stmt"/>
        <line num="143" count="13" type="stmt"/>
        <line num="144" count="11" type="stmt"/>
        <line num="148" count="11" type="stmt"/>
        <line num="150" count="11" type="stmt"/>
        <line num="152" count="11" type="stmt"/>
        <line num="154" count="11" type="stmt"/>
        <line num="156" count="11" type="stmt"/>
        <line num="158" count="11" type="stmt"/>
        <line num="159" count="11" type="stmt"/>
        <line num="161" count="11" type="stmt"/>
        <line num="163" count="11" type="stmt"/>
        <line num="164" count="11" type="stmt"/>
        <line num="165" count="11" type="stmt"/>
        <line num="166" count="11" type="stmt"/>
        <line num="167" count="11" type="stmt"/>
        <line num="171" count="88" type="stmt"/>
        <line num="173" count="88" type="stmt"/>
        <line num="188" count="360" type="stmt"/>
        <line num="189" count="89" type="stmt"/>
        <line num="190" count="88" type="stmt"/>
        <line num="191" count="88" type="stmt"/>
        <line num="192" count="88" type="stmt"/>
        <line num="197" count="88" type="stmt"/>
        <line num="198" count="88" type="stmt"/>
        <line num="199" count="50" type="stmt"/>
        <line num="204" count="88" type="stmt"/>
        <line num="205" count="89" type="cond" truecount="2" falsecount="0"/>
        <line num="206" count="89" type="cond" truecount="2" falsecount="0"/>
        <line num="207" count="50" type="stmt"/>
        <line num="208" count="40" type="stmt"/>
        <line num="209" count="50" type="stmt"/>
        <line num="210" count="7" type="stmt"/>
        <line num="213" count="88" type="stmt"/>
        <line num="214" count="88" type="stmt"/>
        <line num="215" count="7" type="stmt"/>
        <line num="221" count="88" type="stmt"/>
        <line num="222" count="88" type="stmt"/>
        <line num="223" count="5" type="stmt"/>
        <line num="229" count="88" type="stmt"/>
        <line num="230" count="122" type="stmt"/>
        <line num="231" count="122" type="stmt"/>
        <line num="232" count="122" type="stmt"/>
        <line num="234" count="122" type="stmt"/>
        <line num="235" count="122" type="cond" truecount="2" falsecount="0"/>
        <line num="236" count="89" type="stmt"/>
        <line num="237" count="89" type="stmt"/>
        <line num="241" count="47" type="stmt"/>
        <line num="248" count="89" type="stmt"/>
        <line num="255" count="47" type="stmt"/>
        <line num="263" count="7" type="cond" truecount="2" falsecount="0"/>
        <line num="270" count="122" type="stmt"/>
        <line num="284" count="5" type="stmt"/>
        <line num="285" count="5" type="stmt"/>
        <line num="286" count="5" type="stmt"/>
        <line num="290" count="88" type="stmt"/>
        <line num="291" count="122" type="cond" truecount="4" falsecount="0"/>
        <line num="292" count="121" type="cond" truecount="2" falsecount="0"/>
        <line num="293" count="3" type="stmt"/>
        <line num="295" count="3" type="cond" truecount="2" falsecount="0"/>
        <line num="296" count="3" type="cond" truecount="2" falsecount="0"/>
        <line num="298" count="119" type="cond" truecount="2" falsecount="2"/>
        <line num="299" count="0" type="stmt"/>
        <line num="301" count="119" type="stmt"/>
        <line num="306" count="2" type="stmt"/>
        <line num="307" count="2" type="stmt"/>
        <line num="319" count="83" type="stmt"/>
        <line num="320" count="83" type="stmt"/>
        <line num="322" count="80" type="stmt"/>
        <line num="323" count="80" type="stmt"/>
        <line num="332" count="80" type="stmt"/>
        <line num="333" count="75" type="cond" truecount="2" falsecount="0"/>
        <line num="334" count="75" type="stmt"/>
        <line num="337" count="105" type="stmt"/>
        <line num="338" count="75" type="stmt"/>
        <line num="357" count="9" type="stmt"/>
        <line num="358" count="9" type="stmt"/>
        <line num="361" count="9" type="cond" truecount="2" falsecount="0"/>
        <line num="363" count="8" type="stmt"/>
        <line num="365" count="8" type="stmt"/>
        <line num="366" count="8" type="stmt"/>
        <line num="370" count="8" type="stmt"/>
        <line num="379" count="8" type="stmt"/>
        <line num="380" count="8" type="stmt"/>
        <line num="388" count="8" type="cond" truecount="2" falsecount="0"/>
        <line num="394" count="8" type="cond" truecount="2" falsecount="0"/>
        <line num="395" count="8" type="cond" truecount="4" falsecount="0"/>
        <line num="396" count="1" type="stmt"/>
        <line num="400" count="10" type="stmt"/>
        <line num="401" count="8" type="stmt"/>
        <line num="405" count="2" type="stmt"/>
        <line num="406" count="2" type="stmt"/>
        <line num="409" count="2" type="cond" truecount="1" falsecount="1"/>
        <line num="411" count="2" type="stmt"/>
        <line num="412" count="2" type="stmt"/>
        <line num="413" count="2" type="stmt"/>
        <line num="414" count="1" type="stmt"/>
        <line num="416" count="2" type="stmt"/>
        <line num="417" count="2" type="stmt"/>
        <line num="418" count="2" type="stmt"/>
        <line num="441" count="91" type="cond" truecount="2" falsecount="0"/>
        <line num="442" count="73" type="cond" truecount="1" falsecount="1"/>
        <line num="443" count="0" type="stmt"/>
        <line num="445" count="73" type="stmt"/>
        <line num="446" count="73" type="stmt"/>
        <line num="449" count="71" type="stmt"/>
        <line num="456" count="71" type="stmt"/>
        <line num="458" count="18" type="cond" truecount="3" falsecount="1"/>
        <line num="459" count="0" type="stmt"/>
        <line num="461" count="18" type="cond" truecount="2" falsecount="0"/>
        <line num="462" count="3" type="cond" truecount="1" falsecount="1"/>
        <line num="463" count="0" type="stmt"/>
        <line num="465" count="3" type="stmt"/>
        <line num="468" count="2" type="stmt"/>
        <line num="469" count="2" type="stmt"/>
        <line num="471" count="15" type="stmt"/>
        <line num="487" count="9" type="stmt"/>
        <line num="488" count="9" type="stmt"/>
        <line num="489" count="7" type="cond" truecount="1" falsecount="1"/>
        <line num="534" count="9" type="stmt"/>
        <line num="536" count="9" type="cond" truecount="4" falsecount="0"/>
        <line num="538" count="9" type="cond" truecount="2" falsecount="0"/>
        <line num="539" count="2" type="stmt"/>
        <line num="544" count="7" type="cond" truecount="1" falsecount="1"/>
        <line num="545" count="9" type="stmt"/>
        <line num="546" count="7" type="stmt"/>
        <line num="549" count="9" type="cond" truecount="2" falsecount="0"/>
        <line num="550" count="1" type="stmt"/>
        <line num="555" count="6" type="stmt"/>
        <line num="556" count="6" type="stmt"/>
        <line num="559" count="6" type="cond" truecount="2" falsecount="0"/>
        <line num="560" count="1" type="stmt"/>
        <line num="564" count="5" type="stmt"/>
        <line num="567" count="5" type="cond" truecount="4" falsecount="0"/>
        <line num="568" count="1" type="stmt"/>
        <line num="582" count="73" type="stmt"/>
        <line num="583" count="73" type="stmt"/>
        <line num="585" count="0" type="stmt"/>
        <line num="607" count="88" type="cond" truecount="5" falsecount="0"/>
        <line num="609" count="71" type="cond" truecount="4" falsecount="0"/>
        <line num="610" count="71" type="cond" truecount="2" falsecount="0"/>
        <line num="617" count="9" type="stmt"/>
        <line num="626" count="66" type="stmt"/>
        <line num="639" count="66" type="cond" truecount="4" falsecount="0"/>
        <line num="640" count="7" type="stmt"/>
        <line num="646" count="66" type="stmt"/>
        <line num="658" count="66" type="cond" truecount="2" falsecount="0"/>
        <line num="659" count="4" type="stmt"/>
        <line num="663" count="66" type="cond" truecount="2" falsecount="0"/>
        <line num="664" count="4" type="stmt"/>
        <line num="688" count="66" type="cond" truecount="6" falsecount="0"/>
        <line num="689" count="62" type="stmt"/>
        <line num="693" count="83" type="cond" truecount="4" falsecount="0"/>
        <line num="694" count="13" type="stmt"/>
        <line num="705" count="83" type="cond" truecount="5" falsecount="0"/>
        <line num="706" count="2" type="stmt"/>
        <line num="729" count="10" type="stmt"/>
        <line num="730" count="10" type="stmt"/>
        <line num="731" count="10" type="stmt"/>
        <line num="751" count="67" type="cond" truecount="2" falsecount="0"/>
        <line num="752" count="67" type="stmt"/>
        <line num="754" count="2" type="stmt"/>
        <line num="757" count="67" type="cond" truecount="2" falsecount="0"/>
        <line num="759" count="6" type="stmt"/>
        <line num="760" count="67" type="stmt"/>
        <line num="762" count="67" type="cond" truecount="4" falsecount="0"/>
        <line num="763" count="27" type="cond" truecount="4" falsecount="0"/>
        <line num="765" count="26" type="stmt"/>
        <line num="766" count="26" type="stmt"/>
        <line num="767" count="26" type="stmt"/>
        <line num="768" count="26" type="stmt"/>
        <line num="769" count="31" type="stmt"/>
        <line num="797" count="1" type="stmt"/>
        <line num="798" count="1" type="stmt"/>
        <line num="820" count="62" type="stmt"/>
        <line num="821" count="62" type="stmt"/>
        <line num="822" count="75" type="stmt"/>
        <line num="823" count="13" type="cond" truecount="1" falsecount="1"/>
        <line num="825" count="62" type="cond" truecount="4" falsecount="0"/>
        <line num="827" count="62" type="cond" truecount="2" falsecount="0"/>
        <line num="829" count="10" type="stmt"/>
        <line num="830" count="20" type="stmt"/>
        <line num="832" count="10" type="cond" truecount="2" falsecount="0"/>
        <line num="834" count="9" type="stmt"/>
        <line num="835" count="9" type="stmt"/>
        <line num="836" count="11" type="cond" truecount="2" falsecount="0"/>
        <line num="838" count="9" type="stmt"/>
        <line num="839" count="9" type="stmt"/>
        <line num="840" count="11" type="stmt"/>
        <line num="841" count="11" type="stmt"/>
        <line num="844" count="9" type="stmt"/>
        <line num="845" count="11" type="stmt"/>
        <line num="854" count="9" type="cond" truecount="2" falsecount="0"/>
        <line num="856" count="3" type="stmt"/>
        <line num="857" count="3" type="stmt"/>
        <line num="860" count="3" type="stmt"/>
        <line num="861" count="3" type="stmt"/>
        <line num="862" count="3" type="cond" truecount="1" falsecount="1"/>
        <line num="864" count="3" type="stmt"/>
        <line num="871" count="3" type="stmt"/>
        <line num="881" count="83" type="stmt"/>
        <line num="882" count="83" type="stmt"/>
        <line num="883" count="4" type="stmt"/>
        <line num="884" count="4" type="stmt"/>
        <line num="887" count="4" type="cond" truecount="2" falsecount="0"/>
        <line num="888" count="3" type="stmt"/>
        <line num="892" count="4" type="stmt"/>
      </file>
      <file name="tag.entity.ts" path="/Users/dvir/claude/trader/backend/src/journal/tag.entity.ts">
        <metrics statements="6" coveredstatements="6" conditionals="2" coveredconditionals="1" methods="0" coveredmethods="0"/>
        <line num="13" count="13" type="stmt"/>
        <line num="15" count="13" type="stmt"/>
        <line num="16" count="13" type="stmt"/>
        <line num="23" count="13" type="stmt"/>
        <line num="26" count="13" type="stmt"/>
        <line num="29" count="13" type="cond" truecount="1" falsecount="1"/>
      </file>
    </package>
    <package name="src.llm">
      <metrics statements="327" coveredstatements="317" conditionals="253" coveredconditionals="191" methods="74" coveredmethods="71"/>
      <file name="ai-summary.entity.ts" path="/Users/dvir/claude/trader/backend/src/llm/ai-summary.entity.ts">
        <metrics statements="9" coveredstatements="9" conditionals="4" coveredconditionals="2" methods="0" coveredmethods="0"/>
        <line num="16" count="13" type="stmt"/>
        <line num="17" count="13" type="stmt"/>
        <line num="18" count="13" type="stmt"/>
        <line num="26" count="13" type="stmt"/>
        <line num="34" count="13" type="stmt"/>
        <line num="38" count="13" type="stmt"/>
        <line num="42" count="13" type="stmt"/>
        <line num="46" count="13" type="cond" truecount="1" falsecount="1"/>
        <line num="49" count="13" type="cond" truecount="1" falsecount="1"/>
      </file>
      <file name="ai-summary.service.ts" path="/Users/dvir/claude/trader/backend/src/llm/ai-summary.service.ts">
        <metrics statements="23" coveredstatements="20" conditionals="8" coveredconditionals="6" methods="9" coveredmethods="8"/>
        <line num="41" count="13" type="stmt"/>
        <line num="44" count="5" type="stmt"/>
        <line num="45" count="5" type="cond" truecount="2" falsecount="0"/>
        <line num="51" count="10" type="stmt"/>
        <line num="70" count="13" type="stmt"/>
        <line num="73" count="19" type="stmt"/>
        <line num="74" count="19" type="stmt"/>
        <line num="78" count="8" type="stmt"/>
        <line num="79" count="8" type="stmt"/>
        <line num="89" count="8" type="stmt"/>
        <line num="93" count="5" type="stmt"/>
        <line num="98" count="5" type="stmt"/>
        <line num="105" count="5" type="stmt"/>
        <line num="121" count="0" type="stmt"/>
        <line num="122" count="0" type="stmt"/>
        <line num="129" count="0" type="cond" truecount="0" falsecount="2"/>
        <line num="133" count="6" type="stmt"/>
        <line num="134" count="6" type="stmt"/>
        <line num="135" count="6" type="cond" truecount="2" falsecount="0"/>
        <line num="136" count="2" type="stmt"/>
        <line num="140" count="4" type="stmt"/>
        <line num="141" count="4" type="stmt"/>
        <line num="142" count="4" type="cond" truecount="2" falsecount="0"/>
      </file>
      <file name="llm.client.ts" path="/Users/dvir/claude/trader/backend/src/llm/llm.client.ts">
        <metrics statements="48" coveredstatements="46" conditionals="36" coveredconditionals="32" methods="10" coveredmethods="9"/>
        <line num="57" count="15" type="stmt"/>
        <line num="58" count="15" type="stmt"/>
        <line num="59" count="15" type="stmt"/>
        <line num="63" count="13" type="stmt"/>
        <line num="67" count="22" type="cond" truecount="2" falsecount="0"/>
        <line num="68" count="20" type="cond" truecount="6" falsecount="1"/>
        <line num="70" count="11" type="stmt"/>
        <line num="72" count="4" type="stmt"/>
        <line num="77" count="5" type="stmt"/>
        <line num="79" count="0" type="stmt"/>
        <line num="82" count="2" type="stmt"/>
        <line num="94" count="13" type="stmt"/>
        <line num="112" count="15" type="cond" truecount="2" falsecount="0"/>
        <line num="113" count="15" type="cond" truecount="2" falsecount="0"/>
        <line num="114" count="15" type="cond" truecount="2" falsecount="0"/>
        <line num="116" count="15" type="stmt"/>
        <line num="117" count="26" type="stmt"/>
        <line num="118" count="26" type="stmt"/>
        <line num="120" count="22" type="stmt"/>
        <line num="121" count="22" type="cond" truecount="4" falsecount="0"/>
        <line num="122" count="11" type="cond" truecount="1" falsecount="1"/>
        <line num="123" count="11" type="stmt"/>
        <line num="125" count="11" type="stmt"/>
        <line num="137" count="13" type="stmt"/>
        <line num="138" count="13" type="stmt"/>
        <line num="139" count="13" type="stmt"/>
        <line num="140" count="13" type="stmt"/>
        <line num="141" count="13" type="cond" truecount="1" falsecount="1"/>
        <line num="142" count="13" type="cond" truecount="2" falsecount="0"/>
        <line num="143" count="13" type="stmt"/>
        <line num="149" count="5" type="cond" truecount="2" falsecount="0"/>
        <line num="153" count="0" type="stmt"/>
        <line num="157" count="4" type="cond" truecount="2" falsecount="0"/>
        <line num="158" count="1" type="stmt"/>
        <line num="161" count="3" type="stmt"/>
        <line num="162" count="3" type="stmt"/>
        <line num="163" count="4" type="stmt"/>
        <line num="164" count="4" type="stmt"/>
        <line num="165" count="4" type="stmt"/>
        <line num="176" count="3" type="stmt"/>
        <line num="177" count="3" type="cond" truecount="2" falsecount="0"/>
        <line num="178" count="1" type="stmt"/>
        <line num="180" count="2" type="stmt"/>
        <line num="185" count="2" type="stmt"/>
        <line num="186" count="2" type="stmt"/>
        <line num="195" count="4" type="cond" truecount="2" falsecount="0"/>
        <line num="196" count="3" type="stmt"/>
        <line num="198" count="4" type="stmt"/>
      </file>
      <file name="llm.controller.ts" path="/Users/dvir/claude/trader/backend/src/llm/llm.controller.ts">
        <metrics statements="16" coveredstatements="16" conditionals="0" coveredconditionals="0" methods="9" coveredmethods="9"/>
        <line num="26" count="11" type="stmt"/>
        <line num="27" count="11" type="stmt"/>
        <line num="29" count="15" type="stmt"/>
        <line num="30" count="15" type="stmt"/>
        <line num="31" count="15" type="stmt"/>
        <line num="32" count="15" type="stmt"/>
        <line num="37" count="12" type="stmt"/>
        <line num="42" count="4" type="stmt"/>
        <line num="47" count="2" type="stmt"/>
        <line num="52" count="2" type="stmt"/>
        <line num="53" count="1" type="stmt"/>
        <line num="58" count="2" type="stmt"/>
        <line num="63" count="3" type="stmt"/>
        <line num="68" count="2" type="stmt"/>
        <line num="73" count="2" type="stmt"/>
        <line num="74" count="1" type="stmt"/>
      </file>
      <file name="llm.module.ts" path="/Users/dvir/claude/trader/backend/src/llm/llm.module.ts">
        <metrics statements="2" coveredstatements="2" conditionals="0" coveredconditionals="0" methods="0" coveredmethods="0"/>
        <line num="16" count="10" type="stmt"/>
        <line num="33" count="10" type="stmt"/>
      </file>
      <file name="llm.service.ts" path="/Users/dvir/claude/trader/backend/src/llm/llm.service.ts">
        <metrics statements="31" coveredstatements="30" conditionals="12" coveredconditionals="8" methods="5" coveredmethods="5"/>
        <line num="17" count="12" type="stmt"/>
        <line num="40" count="12" type="stmt"/>
        <line num="47" count="12" type="stmt"/>
        <line num="48" count="12" type="stmt"/>
        <line num="49" count="21" type="stmt"/>
        <line num="52" count="21" type="stmt"/>
        <line num="53" count="21" type="stmt"/>
        <line num="54" count="21" type="stmt"/>
        <line num="55" count="21" type="stmt"/>
        <line num="59" count="1" type="stmt"/>
        <line num="67" count="10" type="cond" truecount="2" falsecount="0"/>
        <line num="68" count="2" type="stmt"/>
        <line num="78" count="8" type="stmt"/>
        <line num="85" count="8" type="cond" truecount="1" falsecount="1"/>
        <line num="86" count="10" type="stmt"/>
        <line num="88" count="8" type="stmt"/>
        <line num="111" count="10" type="stmt"/>
        <line num="112" count="8" type="stmt"/>
        <line num="113" count="8" type="stmt"/>
        <line num="114" count="8" type="stmt"/>
        <line num="123" count="8" type="stmt"/>
        <line num="125" count="8" type="stmt"/>
        <line num="126" count="8" type="stmt"/>
        <line num="131" count="4" type="stmt"/>
        <line num="138" count="4" type="stmt"/>
        <line num="153" count="4" type="cond" truecount="2" falsecount="0"/>
        <line num="154" count="4" type="stmt"/>
        <line num="155" count="4" type="stmt"/>
        <line num="167" count="8" type="stmt"/>
        <line num="168" count="8" type="stmt"/>
        <line num="172" count="0" type="stmt"/>
      </file>
      <file name="portfolio-context.ts" path="/Users/dvir/claude/trader/backend/src/llm/portfolio-context.ts">
        <metrics statements="68" coveredstatements="66" conditionals="92" coveredconditionals="64" methods="11" coveredmethods="10"/>
        <line num="100" count="22" type="stmt"/>
        <line num="101" count="22" type="stmt"/>
        <line num="103" count="22" type="stmt"/>
        <line num="104" count="22" type="stmt"/>
        <line num="106" count="22" type="stmt"/>
        <line num="107" count="22" type="stmt"/>
        <line num="108" count="22" type="stmt"/>
        <line num="111" count="22" type="stmt"/>
        <line num="113" count="22" type="stmt"/>
        <line num="114" count="30" type="cond" truecount="1" falsecount="1"/>
        <line num="117" count="22" type="stmt"/>
        <line num="118" count="22" type="cond" truecount="2" falsecount="0"/>
        <line num="119" count="21" type="stmt"/>
        <line num="123" count="22" type="cond" truecount="1" falsecount="1"/>
        <line num="124" count="0" type="stmt"/>
        <line num="126" count="22" type="stmt"/>
        <line num="128" count="22" type="stmt"/>
        <line num="129" count="22" type="stmt"/>
        <line num="130" count="22" type="stmt"/>
        <line num="131" count="22" type="stmt"/>
        <line num="137" count="22" type="stmt"/>
        <line num="139" count="22" type="stmt"/>
        <line num="140" count="8" type="cond" truecount="2" falsecount="2"/>
        <line num="146" count="22" type="stmt"/>
        <line num="147" count="22" type="stmt"/>
        <line num="148" count="22" type="stmt"/>
        <line num="149" count="30" type="cond" truecount="2" falsecount="0"/>
        <line num="151" count="30" type="cond" truecount="4" falsecount="0"/>
        <line num="154" count="30" type="stmt"/>
        <line num="169" count="22" type="cond" truecount="1" falsecount="1"/>
        <line num="170" count="25" type="cond" truecount="1" falsecount="1"/>
        <line num="171" count="22" type="cond" truecount="2" falsecount="0"/>
        <line num="172" count="21" type="stmt"/>
        <line num="177" count="22" type="stmt"/>
        <line num="179" count="22" type="stmt"/>
        <line num="180" count="22" type="cond" truecount="2" falsecount="0"/>
        <line num="181" count="1" type="stmt"/>
        <line num="182" count="2" type="cond" truecount="1" falsecount="1"/>
        <line num="183" count="1" type="stmt"/>
        <line num="184" count="0" type="cond" truecount="0" falsecount="4"/>
        <line num="186" count="1" type="stmt"/>
        <line num="194" count="1" type="stmt"/>
        <line num="197" count="22" type="stmt"/>
        <line num="198" count="22" type="stmt"/>
        <line num="199" count="22" type="stmt"/>
        <line num="202" count="22" type="stmt"/>
        <line num="207" count="22" type="stmt"/>
        <line num="210" count="22" type="stmt"/>
        <line num="216" count="22" type="stmt"/>
        <line num="218" count="22" type="stmt"/>
        <line num="219" count="22" type="cond" truecount="2" falsecount="0"/>
        <line num="220" count="21" type="stmt"/>
        <line num="221" count="21" type="stmt"/>
        <line num="224" count="21" type="stmt"/>
        <line num="231" count="21" type="stmt"/>
        <line num="239" count="1" type="stmt"/>
        <line num="242" count="22" type="stmt"/>
        <line num="252" count="259" type="stmt"/>
        <line num="253" count="259" type="stmt"/>
        <line num="259" count="259" type="cond" truecount="2" falsecount="0"/>
        <line num="260" count="256" type="cond" truecount="2" falsecount="0"/>
        <line num="269" count="62" type="stmt"/>
        <line num="278" count="164" type="stmt"/>
        <line num="279" count="164" type="stmt"/>
        <line num="280" count="164" type="cond" truecount="2" falsecount="0"/>
        <line num="281" count="143" type="cond" truecount="2" falsecount="0"/>
        <line num="285" count="31" type="stmt"/>
        <line num="286" count="31" type="cond" truecount="1" falsecount="1"/>
      </file>
      <file name="prompts.ts" path="/Users/dvir/claude/trader/backend/src/llm/prompts.ts">
        <metrics statements="6" coveredstatements="6" conditionals="7" coveredconditionals="7" methods="2" coveredmethods="2"/>
        <line num="13" count="13" type="stmt"/>
        <line num="60" count="13" type="stmt"/>
        <line num="73" count="22" type="cond" truecount="4" falsecount="0"/>
        <line num="76" count="22" type="stmt"/>
        <line num="91" count="10" type="cond" truecount="2" falsecount="0"/>
        <line num="106" count="10" type="stmt"/>
      </file>
      <file name="trade-idea-context.ts" path="/Users/dvir/claude/trader/backend/src/llm/trade-idea-context.ts">
        <metrics statements="38" coveredstatements="38" conditionals="36" coveredconditionals="29" methods="10" coveredmethods="10"/>
        <line num="48" count="12" type="stmt"/>
        <line num="50" count="12" type="stmt"/>
        <line num="51" count="141" type="cond" truecount="4" falsecount="0"/>
        <line num="59" count="12" type="stmt"/>
        <line num="60" count="14" type="cond" truecount="2" falsecount="0"/>
        <line num="62" count="12" type="stmt"/>
        <line num="63" count="11" type="cond" truecount="1" falsecount="1"/>
        <line num="72" count="16" type="stmt"/>
        <line num="73" count="10" type="stmt"/>
        <line num="76" count="16" type="stmt"/>
        <line num="77" count="12" type="cond" truecount="1" falsecount="1"/>
        <line num="81" count="16" type="stmt"/>
        <line num="98" count="16" type="cond" truecount="2" falsecount="0"/>
        <line num="99" count="2" type="stmt"/>
        <line num="106" count="14" type="stmt"/>
        <line num="109" count="16" type="stmt"/>
        <line num="110" count="16" type="stmt"/>
        <line num="112" count="12" type="cond" truecount="3" falsecount="1"/>
        <line num="115" count="12" type="stmt"/>
        <line num="120" count="16" type="stmt"/>
        <line num="128" count="14" type="stmt"/>
        <line num="129" count="14" type="stmt"/>
        <line num="130" count="12" type="stmt"/>
        <line num="133" count="14" type="stmt"/>
        <line num="134" count="12" type="stmt"/>
        <line num="135" count="4" type="cond" truecount="2" falsecount="2"/>
        <line num="138" count="14" type="stmt"/>
        <line num="149" count="14" type="cond" truecount="2" falsecount="0"/>
        <line num="150" count="1" type="stmt"/>
        <line num="151" count="1" type="stmt"/>
        <line num="152" count="2" type="stmt"/>
        <line num="161" count="13" type="stmt"/>
        <line num="163" count="14" type="stmt"/>
        <line num="165" count="14" type="cond" truecount="2" falsecount="0"/>
        <line num="166" count="4" type="stmt"/>
        <line num="167" count="4" type="stmt"/>
        <line num="168" count="8" type="stmt"/>
        <line num="176" count="14" type="stmt"/>
      </file>
      <file name="trade-idea-history.service.ts" path="/Users/dvir/claude/trader/backend/src/llm/trade-idea-history.service.ts">
        <metrics statements="17" coveredstatements="17" conditionals="6" coveredconditionals="5" methods="7" coveredmethods="7"/>
        <line num="33" count="11" type="stmt"/>
        <line num="36" count="4" type="stmt"/>
        <line num="37" count="4" type="cond" truecount="1" falsecount="1"/>
        <line num="43" count="1" type="stmt"/>
        <line num="68" count="11" type="stmt"/>
        <line num="71" count="11" type="stmt"/>
        <line num="72" count="11" type="stmt"/>
        <line num="76" count="4" type="stmt"/>
        <line num="79" count="4" type="stmt"/>
        <line num="95" count="4" type="stmt"/>
        <line num="108" count="2" type="stmt"/>
        <line num="109" count="2" type="stmt"/>
        <line num="110" count="2" type="cond" truecount="2" falsecount="0"/>
        <line num="111" count="1" type="stmt"/>
        <line num="115" count="2" type="stmt"/>
        <line num="116" count="2" type="stmt"/>
        <line num="117" count="2" type="cond" truecount="2" falsecount="0"/>
      </file>
      <file name="trade-idea-parse.ts" path="/Users/dvir/claude/trader/backend/src/llm/trade-idea-parse.ts">
        <metrics statements="12" coveredstatements="12" conditionals="12" coveredconditionals="12" methods="3" coveredmethods="3"/>
        <line num="24" count="12" type="stmt"/>
        <line num="27" count="24" type="stmt"/>
        <line num="31" count="24" type="cond" truecount="2" falsecount="0"/>
        <line num="32" count="22" type="stmt"/>
        <line num="33" count="22" type="cond" truecount="4" falsecount="0"/>
        <line num="37" count="16" type="stmt"/>
        <line num="38" count="16" type="cond" truecount="2" falsecount="0"/>
        <line num="39" count="12" type="stmt"/>
        <line num="40" count="12" type="stmt"/>
        <line num="41" count="12" type="cond" truecount="4" falsecount="0"/>
        <line num="42" count="9" type="stmt"/>
        <line num="47" count="11" type="stmt"/>
      </file>
      <file name="trade-idea-prompt.ts" path="/Users/dvir/claude/trader/backend/src/llm/trade-idea-prompt.ts">
        <metrics statements="14" coveredstatements="13" conditionals="24" coveredconditionals="12" methods="5" coveredmethods="5"/>
        <line num="22" count="10" type="stmt"/>
        <line num="23" count="10" type="stmt"/>
        <line num="24" count="520" type="stmt"/>
        <line num="30" count="10" type="stmt"/>
        <line num="31" count="70" type="cond" truecount="2" falsecount="2"/>
        <line num="32" count="410" type="cond" truecount="1" falsecount="1"/>
        <line num="34" count="10" type="stmt"/>
        <line num="52" count="10" type="stmt"/>
        <line num="53" count="10" type="cond" truecount="1" falsecount="1"/>
        <line num="54" count="10" type="stmt"/>
        <line num="61" count="100" type="cond" truecount="1" falsecount="1"/>
        <line num="66" count="10" type="cond" truecount="1" falsecount="1"/>
        <line num="67" count="0" type="stmt"/>
        <line num="72" count="10" type="stmt"/>
      </file>
      <file name="trade-idea.entity.ts" path="/Users/dvir/claude/trader/backend/src/llm/trade-idea.entity.ts">
        <metrics statements="13" coveredstatements="13" conditionals="2" coveredconditionals="1" methods="0" coveredmethods="0"/>
        <line num="20" count="11" type="stmt"/>
        <line num="21" count="11" type="stmt"/>
        <line num="22" count="11" type="stmt"/>
        <line num="29" count="11" type="stmt"/>
        <line num="37" count="11" type="stmt"/>
        <line num="41" count="11" type="stmt"/>
        <line num="45" count="11" type="stmt"/>
        <line num="55" count="11" type="stmt"/>
        <line num="65" count="11" type="stmt"/>
        <line num="75" count="11" type="stmt"/>
        <line num="84" count="11" type="stmt"/>
        <line num="88" count="11" type="stmt"/>
        <line num="91" count="11" type="cond" truecount="1" falsecount="1"/>
      </file>
      <file name="trade-idea.service.ts" path="/Users/dvir/claude/trader/backend/src/llm/trade-idea.service.ts">
        <metrics statements="30" coveredstatements="29" conditionals="14" coveredconditionals="13" methods="3" coveredmethods="3"/>
        <line num="24" count="11" type="stmt"/>
        <line num="53" count="11" type="stmt"/>
        <line num="54" count="11" type="stmt"/>
        <line num="57" count="11" type="stmt"/>
        <line num="58" count="11" type="stmt"/>
        <line num="59" count="11" type="stmt"/>
        <line num="61" count="11" type="stmt"/>
        <line num="62" count="11" type="stmt"/>
        <line num="66" count="12" type="stmt"/>
        <line num="71" count="12" type="cond" truecount="2" falsecount="0"/>
        <line num="72" count="1" type="stmt"/>
        <line num="89" count="11" type="stmt"/>
        <line num="94" count="10" type="stmt"/>
        <line num="98" count="10" type="cond" truecount="2" falsecount="0"/>
        <line num="100" count="12" type="stmt"/>
        <line num="101" count="10" type="stmt"/>
        <line num="107" count="10" type="stmt"/>
        <line num="108" count="10" type="stmt"/>
        <line num="111" count="1" type="cond" truecount="1" falsecount="1"/>
        <line num="112" count="1" type="stmt"/>
        <line num="115" count="1" type="stmt"/>
        <line num="128" count="9" type="stmt"/>
        <line num="129" count="9" type="stmt"/>
        <line num="134" count="9" type="cond" truecount="2" falsecount="0"/>
        <line num="147" count="12" type="stmt"/>
        <line num="148" count="9" type="stmt"/>
        <line num="165" count="9" type="stmt"/>
        <line num="180" count="10" type="stmt"/>
        <line num="181" count="10" type="stmt"/>
        <line num="183" count="0" type="stmt"/>
      </file>
    </package>
    <package name="src.market-data">
      <metrics statements="243" coveredstatements="232" conditionals="183" coveredconditionals="158" methods="65" coveredmethods="63"/>
      <file name="daily-close.entity.ts" path="/Users/dvir/claude/trader/backend/src/market-data/daily-close.entity.ts">
        <metrics statements="9" coveredstatements="9" conditionals="0" coveredconditionals="0" methods="0" coveredmethods="0"/>
        <line num="15" count="14" type="stmt"/>
        <line num="17" count="14" type="stmt"/>
        <line num="18" count="14" type="stmt"/>
        <line num="30" count="14" type="stmt"/>
        <line num="37" count="14" type="stmt"/>
        <line num="49" count="14" type="stmt"/>
        <line num="57" count="14" type="stmt"/>
        <line num="65" count="14" type="stmt"/>
        <line num="80" count="14" type="stmt"/>
      </file>
      <file name="history.controller.ts" path="/Users/dvir/claude/trader/backend/src/market-data/history.controller.ts">
        <metrics statements="4" coveredstatements="4" conditionals="2" coveredconditionals="1" methods="2" coveredmethods="2"/>
        <line num="4" count="10" type="cond" truecount="1" falsecount="1"/>
        <line num="5" count="10" type="stmt"/>
        <line num="6" count="11" type="stmt"/>
        <line num="10" count="5" type="stmt"/>
      </file>
      <file name="history.service.ts" path="/Users/dvir/claude/trader/backend/src/market-data/history.service.ts">
        <metrics statements="64" coveredstatements="62" conditionals="23" coveredconditionals="20" methods="11" coveredmethods="11"/>
        <line num="11" count="14" type="stmt"/>
        <line num="18" count="14" type="stmt"/>
        <line num="21" count="14" type="stmt"/>
        <line num="24" count="14" type="stmt"/>
        <line num="25" count="14" type="stmt"/>
        <line num="26" count="14" type="stmt"/>
        <line num="30" count="14" type="stmt"/>
        <line num="32" count="14" type="stmt"/>
        <line num="34" count="14" type="stmt"/>
        <line num="35" count="11" type="stmt"/>
        <line num="36" count="14" type="stmt"/>
        <line num="37" count="14" type="stmt"/>
        <line num="46" count="5" type="stmt"/>
        <line num="51" count="5" type="stmt"/>
        <line num="52" count="4" type="cond" truecount="2" falsecount="2"/>
        <line num="55" count="5" type="cond" truecount="2" falsecount="0"/>
        <line num="61" count="4" type="stmt"/>
        <line num="62" count="4" type="stmt"/>
        <line num="64" count="38" type="stmt"/>
        <line num="65" count="4" type="stmt"/>
        <line num="67" count="4" type="stmt"/>
        <line num="68" count="4" type="stmt"/>
        <line num="70" count="8" type="stmt"/>
        <line num="72" count="4" type="stmt"/>
        <line num="73" count="4" type="stmt"/>
        <line num="75" count="4" type="stmt"/>
        <line num="76" count="12" type="stmt"/>
        <line num="77" count="12" type="stmt"/>
        <line num="78" count="12" type="cond" truecount="4" falsecount="0"/>
        <line num="80" count="2" type="stmt"/>
        <line num="81" count="2" type="stmt"/>
        <line num="84" count="12" type="stmt"/>
        <line num="85" count="12" type="cond" truecount="1" falsecount="1"/>
        <line num="86" count="12" type="stmt"/>
        <line num="87" count="12" type="stmt"/>
        <line num="91" count="4" type="stmt"/>
        <line num="108" count="76" type="stmt"/>
        <line num="111" count="76" type="cond" truecount="2" falsecount="0"/>
        <line num="118" count="75" type="stmt"/>
        <line num="119" count="75" type="stmt"/>
        <line num="121" count="75" type="stmt"/>
        <line num="122" count="75" type="stmt"/>
        <line num="124" count="0" type="stmt"/>
        <line num="146" count="43" type="cond" truecount="2" falsecount="0"/>
        <line num="148" count="5" type="stmt"/>
        <line num="153" count="5" type="stmt"/>
        <line num="158" count="5" type="cond" truecount="4" falsecount="0"/>
        <line num="161" count="1" type="stmt"/>
        <line num="162" count="1" type="stmt"/>
        <line num="167" count="4" type="stmt"/>
        <line num="172" count="4" type="stmt"/>
        <line num="173" count="4" type="stmt"/>
        <line num="175" count="4" type="stmt"/>
        <line num="176" count="4" type="stmt"/>
        <line num="177" count="22" type="stmt"/>
        <line num="180" count="0" type="stmt"/>
        <line num="190" count="109" type="stmt"/>
        <line num="191" count="109" type="stmt"/>
        <line num="192" count="108" type="cond" truecount="2" falsecount="0"/>
        <line num="193" count="34" type="stmt"/>
        <line num="194" count="7861" type="stmt"/>
        <line num="206" count="34" type="stmt"/>
        <line num="211" count="1" type="stmt"/>
        <line num="212" count="1" type="stmt"/>
      </file>
      <file name="indicators.ts" path="/Users/dvir/claude/trader/backend/src/market-data/indicators.ts">
        <metrics statements="37" coveredstatements="37" conditionals="32" coveredconditionals="28" methods="15" coveredmethods="15"/>
        <line num="37" count="12" type="stmt"/>
        <line num="38" count="12" type="stmt"/>
        <line num="39" count="12" type="stmt"/>
        <line num="42" count="60" type="cond" truecount="2" falsecount="0"/>
        <line num="43" count="47" type="stmt"/>
        <line num="44" count="3910" type="stmt"/>
        <line num="48" count="100" type="cond" truecount="4" falsecount="0"/>
        <line num="49" count="85" type="stmt"/>
        <line num="56" count="5504" type="stmt"/>
        <line num="57" count="20" type="stmt"/>
        <line num="59" count="20" type="stmt"/>
        <line num="60" count="20" type="stmt"/>
        <line num="61" count="20" type="stmt"/>
        <line num="63" count="3173" type="stmt"/>
        <line num="64" count="3173" type="stmt"/>
        <line num="65" count="20" type="cond" truecount="2" falsecount="0"/>
        <line num="66" count="20" type="cond" truecount="2" falsecount="0"/>
        <line num="68" count="20" type="stmt"/>
        <line num="70" count="20" type="stmt"/>
        <line num="95" count="20" type="cond" truecount="2" falsecount="0"/>
        <line num="96" count="18" type="stmt"/>
        <line num="97" count="18" type="stmt"/>
        <line num="98" count="252" type="stmt"/>
        <line num="99" count="252" type="stmt"/>
        <line num="100" count="252" type="cond" truecount="3" falsecount="1"/>
        <line num="101" count="252" type="stmt"/>
        <line num="109" count="252" type="stmt"/>
        <line num="114" count="20" type="cond" truecount="2" falsecount="0"/>
        <line num="115" count="17" type="stmt"/>
        <line num="116" count="17" type="cond" truecount="3" falsecount="1"/>
        <line num="117" count="17" type="stmt"/>
        <line num="118" count="17" type="stmt"/>
        <line num="119" count="340" type="stmt"/>
        <line num="120" count="340" type="cond" truecount="2" falsecount="0"/>
        <line num="121" count="17" type="cond" truecount="1" falsecount="1"/>
        <line num="122" count="340" type="stmt"/>
        <line num="123" count="17" type="cond" truecount="1" falsecount="1"/>
      </file>
      <file name="market-data.controller.ts" path="/Users/dvir/claude/trader/backend/src/market-data/market-data.controller.ts">
        <metrics statements="4" coveredstatements="4" conditionals="2" coveredconditionals="1" methods="2" coveredmethods="2"/>
        <line num="4" count="10" type="cond" truecount="1" falsecount="1"/>
        <line num="5" count="10" type="stmt"/>
        <line num="6" count="11" type="stmt"/>
        <line num="10" count="3" type="stmt"/>
      </file>
      <file name="market-data.module.ts" path="/Users/dvir/claude/trader/backend/src/market-data/market-data.module.ts">
        <metrics statements="4" coveredstatements="4" conditionals="0" coveredconditionals="0" methods="2" coveredmethods="2"/>
        <line num="14" count="10" type="stmt"/>
        <line num="19" count="33" type="stmt"/>
        <line num="29" count="11" type="stmt"/>
        <line num="36" count="10" type="stmt"/>
      </file>
      <file name="market-data.service.ts" path="/Users/dvir/claude/trader/backend/src/market-data/market-data.service.ts">
        <metrics statements="36" coveredstatements="33" conditionals="23" coveredconditionals="20" methods="5" coveredmethods="5"/>
        <line num="26" count="15" type="stmt"/>
        <line num="28" count="15" type="cond" truecount="1" falsecount="1"/>
        <line num="29" count="15" type="stmt"/>
        <line num="30" count="23" type="stmt"/>
        <line num="35" count="23" type="stmt"/>
        <line num="36" count="23" type="stmt"/>
        <line num="44" count="28" type="stmt"/>
        <line num="45" count="28" type="stmt"/>
        <line num="46" count="28" type="cond" truecount="5" falsecount="0"/>
        <line num="47" count="2" type="stmt"/>
        <line num="49" count="26" type="stmt"/>
        <line num="50" count="26" type="stmt"/>
        <line num="51" count="24" type="cond" truecount="2" falsecount="0"/>
        <line num="52" count="18" type="stmt"/>
        <line num="55" count="2" type="cond" truecount="2" falsecount="0"/>
        <line num="63" count="53" type="stmt"/>
        <line num="64" count="53" type="stmt"/>
        <line num="65" count="53" type="stmt"/>
        <line num="67" count="53" type="stmt"/>
        <line num="68" count="35" type="stmt"/>
        <line num="69" count="35" type="cond" truecount="5" falsecount="0"/>
        <line num="70" count="23" type="stmt"/>
        <line num="72" count="12" type="stmt"/>
        <line num="75" count="53" type="cond" truecount="2" falsecount="0"/>
        <line num="77" count="10" type="stmt"/>
        <line num="78" count="10" type="stmt"/>
        <line num="79" count="11" type="stmt"/>
        <line num="80" count="11" type="stmt"/>
        <line num="83" count="0" type="stmt"/>
        <line num="84" count="0" type="stmt"/>
        <line num="85" count="0" type="cond" truecount="0" falsecount="2"/>
        <line num="88" count="10" type="stmt"/>
        <line num="92" count="29" type="stmt"/>
        <line num="93" count="29" type="stmt"/>
        <line num="104" count="29" type="stmt"/>
        <line num="105" count="29" type="stmt"/>
      </file>
      <file name="price-action.ts" path="/Users/dvir/claude/trader/backend/src/market-data/price-action.ts">
        <metrics statements="16" coveredstatements="16" conditionals="22" coveredconditionals="20" methods="8" coveredmethods="8"/>
        <line num="42" count="12" type="stmt"/>
        <line num="43" count="12" type="stmt"/>
        <line num="46" count="161" type="stmt"/>
        <line num="58" count="91" type="stmt"/>
        <line num="59" count="18" type="cond" truecount="1" falsecount="1"/>
        <line num="63" count="91" type="stmt"/>
        <line num="64" count="18" type="cond" truecount="1" falsecount="1"/>
        <line num="68" count="19" type="cond" truecount="2" falsecount="0"/>
        <line num="70" count="18" type="stmt"/>
        <line num="71" count="18" type="cond" truecount="2" falsecount="0"/>
        <line num="76" count="19" type="cond" truecount="4" falsecount="0"/>
        <line num="80" count="19" type="stmt"/>
        <line num="81" count="19" type="cond" truecount="2" falsecount="0"/>
        <line num="83" count="19" type="stmt"/>
        <line num="92" count="91" type="cond" truecount="2" falsecount="0"/>
        <line num="93" count="91" type="cond" truecount="2" falsecount="0"/>
      </file>
      <file name="select-price.ts" path="/Users/dvir/claude/trader/backend/src/market-data/select-price.ts">
        <metrics statements="21" coveredstatements="21" conditionals="29" coveredconditionals="29" methods="4" coveredmethods="4"/>
        <line num="28" count="18" type="stmt"/>
        <line num="30" count="18" type="cond" truecount="4" falsecount="0"/>
        <line num="31" count="2" type="stmt"/>
        <line num="33" count="16" type="cond" truecount="4" falsecount="0"/>
        <line num="34" count="3" type="stmt"/>
        <line num="42" count="13" type="cond" truecount="4" falsecount="0"/>
        <line num="43" count="1" type="stmt"/>
        <line num="47" count="12" type="cond" truecount="2" falsecount="0"/>
        <line num="48" count="10" type="stmt"/>
        <line num="50" count="2" type="stmt"/>
        <line num="54" count="24" type="cond" truecount="3" falsecount="0"/>
        <line num="58" count="18" type="cond" truecount="8" falsecount="0"/>
        <line num="61" count="2" type="stmt"/>
        <line num="63" count="6" type="stmt"/>
        <line num="66" count="6" type="stmt"/>
        <line num="68" count="4" type="stmt"/>
        <line num="74" count="4" type="cond" truecount="4" falsecount="0"/>
        <line num="76" count="1" type="stmt"/>
        <line num="78" count="1" type="stmt"/>
        <line num="80" count="1" type="stmt"/>
        <line num="82" count="1" type="stmt"/>
      </file>
      <file name="ticker-facts.service.ts" path="/Users/dvir/claude/trader/backend/src/market-data/ticker-facts.service.ts">
        <metrics statements="14" coveredstatements="12" conditionals="6" coveredconditionals="4" methods="2" coveredmethods="2"/>
        <line num="11" count="11" type="stmt"/>
        <line num="36" count="11" type="cond" truecount="1" falsecount="1"/>
        <line num="37" count="11" type="stmt"/>
        <line num="38" count="11" type="stmt"/>
        <line num="41" count="14" type="stmt"/>
        <line num="44" count="14" type="stmt"/>
        <line num="45" count="14" type="stmt"/>
        <line num="50" count="0" type="stmt"/>
        <line num="54" count="14" type="cond" truecount="2" falsecount="0"/>
        <line num="56" count="12" type="stmt"/>
        <line num="58" count="12" type="stmt"/>
        <line num="59" count="12" type="stmt"/>
        <line num="68" count="0" type="stmt"/>
        <line num="73" count="12" type="stmt"/>
      </file>
      <file name="trading-day.ts" path="/Users/dvir/claude/trader/backend/src/market-data/trading-day.ts">
        <metrics statements="13" coveredstatements="13" conditionals="6" coveredconditionals="6" methods="5" coveredmethods="5"/>
        <line num="15" count="15" type="stmt"/>
        <line num="21" count="14" type="stmt"/>
        <line num="32" count="28" type="stmt"/>
        <line num="36" count="5" type="stmt"/>
        <line num="37" count="5" type="stmt"/>
        <line num="38" count="5" type="stmt"/>
        <line num="56" count="10" type="stmt"/>
        <line num="57" count="10" type="cond" truecount="2" falsecount="0"/>
        <line num="58" count="5" type="stmt"/>
        <line num="60" count="10" type="stmt"/>
        <line num="77" count="11" type="cond" truecount="2" falsecount="0"/>
        <line num="79" count="6" type="cond" truecount="2" falsecount="0"/>
        <line num="80" count="11" type="stmt"/>
      </file>
      <file name="yahoo.client.ts" path="/Users/dvir/claude/trader/backend/src/market-data/yahoo.client.ts">
        <metrics statements="21" coveredstatements="17" conditionals="38" coveredconditionals="29" methods="9" coveredmethods="7"/>
        <line num="56" count="16" type="stmt"/>
        <line num="65" count="7" type="cond" truecount="1" falsecount="1"/>
        <line num="70" count="3" type="stmt"/>
        <line num="71" count="3" type="stmt"/>
        <line num="79" count="4" type="stmt"/>
        <line num="84" count="4" type="cond" truecount="1" falsecount="1"/>
        <line num="94" count="4" type="stmt"/>
        <line num="95" count="12" type="cond" truecount="4" falsecount="0"/>
        <line num="97" count="4" type="stmt"/>
        <line num="99" count="4" type="stmt"/>
        <line num="100" count="4" type="cond" truecount="4" falsecount="0"/>
        <line num="101" count="3" type="stmt"/>
        <line num="118" count="4" type="stmt"/>
        <line num="122" count="0" type="cond" truecount="0" falsecount="2"/>
        <line num="123" count="0" type="stmt"/>
        <line num="124" count="0" type="cond" truecount="0" falsecount="2"/>
        <line num="125" count="0" type="stmt"/>
        <line num="130" count="3" type="cond" truecount="3" falsecount="1"/>
        <line num="131" count="3" type="stmt"/>
        <line num="132" count="3" type="cond" truecount="1" falsecount="1"/>
        <line num="133" count="3" type="stmt"/>
      </file>
    </package>
    <package name="src.performance">
      <metrics statements="109" coveredstatements="63" conditionals="79" coveredconditionals="22" methods="32" coveredmethods="17"/>
      <file name="performance.controller.ts" path="/Users/dvir/claude/trader/backend/src/performance/performance.controller.ts">
        <metrics statements="6" coveredstatements="4" conditionals="4" coveredconditionals="1" methods="2" coveredmethods="1"/>
        <line num="4" count="10" type="stmt"/>
        <line num="6" count="10" type="cond" truecount="1" falsecount="1"/>
        <line num="7" count="10" type="stmt"/>
        <line num="8" count="11" type="stmt"/>
        <line num="12" count="0" type="cond" truecount="0" falsecount="2"/>
        <line num="13" count="0" type="stmt"/>
      </file>
      <file name="performance.module.ts" path="/Users/dvir/claude/trader/backend/src/performance/performance.module.ts">
        <metrics statements="2" coveredstatements="2" conditionals="0" coveredconditionals="0" methods="0" coveredmethods="0"/>
        <line num="12" count="10" type="stmt"/>
        <line num="27" count="10" type="stmt"/>
      </file>
      <file name="performance.service.ts" path="/Users/dvir/claude/trader/backend/src/performance/performance.service.ts">
        <metrics statements="51" coveredstatements="7" conditionals="51" coveredconditionals="0" methods="14" coveredmethods="1"/>
        <line num="20" count="12" type="stmt"/>
        <line num="23" count="11" type="stmt"/>
        <line num="25" count="11" type="stmt"/>
        <line num="27" count="11" type="stmt"/>
        <line num="29" count="11" type="stmt"/>
        <line num="31" count="11" type="stmt"/>
        <line num="32" count="11" type="stmt"/>
        <line num="36" count="0" type="stmt"/>
        <line num="38" count="0" type="stmt"/>
        <line num="46" count="0" type="cond" truecount="0" falsecount="4"/>
        <line num="47" count="0" type="stmt"/>
        <line num="50" count="0" type="stmt"/>
        <line num="54" count="0" type="stmt"/>
        <line num="55" count="0" type="stmt"/>
        <line num="56" count="0" type="stmt"/>
        <line num="57" count="0" type="stmt"/>
        <line num="58" count="0" type="cond" truecount="0" falsecount="2"/>
        <line num="59" count="0" type="cond" truecount="0" falsecount="2"/>
        <line num="60" count="0" type="cond" truecount="0" falsecount="2"/>
        <line num="61" count="0" type="stmt"/>
        <line num="62" count="0" type="stmt"/>
        <line num="67" count="0" type="cond" truecount="0" falsecount="2"/>
        <line num="68" count="0" type="stmt"/>
        <line num="70" count="0" type="stmt"/>
        <line num="71" count="0" type="stmt"/>
        <line num="72" count="0" type="stmt"/>
        <line num="74" count="0" type="stmt"/>
        <line num="77" count="0" type="cond" truecount="0" falsecount="2"/>
        <line num="78" count="0" type="stmt"/>
        <line num="80" count="0" type="stmt"/>
        <line num="83" count="0" type="stmt"/>
        <line num="91" count="0" type="stmt"/>
        <line num="96" count="0" type="stmt"/>
        <line num="103" count="0" type="stmt"/>
        <line num="104" count="0" type="stmt"/>
        <line num="105" count="0" type="stmt"/>
        <line num="109" count="0" type="stmt"/>
        <line num="116" count="0" type="stmt"/>
        <line num="117" count="0" type="stmt"/>
        <line num="141" count="0" type="cond" truecount="0" falsecount="6"/>
        <line num="142" count="0" type="stmt"/>
        <line num="143" count="0" type="cond" truecount="0" falsecount="2"/>
        <line num="144" count="0" type="cond" truecount="0" falsecount="2"/>
        <line num="145" count="0" type="stmt"/>
        <line num="146" count="0" type="stmt"/>
        <line num="147" count="0" type="stmt"/>
        <line num="149" count="0" type="cond" truecount="0" falsecount="4"/>
        <line num="150" count="0" type="stmt"/>
        <line num="151" count="0" type="stmt"/>
        <line num="152" count="0" type="stmt"/>
        <line num="156" count="0" type="stmt"/>
      </file>
      <file name="series.ts" path="/Users/dvir/claude/trader/backend/src/performance/series.ts">
        <metrics statements="50" coveredstatements="50" conditionals="24" coveredconditionals="21" methods="16" coveredmethods="15"/>
        <line num="32" count="27" type="stmt"/>
        <line num="54" count="7" type="stmt"/>
        <line num="55" count="7" type="stmt"/>
        <line num="57" count="7" type="stmt"/>
        <line num="58" count="19" type="stmt"/>
        <line num="60" count="11" type="stmt"/>
        <line num="61" count="11" type="stmt"/>
        <line num="62" count="11" type="stmt"/>
        <line num="64" count="11" type="stmt"/>
        <line num="66" count="11" type="stmt"/>
        <line num="67" count="11" type="stmt"/>
        <line num="68" count="9" type="cond" truecount="1" falsecount="1"/>
        <line num="69" count="9" type="stmt"/>
        <line num="70" count="9" type="cond" truecount="2" falsecount="0"/>
        <line num="73" count="9" type="cond" truecount="2" falsecount="0"/>
        <line num="74" count="9" type="cond" truecount="2" falsecount="0"/>
        <line num="75" count="7" type="stmt"/>
        <line num="82" count="2" type="stmt"/>
        <line num="83" count="2" type="stmt"/>
        <line num="87" count="11" type="stmt"/>
        <line num="88" count="8" type="stmt"/>
        <line num="90" count="5" type="cond" truecount="1" falsecount="1"/>
        <line num="94" count="11" type="stmt"/>
        <line num="101" count="7" type="stmt"/>
        <line num="113" count="9" type="stmt"/>
        <line num="114" count="9" type="stmt"/>
        <line num="116" count="9" type="stmt"/>
        <line num="117" count="18" type="cond" truecount="2" falsecount="0"/>
        <line num="120" count="8" type="stmt"/>
        <line num="121" count="8" type="stmt"/>
        <line num="123" count="10" type="stmt"/>
        <line num="124" count="10" type="cond" truecount="2" falsecount="0"/>
        <line num="125" count="9" type="stmt"/>
        <line num="129" count="10" type="stmt"/>
        <line num="132" count="9" type="stmt"/>
        <line num="137" count="3" type="cond" truecount="2" falsecount="0"/>
        <line num="138" count="2" type="stmt"/>
        <line num="139" count="2" type="cond" truecount="1" falsecount="1"/>
        <line num="140" count="4" type="stmt"/>
        <line num="151" count="3" type="stmt"/>
        <line num="152" count="3" type="stmt"/>
        <line num="153" count="3" type="stmt"/>
        <line num="155" count="3" type="stmt"/>
        <line num="156" count="6" type="cond" truecount="2" falsecount="0"/>
        <line num="157" count="6" type="cond" truecount="2" falsecount="0"/>
        <line num="158" count="5" type="stmt"/>
        <line num="159" count="5" type="cond" truecount="2" falsecount="0"/>
        <line num="161" count="5" type="stmt"/>
        <line num="163" count="3" type="stmt"/>
        <line num="167" count="41" type="stmt"/>
      </file>
    </package>
    <package name="src.portfolio">
      <metrics statements="524" coveredstatements="492" conditionals="417" coveredconditionals="369" methods="149" coveredmethods="141"/>
      <file name="derive-trades.ts" path="/Users/dvir/claude/trader/backend/src/portfolio/derive-trades.ts">
        <metrics statements="131" coveredstatements="130" conditionals="107" coveredconditionals="103" methods="47" coveredmethods="47"/>
        <line num="49" count="28" type="stmt"/>
        <line num="67" count="65" type="cond" truecount="2" falsecount="0"/>
        <line num="68" count="35" type="stmt"/>
        <line num="69" count="35" type="stmt"/>
        <line num="70" count="29" type="cond" truecount="2" falsecount="0"/>
        <line num="71" count="21" type="stmt"/>
        <line num="81" count="3" type="cond" truecount="2" falsecount="0"/>
        <line num="82" count="3" type="stmt"/>
        <line num="83" count="3" type="stmt"/>
        <line num="98" count="62" type="cond" truecount="2" falsecount="0"/>
        <line num="99" count="32" type="stmt"/>
        <line num="100" count="22" type="stmt"/>
        <line num="101" count="32" type="stmt"/>
        <line num="102" count="25" type="stmt"/>
        <line num="113" count="62" type="cond" truecount="2" falsecount="0"/>
        <line num="114" count="32" type="stmt"/>
        <line num="115" count="32" type="stmt"/>
        <line num="116" count="25" type="cond" truecount="2" falsecount="0"/>
        <line num="119" count="21" type="stmt"/>
        <line num="149" count="14" type="stmt"/>
        <line num="159" count="21" type="cond" truecount="4" falsecount="0"/>
        <line num="160" count="18" type="stmt"/>
        <line num="162" count="3" type="stmt"/>
        <line num="179" count="4" type="stmt"/>
        <line num="180" count="4" type="stmt"/>
        <line num="181" count="5" type="stmt"/>
        <line num="182" count="5" type="cond" truecount="2" falsecount="0"/>
        <line num="183" count="4" type="cond" truecount="4" falsecount="0"/>
        <line num="185" count="4" type="cond" truecount="2" falsecount="0"/>
        <line num="244" count="79" type="cond" truecount="2" falsecount="0"/>
        <line num="245" count="79" type="stmt"/>
        <line num="246" count="2" type="stmt"/>
        <line num="249" count="79" type="stmt"/>
        <line num="251" count="79" type="stmt"/>
        <line num="252" count="49" type="cond" truecount="4" falsecount="0"/>
        <line num="253" count="6" type="stmt"/>
        <line num="254" count="7" type="stmt"/>
        <line num="263" count="6" type="cond" truecount="2" falsecount="0"/>
        <line num="264" count="3" type="stmt"/>
        <line num="266" count="6" type="stmt"/>
        <line num="269" count="43" type="cond" truecount="2" falsecount="0"/>
        <line num="270" count="1" type="stmt"/>
        <line num="274" count="42" type="cond" truecount="2" falsecount="0"/>
        <line num="276" count="35" type="stmt"/>
        <line num="277" count="35" type="stmt"/>
        <line num="278" count="40" type="stmt"/>
        <line num="279" count="34" type="stmt"/>
        <line num="280" count="34" type="stmt"/>
        <line num="281" count="40" type="cond" truecount="2" falsecount="0"/>
        <line num="283" count="20" type="stmt"/>
        <line num="284" count="8" type="stmt"/>
        <line num="285" count="8" type="stmt"/>
        <line num="286" count="8" type="cond" truecount="3" falsecount="1"/>
        <line num="287" count="8" type="cond" truecount="2" falsecount="0"/>
        <line num="288" count="7" type="cond" truecount="2" falsecount="0"/>
        <line num="289" count="6" type="cond" truecount="1" falsecount="1"/>
        <line num="290" count="0" type="stmt"/>
        <line num="293" count="20" type="stmt"/>
        <line num="294" count="20" type="stmt"/>
        <line num="295" count="20" type="stmt"/>
        <line num="296" count="20" type="stmt"/>
        <line num="300" count="79" type="stmt"/>
        <line num="375" count="14" type="stmt"/>
        <line num="405" count="88" type="stmt"/>
        <line num="406" count="88" type="stmt"/>
        <line num="407" count="96" type="cond" truecount="2" falsecount="0"/>
        <line num="410" count="88" type="stmt"/>
        <line num="412" count="88" type="stmt"/>
        <line num="413" count="59" type="stmt"/>
        <line num="415" count="59" type="stmt"/>
        <line num="417" count="59" type="stmt"/>
        <line num="418" count="96" type="cond" truecount="2" falsecount="0"/>
        <line num="420" count="96" type="cond" truecount="2" falsecount="0"/>
        <line num="421" count="62" type="stmt"/>
        <line num="434" count="62" type="stmt"/>
        <line num="443" count="62" type="stmt"/>
        <line num="446" count="34" type="stmt"/>
        <line num="455" count="34" type="stmt"/>
        <line num="456" count="34" type="stmt"/>
        <line num="457" count="34" type="cond" truecount="2" falsecount="0"/>
        <line num="458" count="2" type="stmt"/>
        <line num="459" count="2" type="stmt"/>
        <line num="461" count="32" type="stmt"/>
        <line num="462" count="32" type="stmt"/>
        <line num="464" count="34" type="stmt"/>
        <line num="466" count="34" type="cond" truecount="2" falsecount="0"/>
        <line num="467" count="25" type="stmt"/>
        <line num="468" count="25" type="stmt"/>
        <line num="472" count="59" type="cond" truecount="2" falsecount="0"/>
        <line num="473" count="37" type="stmt"/>
        <line num="477" count="88" type="stmt"/>
        <line num="485" count="62" type="stmt"/>
        <line num="487" count="62" type="cond" truecount="2" falsecount="0"/>
        <line num="489" count="62" type="stmt"/>
        <line num="490" count="62" type="cond" truecount="4" falsecount="0"/>
        <line num="492" count="25" type="cond" truecount="2" falsecount="0"/>
        <line num="495" count="25" type="stmt"/>
        <line num="504" count="62" type="stmt"/>
        <line num="512" count="62" type="cond" truecount="2" falsecount="0"/>
        <line num="513" count="62" type="stmt"/>
        <line num="514" count="96" type="stmt"/>
        <line num="515" count="32" type="stmt"/>
        <line num="528" count="62" type="stmt"/>
        <line num="535" count="62" type="stmt"/>
        <line num="542" count="62" type="stmt"/>
        <line num="599" count="24" type="cond" truecount="2" falsecount="0"/>
        <line num="600" count="22" type="stmt"/>
        <line num="601" count="22" type="stmt"/>
        <line num="602" count="22" type="stmt"/>
        <line num="612" count="22" type="stmt"/>
        <line num="613" count="24" type="cond" truecount="2" falsecount="0"/>
        <line num="616" count="22" type="stmt"/>
        <line num="617" count="110" type="cond" truecount="2" falsecount="0"/>
        <line num="619" count="22" type="stmt"/>
        <line num="621" count="24" type="stmt"/>
        <line num="623" count="13" type="stmt"/>
        <line num="625" count="8" type="stmt"/>
        <line num="626" count="8" type="stmt"/>
        <line num="628" count="21" type="stmt"/>
        <line num="629" count="7" type="stmt"/>
        <line num="635" count="359" type="stmt"/>
        <line num="649" count="14" type="stmt"/>
        <line num="669" count="17" type="cond" truecount="2" falsecount="0"/>
        <line num="670" count="16" type="stmt"/>
        <line num="671" count="16" type="stmt"/>
[...]
        <line num="582" count="6" type="cond" truecount="2" falsecount="0"/>
        <line num="587" count="7" type="cond" truecount="2" falsecount="0"/>
        <line num="589" count="6" type="stmt"/>
        <line num="592" count="6" type="cond" truecount="1" falsecount="1"/>
        <line num="594" count="6" type="stmt"/>
        <line num="595" count="6" type="stmt"/>
        <line num="603" count="6" type="stmt"/>
        <line num="609" count="6" type="stmt"/>
        <line num="610" count="1" type="stmt"/>
        <line num="619" count="6" type="stmt"/>
        <line num="620" count="6" type="cond" truecount="2" falsecount="0"/>
        <line num="621" count="7" type="stmt"/>
        <line num="622" count="1" type="cond" truecount="2" falsecount="1"/>
        <line num="624" count="7" type="cond" truecount="3" falsecount="1"/>
        <line num="628" count="7" type="stmt"/>
        <line num="629" count="1" type="cond" truecount="2" falsecount="2"/>
        <line num="633" count="7" type="cond" truecount="2" falsecount="0"/>
        <line num="635" count="6" type="cond" truecount="3" falsecount="0"/>
        <line num="638" count="7" type="stmt"/>
        <line num="653" count="6" type="stmt"/>
        <line num="669" count="1" type="stmt"/>
        <line num="693" count="3" type="stmt"/>
        <line num="694" count="3" type="cond" truecount="1" falsecount="1"/>
        <line num="696" count="3" type="stmt"/>
        <line num="697" count="3" type="stmt"/>
        <line num="700" count="3" type="cond" truecount="2" falsecount="0"/>
        <line num="705" count="2" type="stmt"/>
        <line num="708" count="2" type="stmt"/>
        <line num="709" count="2" type="stmt"/>
        <line num="711" count="2" type="cond" truecount="1" falsecount="1"/>
        <line num="721" count="2" type="cond" truecount="2" falsecount="0"/>
        <line num="722" count="1" type="stmt"/>
        <line num="725" count="1" type="cond" truecount="1" falsecount="1"/>
        <line num="726" count="1" type="stmt"/>
        <line num="732" count="1" type="stmt"/>
        <line num="733" count="1" type="stmt"/>
        <line num="737" count="16" type="stmt"/>
        <line num="738" count="16" type="stmt"/>
        <line num="747" count="14" type="stmt"/>
        <line num="748" count="14" type="cond" truecount="2" falsecount="0"/>
        <line num="749" count="1" type="stmt"/>
        <line num="756" count="13" type="stmt"/>
        <line num="757" count="15" type="stmt"/>
        <line num="763" count="11" type="stmt"/>
        <line num="778" count="11" type="stmt"/>
        <line num="779" count="12" type="stmt"/>
        <line num="782" count="11" type="stmt"/>
        <line num="788" count="11" type="cond" truecount="1" falsecount="1"/>
        <line num="789" count="11" type="stmt"/>
        <line num="801" count="11" type="stmt"/>
        <line num="802" count="12" type="stmt"/>
        <line num="816" count="11" type="stmt"/>
        <line num="820" count="0" type="stmt"/>
        <line num="821" count="0" type="stmt"/>
        <line num="822" count="0" type="stmt"/>
        <line num="823" count="0" type="stmt"/>
        <line num="824" count="0" type="stmt"/>
        <line num="830" count="43" type="stmt"/>
      </file>
      <file name="relative-volume.ts" path="/Users/dvir/claude/trader/backend/src/portfolio/relative-volume.ts">
        <metrics statements="18" coveredstatements="17" conditionals="13" coveredconditionals="12" methods="7" coveredmethods="7"/>
        <line num="30" count="13" type="stmt"/>
        <line num="37" count="13" type="stmt"/>
        <line num="57" count="181" type="stmt"/>
        <line num="58" count="191" type="stmt"/>
        <line num="59" count="17" type="cond" truecount="2" falsecount="0"/>
        <line num="61" count="9" type="stmt"/>
        <line num="62" count="9" type="cond" truecount="4" falsecount="0"/>
        <line num="64" count="7" type="stmt"/>
        <line num="65" count="7" type="stmt"/>
        <line num="66" count="121" type="stmt"/>
        <line num="67" count="121" type="cond" truecount="2" falsecount="0"/>
        <line num="69" count="7" type="cond" truecount="2" falsecount="0"/>
        <line num="70" count="2" type="stmt"/>
        <line num="74" count="82" type="stmt"/>
        <line num="75" count="5" type="cond" truecount="1" falsecount="1"/>
        <line num="76" count="0" type="stmt"/>
        <line num="79" count="5" type="stmt"/>
        <line num="87" count="10" type="stmt"/>
      </file>
      <file name="risk.ts" path="/Users/dvir/claude/trader/backend/src/portfolio/risk.ts">
        <metrics statements="74" coveredstatements="72" conditionals="84" coveredconditionals="82" methods="8" coveredmethods="8"/>
        <line num="29" count="16" type="stmt"/>
        <line num="56" count="44" type="stmt"/>
        <line num="57" count="44" type="cond" truecount="5" falsecount="0"/>
        <line num="58" count="31" type="stmt"/>
        <line num="60" count="13" type="cond" truecount="2" falsecount="0"/>
        <line num="65" count="12" type="cond" truecount="4" falsecount="0"/>
        <line num="66" count="8" type="cond" truecount="2" falsecount="0"/>
        <line num="70" count="1" type="stmt"/>
        <line num="93" count="14" type="cond" truecount="2" falsecount="0"/>
        <line num="94" count="13" type="cond" truecount="4" falsecount="0"/>
        <line num="95" count="13" type="cond" truecount="2" falsecount="0"/>
        <line num="96" count="10" type="cond" truecount="2" falsecount="0"/>
        <line num="122" count="167" type="cond" truecount="2" falsecount="0"/>
        <line num="123" count="167" type="stmt"/>
        <line num="124" count="167" type="stmt"/>
        <line num="126" count="167" type="stmt"/>
        <line num="127" count="167" type="stmt"/>
        <line num="128" count="167" type="stmt"/>
        <line num="130" count="167" type="stmt"/>
        <line num="131" count="91" type="cond" truecount="2" falsecount="0"/>
        <line num="132" count="1" type="stmt"/>
        <line num="133" count="1" type="stmt"/>
        <line num="136" count="90" type="stmt"/>
        <line num="138" count="90" type="cond" truecount="5" falsecount="0"/>
        <line num="139" count="76" type="cond" truecount="2" falsecount="0"/>
        <line num="144" count="76" type="stmt"/>
        <line num="145" count="14" type="cond" truecount="2" falsecount="0"/>
        <line num="150" count="12" type="stmt"/>
        <line num="153" count="90" type="cond" truecount="2" falsecount="0"/>
        <line num="154" count="2" type="stmt"/>
        <line num="155" count="2" type="stmt"/>
        <line num="158" count="88" type="stmt"/>
        <line num="159" count="88" type="stmt"/>
        <line num="162" count="167" type="stmt"/>
        <line num="163" count="167" type="stmt"/>
        <line num="173" count="167" type="cond" truecount="4" falsecount="0"/>
        <line num="175" count="167" type="stmt"/>
        <line num="230" count="14" type="cond" truecount="2" falsecount="0"/>
        <line num="231" count="14" type="stmt"/>
        <line num="232" count="14" type="stmt"/>
        <line num="234" count="14" type="stmt"/>
        <line num="235" count="14" type="stmt"/>
        <line num="236" count="14" type="stmt"/>
        <line num="238" count="14" type="stmt"/>
        <line num="239" count="16" type="cond" truecount="1" falsecount="1"/>
        <line num="240" count="0" type="stmt"/>
        <line num="241" count="0" type="stmt"/>
        <line num="244" count="16" type="stmt"/>
        <line num="251" count="16" type="cond" truecount="2" falsecount="0"/>
        <line num="252" count="2" type="stmt"/>
        <line num="253" count="2" type="stmt"/>
        <line num="257" count="14" type="cond" truecount="2" falsecount="0"/>
        <line num="261" count="16" type="stmt"/>
        <line num="262" count="16" type="stmt"/>
        <line num="265" count="14" type="stmt"/>
        <line num="266" count="14" type="stmt"/>
        <line num="271" count="14" type="cond" truecount="4" falsecount="0"/>
        <line num="273" count="14" type="stmt"/>
        <line num="345" count="18" type="stmt"/>
        <line num="346" count="18" type="stmt"/>
        <line num="347" count="21" type="cond" truecount="1" falsecount="1"/>
        <line num="351" count="18" type="cond" truecount="2" falsecount="0"/>
        <line num="352" count="1" type="stmt"/>
        <line num="359" count="17" type="cond" truecount="2" falsecount="0"/>
        <line num="360" count="3" type="stmt"/>
        <line num="369" count="14" type="cond" truecount="2" falsecount="0"/>
        <line num="370" count="18" type="cond" truecount="2" falsecount="0"/>
        <line num="371" count="2" type="stmt"/>
        <line num="379" count="12" type="cond" truecount="2" falsecount="0"/>
        <line num="380" count="3" type="stmt"/>
        <line num="388" count="9" type="cond" truecount="2" falsecount="0"/>
        <line num="389" count="1" type="stmt"/>
        <line num="397" count="8" type="stmt"/>
        <line num="406" count="262" type="stmt"/>
      </file>
      <file name="stop-distance.ts" path="/Users/dvir/claude/trader/backend/src/portfolio/stop-distance.ts">
        <metrics statements="14" coveredstatements="14" conditionals="10" coveredconditionals="10" methods="2" coveredmethods="2"/>
        <line num="64" count="13" type="stmt"/>
        <line num="80" count="57" type="stmt"/>
        <line num="82" count="57" type="stmt"/>
        <line num="83" count="36" type="cond" truecount="4" falsecount="0"/>
        <line num="84" count="35" type="stmt"/>
        <line num="86" count="35" type="stmt"/>
        <line num="87" count="18" type="cond" truecount="2" falsecount="0"/>
        <line num="88" count="17" type="stmt"/>
        <line num="94" count="17" type="cond" truecount="2" falsecount="0"/>
        <line num="98" count="16" type="cond" truecount="2" falsecount="0"/>
        <line num="101" count="18" type="stmt"/>
        <line num="103" count="18" type="stmt"/>
        <line num="119" count="57" type="stmt"/>
        <line num="123" count="48" type="stmt"/>
      </file>
      <file name="trade-risk.ts" path="/Users/dvir/claude/trader/backend/src/portfolio/trade-risk.ts">
        <metrics statements="12" coveredstatements="12" conditionals="25" coveredconditionals="24" methods="2" coveredmethods="2"/>
        <line num="42" count="12" type="stmt"/>
        <line num="45" count="19" type="stmt"/>
        <line num="46" count="19" type="cond" truecount="5" falsecount="0"/>
        <line num="52" count="17" type="cond" truecount="2" falsecount="0"/>
        <line num="53" count="19" type="cond" truecount="2" falsecount="0"/>
        <line num="54" count="19" type="cond" truecount="4" falsecount="0"/>
        <line num="56" count="14" type="stmt"/>
        <line num="57" count="14" type="stmt"/>
        <line num="58" count="14" type="cond" truecount="1" falsecount="1"/>
        <line num="63" count="14" type="cond" truecount="4" falsecount="0"/>
        <line num="67" count="19" type="stmt"/>
        <line num="79" count="50" type="stmt"/>
      </file>
      <file name="trade-window.ts" path="/Users/dvir/claude/trader/backend/src/portfolio/trade-window.ts">
        <metrics statements="17" coveredstatements="17" conditionals="9" coveredconditionals="9" methods="5" coveredmethods="5"/>
        <line num="11" count="25" type="stmt"/>
        <line num="18" count="16" type="stmt"/>
        <line num="19" count="16" type="cond" truecount="2" falsecount="0"/>
        <line num="20" count="13" type="stmt"/>
        <line num="21" count="13" type="stmt"/>
        <line num="22" count="13" type="cond" truecount="4" falsecount="0"/>
        <line num="23" count="12" type="stmt"/>
        <line num="27" count="13" type="stmt"/>
        <line num="31" count="8" type="stmt"/>
        <line num="35" count="11" type="stmt"/>
        <line num="51" count="8" type="stmt"/>
        <line num="53" count="8" type="stmt"/>
        <line num="54" count="8" type="stmt"/>
        <line num="56" count="8" type="cond" truecount="2" falsecount="0"/>
        <line num="58" count="3" type="stmt"/>
        <line num="59" count="3" type="stmt"/>
        <line num="60" count="3" type="stmt"/>
      </file>
    </package>
    <package name="src.transactions">
      <metrics statements="35" coveredstatements="35" conditionals="8" coveredconditionals="4" methods="1" coveredmethods="0"/>
      <file name="cash-flow.entity.ts" path="/Users/dvir/claude/trader/backend/src/transactions/cash-flow.entity.ts">
        <metrics statements="6" coveredstatements="6" conditionals="2" coveredconditionals="1" methods="0" coveredmethods="0"/>
        <line num="17" count="13" type="stmt"/>
        <line num="18" count="13" type="stmt"/>
        <line num="19" count="13" type="stmt"/>
        <line num="30" count="13" type="stmt"/>
        <line num="34" count="13" type="stmt"/>
        <line num="45" count="13" type="cond" truecount="1" falsecount="1"/>
      </file>
      <file name="dividend.entity.ts" path="/Users/dvir/claude/trader/backend/src/transactions/dividend.entity.ts">
        <metrics statements="5" coveredstatements="5" conditionals="2" coveredconditionals="1" methods="0" coveredmethods="0"/>
        <line num="19" count="13" type="stmt"/>
        <line num="20" count="13" type="stmt"/>
        <line num="21" count="13" type="stmt"/>
        <line num="38" count="13" type="stmt"/>
        <line num="49" count="13" type="cond" truecount="1" falsecount="1"/>
      </file>
      <file name="stop-execution.entity.ts" path="/Users/dvir/claude/trader/backend/src/transactions/stop-execution.entity.ts">
        <metrics statements="5" coveredstatements="5" conditionals="2" coveredconditionals="1" methods="1" coveredmethods="0"/>
        <line num="13" count="13" type="stmt"/>
        <line num="14" count="13" type="stmt"/>
        <line num="15" count="13" type="stmt"/>
        <line num="27" count="13" type="stmt"/>
        <line num="30" count="13" type="cond" truecount="1" falsecount="1"/>
      </file>
      <file name="stop-level.entity.ts" path="/Users/dvir/claude/trader/backend/src/transactions/stop-level.entity.ts">
        <metrics statements="9" coveredstatements="9" conditionals="0" coveredconditionals="0" methods="0" coveredmethods="0"/>
        <line num="21" count="13" type="stmt"/>
        <line num="22" count="13" type="stmt"/>
        <line num="23" count="13" type="stmt"/>
        <line num="30" count="13" type="stmt"/>
        <line num="34" count="13" type="stmt"/>
        <line num="43" count="13" type="stmt"/>
        <line num="52" count="13" type="stmt"/>
        <line num="59" count="13" type="stmt"/>
        <line num="85" count="13" type="stmt"/>
      </file>
      <file name="transaction.entity.ts" path="/Users/dvir/claude/trader/backend/src/transactions/transaction.entity.ts">
        <metrics statements="10" coveredstatements="10" conditionals="2" coveredconditionals="1" methods="0" coveredmethods="0"/>
        <line num="12" count="14" type="stmt"/>
        <line num="13" count="14" type="stmt"/>
        <line num="14" count="14" type="stmt"/>
        <line num="29" count="14" type="stmt"/>
        <line num="37" count="14" type="stmt"/>
        <line num="41" count="14" type="stmt"/>
        <line num="48" count="14" type="stmt"/>
        <line num="55" count="14" type="stmt"/>
        <line num="68" count="14" type="stmt"/>
        <line num="80" count="14" type="cond" truecount="1" falsecount="1"/>
      </file>
    </package>
    <package name="src.users">
      <metrics statements="25" coveredstatements="17" conditionals="6" coveredconditionals="4" methods="7" coveredmethods="3"/>
      <file name="user.entity.ts" path="/Users/dvir/claude/trader/backend/src/users/user.entity.ts">
        <metrics statements="6" coveredstatements="6" conditionals="2" coveredconditionals="1" methods="0" coveredmethods="0"/>
        <line num="9" count="14" type="stmt"/>
        <line num="10" count="14" type="stmt"/>
        <line num="11" count="14" type="stmt"/>
        <line num="14" count="14" type="stmt"/>
        <line num="17" count="14" type="stmt"/>
        <line num="25" count="14" type="cond" truecount="1" falsecount="1"/>
      </file>
      <file name="users.controller.ts" path="/Users/dvir/claude/trader/backend/src/users/users.controller.ts">
        <metrics statements="6" coveredstatements="4" conditionals="2" coveredconditionals="1" methods="3" coveredmethods="1"/>
        <line num="6" count="10" type="stmt"/>
        <line num="10" count="10" type="cond" truecount="1" falsecount="1"/>
        <line num="11" count="10" type="stmt"/>
        <line num="12" count="11" type="stmt"/>
        <line num="16" count="0" type="stmt"/>
        <line num="21" count="0" type="stmt"/>
      </file>
      <file name="users.module.ts" path="/Users/dvir/claude/trader/backend/src/users/users.module.ts">
        <metrics statements="2" coveredstatements="2" conditionals="0" coveredconditionals="0" methods="0" coveredmethods="0"/>
        <line num="7" count="10" type="stmt"/>
        <line num="13" count="10" type="stmt"/>
      </file>
      <file name="users.service.ts" path="/Users/dvir/claude/trader/backend/src/users/users.service.ts">
        <metrics statements="11" coveredstatements="5" conditionals="2" coveredconditionals="2" methods="4" coveredmethods="2"/>
        <line num="7" count="14" type="stmt"/>
        <line num="9" count="11" type="stmt"/>
        <line num="17" count="343" type="stmt"/>
        <line num="21" count="343" type="cond" truecount="2" falsecount="0"/>
        <line num="22" count="1" type="stmt"/>
        <line num="26" count="0" type="stmt"/>
        <line num="27" count="0" type="stmt"/>
        <line num="31" count="0" type="stmt"/>
        <line num="32" count="0" type="stmt"/>
        <line num="33" count="0" type="stmt"/>
        <line num="34" count="0" type="stmt"/>
      </file>
    </package>
    <package name="test">
      <metrics statements="22" coveredstatements="22" conditionals="12" coveredconditionals="10" methods="12" coveredmethods="12"/>
      <file name="http.ts" path="/Users/dvir/claude/trader/backend/test/http.ts">
        <metrics statements="6" coveredstatements="6" conditionals="0" coveredconditionals="0" methods="4" coveredmethods="4"/>
        <line num="4" count="9" type="stmt"/>
        <line num="12" count="10" type="stmt"/>
        <line num="16" count="10" type="stmt"/>
        <line num="27" count="664" type="stmt"/>
        <line num="28" count="166" type="stmt"/>
        <line num="31" count="166" type="stmt"/>
      </file>
      <file name="yahoo-stub.ts" path="/Users/dvir/claude/trader/backend/test/yahoo-stub.ts">
        <metrics statements="16" coveredstatements="16" conditionals="12" coveredconditionals="10" methods="8" coveredmethods="8"/>
        <line num="15" count="8" type="stmt"/>
        <line num="50" count="15" type="stmt"/>
        <line num="51" count="3900" type="stmt"/>
        <line num="52" count="3900" type="stmt"/>
        <line num="72" count="8" type="stmt"/>
        <line num="75" count="21" type="stmt"/>
        <line num="76" count="21" type="cond" truecount="2" falsecount="0"/>
        <line num="77" count="16" type="cond" truecount="2" falsecount="0"/>
        <line num="78" count="21" type="stmt"/>
        <line num="99" count="8" type="stmt"/>
        <line num="100" count="16" type="stmt"/>
        <line num="102" count="5" type="stmt"/>
        <line num="110" count="89" type="cond" truecount="2" falsecount="0"/>
        <line num="111" count="15" type="stmt"/>
        <line num="112" count="15" type="cond" truecount="1" falsecount="1"/>
        <line num="113" count="15" type="cond" truecount="1" falsecount="1"/>
      </file>
    </package>
  </project>
</coverage>
