{"/Users/dvir/claude/trader/backend/src/app.module.ts": {"path":"/Users/dvir/claude/trader/backend/src/app.module.ts","statementMap":{"0":{"start":{"line":41,"column":7},"end":{"line":41,"column":null}},"1":{"start":{"line":14,"column":1},"end":{"line":40,"column":null}},"2":{"start":{"line":18,"column":25},"end":{"line":29,"column":null}}},"fnMap":{"0":{"name":"(anonymous_0)","decl":{"start":{"line":18,"column":6},"end":{"line":18,"column":25}},"loc":{"start":{"line":18,"column":25},"end":{"line":29,"column":null}},"line":18}},"branchMap":{"0":{"loc":{"start":{"line":21,"column":18},"end":{"line":22,"column":null}},"type":"cond-expr","locations":[{"start":{"line":22,"column":44},"end":{"line":22,"column":60}},{"start":{"line":22,"column":60},"end":{"line":22,"column":null}}],"line":21}},"s":{"0":10,"1":10,"2":11},"f":{"0":11},"b":{"0":[11,0]},"meta":{"lastBranch":1,"lastFunction":1,"lastStatement":3,"seen":{"s:41:7:41:Infinity":0,"s:14:1:40:Infinity":1,"f:18:6:18:25":0,"s:18:25:29:Infinity":2,"b:22:44:22:60:22:60:22:Infinity":0},"fnNames":{}}}
,"/Users/dvir/claude/trader/backend/src/auth/auth.controller.ts": {"path":"/Users/dvir/claude/trader/backend/src/auth/auth.controller.ts","statementMap":{"0":{"start":{"line":7,"column":7},"end":{"line":15,"column":null}},"1":{"start":{"line":8,"column":31},"end":{"line":8,"column":50}},"2":{"start":{"line":13,"column":4},"end":{"line":13,"column":null}},"3":{"start":{"line":6,"column":1},"end":{"line":6,"column":null}}},"fnMap":{"0":{"name":"constructor","decl":{"start":{"line":8,"column":2},"end":{"line":8,"column":14}},"loc":{"start":{"line":8,"column":50},"end":{"line":8,"column":null}},"line":8},"1":{"name":"login","decl":{"start":{"line":10,"column":2},"end":{"line":10,"column":3}},"loc":{"start":{"line":12,"column":31},"end":{"line":14,"column":null}},"line":12}},"branchMap":{"0":{"loc":{"start":{"line":6,"column":18},"end":{"line":6,"column":null}},"type":"cond-expr","locations":[{"start":{"line":6,"column":18},"end":{"line":6,"column":null}},{"start":{"line":6,"column":18},"end":{"line":6,"column":null}}],"line":6}},"s":{"0":10,"1":11,"2":12,"3":10},"f":{"0":11,"1":12},"b":{"0":[0,10]},"meta":{"lastBranch":1,"lastFunction":2,"lastStatement":4,"seen":{"s:7:7:15:Infinity":0,"f:8:2:8:14":0,"s:8:31:8:50":1,"f:10:2:10:3":1,"s:13:4:13:Infinity":2,"s:6:1:6:Infinity":3,"b:6:18:6:Infinity:6:18:6:Infinity":0},"fnNames":{}}}
,"/Users/dvir/claude/trader/backend/src/auth/auth.module.ts": {"path":"/Users/dvir/claude/trader/backend/src/auth/auth.module.ts","statementMap":{"0":{"start":{"line":27,"column":7},"end":{"line":27,"column":null}},"1":{"start":{"line":8,"column":1},"end":{"line":26,"column":null}},"2":{"start":{"line":12,"column":23},"end":{"line":12,"column":null}},"3":{"start":{"line":13,"column":8},"end":{"line":15,"column":null}},"4":{"start":{"line":14,"column":10},"end":{"line":14,"column":null}},"5":{"start":{"line":16,"column":8},"end":{"line":19,"column":null}}},"fnMap":{"0":{"name":"(anonymous_0)","decl":{"start":{"line":11,"column":6},"end":{"line":11,"column":24}},"loc":{"start":{"line":11,"column":24},"end":{"line":20,"column":null}},"line":11}},"branchMap":{"0":{"loc":{"start":{"line":13,"column":8},"end":{"line":15,"column":null}},"type":"if","locations":[{"start":{"line":13,"column":8},"end":{"line":15,"column":null}},{"start":{},"end":{}}],"line":13},"1":{"loc":{"start":{"line":13,"column":12},"end":{"line":13,"column":62}},"type":"binary-expr","locations":[{"start":{"line":13,"column":12},"end":{"line":13,"column":48}},{"start":{"line":13,"column":13},"end":{"line":13,"column":62}}],"line":13},"2":{"loc":{"start":{"line":17,"column":18},"end":{"line":17,"column":null}},"type":"binary-expr","locations":[{"start":{"line":17,"column":18},"end":{"line":17,"column":28}},{"start":{"line":17,"column":28},"end":{"line":17,"column":null}}],"line":17}},"s":{"0":10,"1":10,"2":11,"3":11,"4":0,"5":11},"f":{"0":11},"b":{"0":[0,11],"1":[11,11],"2":[11,11]},"meta":{"lastBranch":3,"lastFunction":1,"lastStatement":6,"seen":{"s:27:7:27:Infinity":0,"s:8:1:26:Infinity":1,"f:11:6:11:24":0,"s:12:23:12:Infinity":2,"b:13:8:15:Infinity:undefined:undefined:undefined:undefined":0,"s:13:8:15:Infinity":3,"b:13:12:13:48:13:13:13:62":1,"s:14:10:14:Infinity":4,"s:16:8:19:Infinity":5,"b:17:18:17:28:17:28:17:Infinity":2},"fnNames":{}}}
,"/Users/dvir/claude/trader/backend/src/auth/auth.service.ts": {"path":"/Users/dvir/claude/trader/backend/src/auth/auth.service.ts","statementMap":{"0":{"start":{"line":6,"column":7},"end":{"line":16,"column":null}},"1":{"start":{"line":7,"column":31},"end":{"line":7,"column":48}},"2":{"start":{"line":10,"column":17},"end":{"line":10,"column":null}},"3":{"start":{"line":11,"column":4},"end":{"line":13,"column":null}},"4":{"start":{"line":12,"column":6},"end":{"line":12,"column":null}},"5":{"start":{"line":14,"column":4},"end":{"line":14,"column":null}},"6":{"start":{"line":5,"column":1},"end":{"line":5,"column":null}}},"fnMap":{"0":{"name":"constructor","decl":{"start":{"line":7,"column":2},"end":{"line":7,"column":14}},"loc":{"start":{"line":7,"column":48},"end":{"line":7,"column":null}},"line":7},"1":{"name":"login","decl":{"start":{"line":9,"column":8},"end":{"line":9,"column":14}},"loc":{"start":{"line":9,"column":66},"end":{"line":15,"column":null}},"line":9}},"branchMap":{"0":{"loc":{"start":{"line":11,"column":4},"end":{"line":13,"column":null}},"type":"if","locations":[{"start":{"line":11,"column":4},"end":{"line":13,"column":null}},{"start":{},"end":{}}],"line":11},"1":{"loc":{"start":{"line":11,"column":8},"end":{"line":11,"column":51}},"type":"binary-expr","locations":[{"start":{"line":11,"column":8},"end":{"line":11,"column":17}},{"start":{"line":11,"column":17},"end":{"line":11,"column":51}}],"line":11},"2":{"loc":{"start":{"line":5,"column":12},"end":{"line":5,"column":null}},"type":"cond-expr","locations":[{"start":{"line":5,"column":12},"end":{"line":5,"column":null}},{"start":{"line":5,"column":12},"end":{"line":5,"column":null}}],"line":5}},"s":{"0":10,"1":11,"2":12,"3":12,"4":1,"5":11,"6":10},"f":{"0":11,"1":12},"b":{"0":[1,11],"1":[12,12],"2":[0,10]},"meta":{"lastBranch":3,"lastFunction":2,"lastStatement":7,"seen":{"s:6:7:16:Infinity":0,"f:7:2:7:14":0,"s:7:31:7:48":1,"f:9:8:9:14":1,"s:10:17:10:Infinity":2,"b:11:4:13:Infinity:undefined:undefined:undefined:undefined":0,"s:11:4:13:Infinity":3,"b:11:8:11:17:11:17:11:51":1,"s:12:6:12:Infinity":4,"s:14:4:14:Infinity":5,"s:5:1:5:Infinity":6,"b:5:12:5:Infinity:5:12:5:Infinity":2},"fnNames":{}}}
,"/Users/dvir/claude/trader/backend/src/auth/jwt-auth.guard.ts": {"path":"/Users/dvir/claude/trader/backend/src/auth/jwt-auth.guard.ts","statementMap":{"0":{"start":{"line":12,"column":7},"end":{"line":37,"column":null}},"1":{"start":{"line":14,"column":21},"end":{"line":14,"column":null}},"2":{"start":{"line":15,"column":21},"end":{"line":15,"column":null}},"3":{"start":{"line":19,"column":21},"end":{"line":22,"column":null}},"4":{"start":{"line":23,"column":4},"end":{"line":23,"column":null}},"5":{"start":{"line":23,"column":18},"end":{"line":23,"column":null}},"6":{"start":{"line":25,"column":16},"end":{"line":25,"column":null}},"7":{"start":{"line":26,"column":19},"end":{"line":26,"column":null}},"8":{"start":{"line":27,"column":18},"end":{"line":27,"column":null}},"9":{"start":{"line":28,"column":4},"end":{"line":28,"column":null}},"10":{"start":{"line":28,"column":16},"end":{"line":28,"column":null}},"11":{"start":{"line":30,"column":4},"end":{"line":35,"column":null}},"12":{"start":{"line":31,"column":6},"end":{"line":31,"column":null}},"13":{"start":{"line":32,"column":6},"end":{"line":32,"column":null}},"14":{"start":{"line":34,"column":6},"end":{"line":34,"column":null}},"15":{"start":{"line":11,"column":1},"end":{"line":11,"column":null}}},"fnMap":{"0":{"name":"constructor","decl":{"start":{"line":13,"column":2},"end":{"line":13,"column":null}},"loc":{"start":{"line":16,"column":4},"end":{"line":16,"column":null}},"line":16},"1":{"name":"canActivate","decl":{"start":{"line":18,"column":8},"end":{"line":18,"column":20}},"loc":{"start":{"line":18,"column":65},"end":{"line":36,"column":null}},"line":18}},"branchMap":{"0":{"loc":{"start":{"line":23,"column":4},"end":{"line":23,"column":null}},"type":"if","locations":[{"start":{"line":23,"column":4},"end":{"line":23,"column":null}},{"start":{},"end":{}}],"line":23},"1":{"loc":{"start":{"line":27,"column":18},"end":{"line":27,"column":null}},"type":"cond-expr","locations":[{"start":{"line":27,"column":50},"end":{"line":27,"column":68}},{"start":{"line":27,"column":68},"end":{"line":27,"column":null}}],"line":27},"2":{"loc":{"start":{"line":28,"column":4},"end":{"line":28,"column":null}},"type":"if","locations":[{"start":{"line":28,"column":4},"end":{"line":28,"column":null}},{"start":{},"end":{}}],"line":28},"3":{"loc":{"start":{"line":11,"column":12},"end":{"line":11,"column":null}},"type":"cond-expr","locations":[{"start":{"line":11,"column":12},"end":{"line":11,"column":null}},{"start":{"line":11,"column":12},"end":{"line":11,"column":null}}],"line":11}},"s":{"0":10,"1":11,"2":11,"3":188,"4":188,"5":14,"6":174,"7":174,"8":174,"9":188,"10":8,"11":166,"12":166,"13":165,"14":1,"15":10},"f":{"0":11,"1":188},"b":{"0":[14,174],"1":[166,8],"2":[8,180],"3":[0,20]},"meta":{"lastBranch":4,"lastFunction":2,"lastStatement":16,"seen":{"s:12:7:37:Infinity":0,"f:13:2:13:Infinity":0,"s:14:21:14:Infinity":1,"s:15:21:15:Infinity":2,"f:18:8:18:20":1,"s:19:21:22:Infinity":3,"b:23:4:23:Infinity:undefined:undefined:undefined:undefined":0,"s:23:4:23:Infinity":4,"s:23:18:23:Infinity":5,"s:25:16:25:Infinity":6,"s:26:19:26:Infinity":7,"s:27:18:27:Infinity":8,"b:27:50:27:68:27:68:27:Infinity":1,"b:28:4:28:Infinity:undefined:undefined:undefined:undefined":2,"s:28:4:28:Infinity":9,"s:28:16:28:Infinity":10,"s:30:4:35:Infinity":11,"s:31:6:31:Infinity":12,"s:32:6:32:Infinity":13,"s:34:6:34:Infinity":14,"s:11:1:11:Infinity":15,"b:11:12:11:Infinity:11:12:11:Infinity":3},"fnNames":{}}}
,"/Users/dvir/claude/trader/backend/src/auth/public.decorator.ts": {"path":"/Users/dvir/claude/trader/backend/src/auth/public.decorator.ts","statementMap":{"0":{"start":{"line":3,"column":29},"end":{"line":3,"column":null}},"1":{"start":{"line":4,"column":13},"end":{"line":4,"column":null}},"2":{"start":{"line":4,"column":28},"end":{"line":4,"column":null}}},"fnMap":{"0":{"name":"(anonymous_0)","decl":{"start":{"line":4,"column":13},"end":{"line":4,"column":28}},"loc":{"start":{"line":4,"column":28},"end":{"line":4,"column":null}},"line":4}},"branchMap":{},"s":{"0":10,"1":10,"2":20},"f":{"0":20},"b":{},"meta":{"lastBranch":0,"lastFunction":1,"lastStatement":3,"seen":{"s:3:29:3:Infinity":0,"s:4:13:4:Infinity":1,"f:4:13:4:28":0,"s:4:28:4:Infinity":2},"fnNames":{}}}
,"/Users/dvir/claude/trader/backend/src/auth/dto/login.dto.ts": {"path":"/Users/dvir/claude/trader/backend/src/auth/dto/login.dto.ts","statementMap":{},"fnMap":{},"branchMap":{},"s":{},"f":{},"b":{},"meta":{"lastBranch":0,"lastFunction":0,"lastStatement":0,"seen":{},"fnNames":{}}}
,"/Users/dvir/claude/trader/backend/src/common/numeric.transformer.ts": {"path":"/Users/dvir/claude/trader/backend/src/common/numeric.transformer.ts","statementMap":{"0":{"start":{"line":7,"column":52},"end":{"line":11,"column":null}},"1":{"start":{"line":8,"column":47},"end":{"line":8,"column":null}},"2":{"start":{"line":10,"column":4},"end":{"line":10,"column":null}}},"fnMap":{"0":{"name":"(anonymous_0)","decl":{"start":{"line":8,"column":2},"end":{"line":8,"column":7}},"loc":{"start":{"line":8,"column":47},"end":{"line":8,"column":null}},"line":8},"1":{"name":"(anonymous_1)","decl":{"start":{"line":9,"column":2},"end":{"line":9,"column":9}},"loc":{"start":{"line":10,"column":4},"end":{"line":10,"column":null}},"line":10}},"branchMap":{"0":{"loc":{"start":{"line":10,"column":4},"end":{"line":10,"column":null}},"type":"cond-expr","locations":[{"start":{"line":10,"column":44},"end":{"line":10,"column":51}},{"start":{"line":10,"column":51},"end":{"line":10,"column":null}}],"line":10},"1":{"loc":{"start":{"line":10,"column":4},"end":{"line":10,"column":44}},"type":"binary-expr","locations":[{"start":{"line":10,"column":4},"end":{"line":10,"column":22}},{"start":{"line":10,"column":22},"end":{"line":10,"column":44}}],"line":10}},"s":{"0":15,"1":47576,"2":1843},"f":{"0":47576,"1":1843},"b":{"0":[356,1487],"1":[1843,1487]},"meta":{"lastBranch":2,"lastFunction":2,"lastStatement":3,"seen":{"s:7:52:11:Infinity":0,"f:8:2:8:7":0,"s:8:47:8:Infinity":1,"f:9:2:9:9":1,"s:10:4:10:Infinity":2,"b:10:44:10:51:10:51:10:Infinity":0,"b:10:4:10:22:10:22:10:44":1},"fnNames":{}}}
,"/Users/dvir/claude/trader/backend/src/database/connection-options.ts": {"path":"/Users/dvir/claude/trader/backend/src/database/connection-options.ts","statementMap":{"0":{"start":{"line":27,"column":14},"end":{"line":27,"column":null}},"1":{"start":{"line":28,"column":2},"end":{"line":30,"column":null}},"2":{"start":{"line":29,"column":4},"end":{"line":29,"column":null}},"3":{"start":{"line":31,"column":2},"end":{"line":38,"column":null}},"4":{"start":{"line":35,"column":4},"end":{"line":37,"column":null}},"5":{"start":{"line":39,"column":2},"end":{"line":46,"column":null}}},"fnMap":{"0":{"name":"buildConnectionOptions","decl":{"start":{"line":23,"column":16},"end":{"line":23,"column":null}},"loc":{"start":{"line":26,"column":21},"end":{"line":47,"column":null}},"line":26}},"branchMap":{"0":{"loc":{"start":{"line":28,"column":2},"end":{"line":30,"column":null}},"type":"if","locations":[{"start":{"line":28,"column":2},"end":{"line":30,"column":null}},{"start":{},"end":{}}],"line":28},"1":{"loc":{"start":{"line":28,"column":6},"end":{"line":28,"column":45}},"type":"binary-expr","locations":[{"start":{"line":28,"column":6},"end":{"line":28,"column":26}},{"start":{"line":28,"column":26},"end":{"line":28,"column":45}}],"line":28},"2":{"loc":{"start":{"line":31,"column":2},"end":{"line":38,"column":null}},"type":"if","locations":[{"start":{"line":31,"column":2},"end":{"line":38,"column":null}},{"start":{},"end":{}}],"line":31},"3":{"loc":{"start":{"line":31,"column":6},"end":{"line":31,"column":44}},"type":"binary-expr","locations":[{"start":{"line":31,"column":6},"end":{"line":31,"column":26}},{"start":{"line":31,"column":26},"end":{"line":31,"column":44}}],"line":31},"4":{"loc":{"start":{"line":40,"column":10},"end":{"line":40,"column":null}},"type":"binary-expr","locations":[{"start":{"line":40,"column":10},"end":{"line":40,"column":25}},{"start":{"line":40,"column":25},"end":{"line":40,"column":null}}],"line":40},"5":{"loc":{"start":{"line":41,"column":19},"end":{"line":41,"column":42}},"type":"binary-expr","locations":[{"start":{"line":41,"column":19},"end":{"line":41,"column":34}},{"start":{"line":41,"column":34},"end":{"line":41,"column":42}}],"line":41},"6":{"loc":{"start":{"line":43,"column":14},"end":{"line":43,"column":null}},"type":"binary-expr","locations":[{"start":{"line":43,"column":14},"end":{"line":43,"column":33}},{"start":{"line":43,"column":33},"end":{"line":43,"column":null}}],"line":43},"7":{"loc":{"start":{"line":44,"column":14},"end":{"line":44,"column":null}},"type":"binary-expr","locations":[{"start":{"line":44,"column":14},"end":{"line":44,"column":34}},{"start":{"line":44,"column":34},"end":{"line":44,"column":49}},{"start":{"line":44,"column":49},"end":{"line":44,"column":null}}],"line":44}},"s":{"0":17,"1":17,"2":2,"3":15,"4":1,"5":14},"f":{"0":17},"b":{"0":[2,15],"1":[17,3],"2":[1,14],"3":[15,1],"4":[14,2],"5":[17,2],"6":[17,14],"7":[17,2,1]},"meta":{"lastBranch":8,"lastFunction":1,"lastStatement":6,"seen":{"f:23:16:23:Infinity":0,"s:27:14:27:Infinity":0,"b:28:2:30:Infinity:undefined:undefined:undefined:undefined":0,"s:28:2:30:Infinity":1,"b:28:6:28:26:28:26:28:45":1,"s:29:4:29:Infinity":2,"b:31:2:38:Infinity:undefined:undefined:undefined:undefined":2,"s:31:2:38:Infinity":3,"b:31:6:31:26:31:26:31:44":3,"s:35:4:37:Infinity":4,"s:39:2:46:Infinity":5,"b:40:10:40:25:40:25:40:Infinity":4,"b:41:19:41:34:41:34:41:42":5,"b:43:14:43:33:43:33:43:Infinity":6,"b:44:14:44:34:44:34:44:49:44:49:44:Infinity":7},"fnNames":{}}}
,"/Users/dvir/claude/trader/backend/src/database/ssl.ts": {"path":"/Users/dvir/claude/trader/backend/src/database/ssl.ts","statementMap":{"0":{"start":{"line":13,"column":2},"end":{"line":15,"column":null}},"1":{"start":{"line":14,"column":4},"end":{"line":14,"column":null}},"2":{"start":{"line":16,"column":2},"end":{"line":18,"column":null}},"3":{"start":{"line":17,"column":4},"end":{"line":17,"column":null}},"4":{"start":{"line":19,"column":2},"end":{"line":19,"column":null}}},"fnMap":{"0":{"name":"buildDatabaseSsl","decl":{"start":{"line":12,"column":16},"end":{"line":12,"column":33}},"loc":{"start":{"line":12,"column":70},"end":{"line":20,"column":null}},"line":12}},"branchMap":{"0":{"loc":{"start":{"line":13,"column":2},"end":{"line":15,"column":null}},"type":"if","locations":[{"start":{"line":13,"column":2},"end":{"line":15,"column":null}},{"start":{},"end":{}}],"line":13},"1":{"loc":{"start":{"line":16,"column":2},"end":{"line":18,"column":null}},"type":"if","locations":[{"start":{"line":16,"column":2},"end":{"line":18,"column":null}},{"start":{},"end":{}}],"line":16}},"s":{"0":17,"1":1,"2":16,"3":0,"4":16},"f":{"0":17},"b":{"0":[1,16],"1":[0,16]},"meta":{"lastBranch":2,"lastFunction":1,"lastStatement":5,"seen":{"f:12:16:12:33":0,"b:13:2:15:Infinity:undefined:undefined:undefined:undefined":0,"s:13:2:15:Infinity":0,"s:14:4:14:Infinity":1,"b:16:2:18:Infinity:undefined:undefined:undefined:undefined":1,"s:16:2:18:Infinity":2,"s:17:4:17:Infinity":3,"s:19:2:19:Infinity":4},"fnNames":{}}}
,"/Users/dvir/claude/trader/backend/src/health/health.controller.ts": {"path":"/Users/dvir/claude/trader/backend/src/health/health.controller.ts","statementMap":{"0":{"start":{"line":7,"column":7},"end":{"line":35,"column":null}},"1":{"start":{"line":9,"column":21},"end":{"line":9,"column":null}},"2":{"start":{"line":10,"column":21},"end":{"line":10,"column":null}},"3":{"start":{"line":15,"column":19},"end":{"line":15,"column":null}},"4":{"start":{"line":16,"column":32},"end":{"line":16,"column":null}},"5":{"start":{"line":17,"column":4},"end":{"line":23,"column":null}},"6":{"start":{"line":18,"column":6},"end":{"line":18,"column":null}},"7":{"start":{"line":19,"column":6},"end":{"line":19,"column":null}},"8":{"start":{"line":20,"column":6},"end":{"line":20,"column":null}},"9":{"start":{"line":22,"column":6},"end":{"line":22,"column":null}},"10":{"start":{"line":24,"column":4},"end":{"line":24,"column":null}},"11":{"start":{"line":33,"column":4},"end":{"line":33,"column":null}},"12":{"start":{"line":6,"column":1},"end":{"line":6,"column":null}}},"fnMap":{"0":{"name":"constructor","decl":{"start":{"line":8,"column":2},"end":{"line":8,"column":null}},"loc":{"start":{"line":11,"column":4},"end":{"line":11,"column":null}},"line":11},"1":{"name":"check","decl":{"start":{"line":14,"column":8},"end":{"line":14,"column":16}},"loc":{"start":{"line":14,"column":16},"end":{"line":25,"column":null}},"line":14},"2":{"name":"ping","decl":{"start":{"line":30,"column":2},"end":{"line":30,"column":3}},"loc":{"start":{"line":32,"column":9},"end":{"line":34,"column":null}},"line":32}},"branchMap":{"0":{"loc":{"start":{"line":24,"column":21},"end":{"line":24,"column":60}},"type":"cond-expr","locations":[{"start":{"line":24,"column":41},"end":{"line":24,"column":48}},{"start":{"line":24,"column":48},"end":{"line":24,"column":60}}],"line":24},"1":{"loc":{"start":{"line":6,"column":20},"end":{"line":6,"column":null}},"type":"cond-expr","locations":[{"start":{"line":6,"column":20},"end":{"line":6,"column":null}},{"start":{"line":6,"column":20},"end":{"line":6,"column":null}}],"line":6}},"s":{"0":10,"1":11,"2":11,"3":1,"4":1,"5":1,"6":1,"7":1,"8":1,"9":0,"10":1,"11":2,"12":10},"f":{"0":11,"1":1,"2":2},"b":{"0":[1,0],"1":[0,20]},"meta":{"lastBranch":2,"lastFunction":3,"lastStatement":13,"seen":{"s:7:7:35:Infinity":0,"f:8:2:8:Infinity":0,"s:9:21:9:Infinity":1,"s:10:21:10:Infinity":2,"f:14:8:14:16":1,"s:15:19:15:Infinity":3,"s:16:32:16:Infinity":4,"s:17:4:23:Infinity":5,"s:18:6:18:Infinity":6,"s:19:6:19:Infinity":7,"s:20:6:20:Infinity":8,"s:22:6:22:Infinity":9,"s:24:4:24:Infinity":10,"b:24:41:24:48:24:48:24:60":0,"f:30:2:30:3":2,"s:33:4:33:Infinity":11,"s:6:1:6:Infinity":12,"b:6:20:6:Infinity:6:20:6:Infinity":1},"fnNames":{}}}
,"/Users/dvir/claude/trader/backend/src/health/health.module.ts": {"path":"/Users/dvir/claude/trader/backend/src/health/health.module.ts","statementMap":{"0":{"start":{"line":9,"column":7},"end":{"line":9,"column":null}},"1":{"start":{"line":5,"column":1},"end":{"line":8,"column":null}}},"fnMap":{},"branchMap":{},"s":{"0":10,"1":10},"f":{},"b":{},"meta":{"lastBranch":0,"lastFunction":0,"lastStatement":2,"seen":{"s:9:7:9:Infinity":0,"s:5:1:8:Infinity":1},"fnNames":{}}}
,"/Users/dvir/claude/trader/backend/src/instruments/instrument.entity.ts": {"path":"/Users/dvir/claude/trader/backend/src/instruments/instrument.entity.ts","statementMap":{"0":{"start":{"line":12,"column":7},"end":{"line":32,"column":null}},"1":{"start":{"line":13,"column":3},"end":{"line":13,"column":null}},"2":{"start":{"line":20,"column":3},"end":{"line":20,"column":null}},"3":{"start":{"line":23,"column":3},"end":{"line":23,"column":null}},"4":{"start":{"line":27,"column":3},"end":{"line":27,"column":null}},"5":{"start":{"line":30,"column":3},"end":{"line":30,"column":null}},"6":{"start":{"line":11,"column":1},"end":{"line":11,"column":null}}},"fnMap":{},"branchMap":{"0":{"loc":{"start":{"line":30,"column":20},"end":{"line":30,"column":null}},"type":"cond-expr","locations":[{"start":{"line":30,"column":20},"end":{"line":30,"column":null}},{"start":{"line":30,"column":20},"end":{"line":30,"column":null}}],"line":30}},"s":{"0":14,"1":14,"2":14,"3":14,"4":14,"5":14,"6":14},"f":{},"b":{"0":[0,14]},"meta":{"lastBranch":1,"lastFunction":0,"lastStatement":7,"seen":{"s:12:7:32:Infinity":0,"s:13:3:13:Infinity":1,"s:20:3:20:Infinity":2,"s:23:3:23:Infinity":3,"s:27:3:27:Infinity":4,"s:30:3:30:Infinity":5,"b:30:20:30:Infinity:30:20:30:Infinity":0,"s:11:1:11:Infinity":6},"fnNames":{}}}
,"/Users/dvir/claude/trader/backend/src/instruments/instruments.controller.ts": {"path":"/Users/dvir/claude/trader/backend/src/instruments/instruments.controller.ts","statementMap":{"0":{"start":{"line":5,"column":7},"end":{"line":15,"column":null}},"1":{"start":{"line":6,"column":31},"end":{"line":6,"column":64}},"2":{"start":{"line":10,"column":4},"end":{"line":12,"column":null}},"3":{"start":{"line":11,"column":6},"end":{"line":11,"column":null}},"4":{"start":{"line":13,"column":4},"end":{"line":13,"column":null}},"5":{"start":{"line":4,"column":1},"end":{"line":4,"column":null}}},"fnMap":{"0":{"name":"constructor","decl":{"start":{"line":6,"column":2},"end":{"line":6,"column":14}},"loc":{"start":{"line":6,"column":64},"end":{"line":6,"column":null}},"line":6},"1":{"name":"lookup","decl":{"start":{"line":9,"column":8},"end":{"line":9,"column":15}},"loc":{"start":{"line":9,"column":49},"end":{"line":14,"column":null}},"line":9}},"branchMap":{"0":{"loc":{"start":{"line":10,"column":4},"end":{"line":12,"column":null}},"type":"if","locations":[{"start":{"line":10,"column":4},"end":{"line":12,"column":null}},{"start":{},"end":{}}],"line":10},"1":{"loc":{"start":{"line":10,"column":8},"end":{"line":10,"column":41}},"type":"binary-expr","locations":[{"start":{"line":10,"column":8},"end":{"line":10,"column":19}},{"start":{"line":10,"column":19},"end":{"line":10,"column":41}}],"line":10},"2":{"loc":{"start":{"line":4,"column":25},"end":{"line":4,"column":null}},"type":"cond-expr","locations":[{"start":{"line":4,"column":25},"end":{"line":4,"column":null}},{"start":{"line":4,"column":25},"end":{"line":4,"column":null}}],"line":4}},"s":{"0":10,"1":11,"2":3,"3":1,"4":2,"5":10},"f":{"0":11,"1":3},"b":{"0":[1,2],"1":[3,2],"2":[0,10]},"meta":{"lastBranch":3,"lastFunction":2,"lastStatement":6,"seen":{"s:5:7:15:Infinity":0,"f:6:2:6:14":0,"s:6:31:6:64":1,"f:9:8:9:15":1,"b:10:4:12:Infinity:undefined:undefined:undefined:undefined":0,"s:10:4:12:Infinity":2,"b:10:8:10:19:10:19:10:41":1,"s:11:6:11:Infinity":3,"s:13:4:13:Infinity":4,"s:4:1:4:Infinity":5,"b:4:25:4:Infinity:4:25:4:Infinity":2},"fnNames":{}}}
,"/Users/dvir/claude/trader/backend/src/instruments/instruments.module.ts": {"path":"/Users/dvir/claude/trader/backend/src/instruments/instruments.module.ts","statementMap":{"0":{"start":{"line":17,"column":7},"end":{"line":17,"column":null}},"1":{"start":{"line":8,"column":1},"end":{"line":16,"column":null}},"2":{"start":{"line":11,"column":21},"end":{"line":11,"column":37}}},"fnMap":{"0":{"name":"(anonymous_0)","decl":{"start":{"line":11,"column":4},"end":{"line":11,"column":21}},"loc":{"start":{"line":11,"column":21},"end":{"line":11,"column":37}},"line":11}},"branchMap":{},"s":{"0":10,"1":10,"2":33},"f":{"0":33},"b":{},"meta":{"lastBranch":0,"lastFunction":1,"lastStatement":3,"seen":{"s:17:7:17:Infinity":0,"s:8:1:16:Infinity":1,"f:11:4:11:21":0,"s:11:21:11:37":2},"fnNames":{}}}
,"/Users/dvir/claude/trader/backend/src/instruments/instruments.service.ts": {"path":"/Users/dvir/claude/trader/backend/src/instruments/instruments.service.ts","statementMap":{"0":{"start":{"line":13,"column":7},"end":{"line":50,"column":null}},"1":{"start":{"line":16,"column":21},"end":{"line":16,"column":null}},"2":{"start":{"line":18,"column":21},"end":{"line":18,"column":null}},"3":{"start":{"line":23,"column":19},"end":{"line":23,"column":null}},"4":{"start":{"line":24,"column":21},"end":{"line":24,"column":null}},"5":{"start":{"line":25,"column":4},"end":{"line":25,"column":null}},"6":{"start":{"line":25,"column":18},"end":{"line":25,"column":null}},"7":{"start":{"line":27,"column":18},"end":{"line":27,"column":null}},"8":{"start":{"line":28,"column":4},"end":{"line":30,"column":null}},"9":{"start":{"line":29,"column":6},"end":{"line":29,"column":null}},"10":{"start":{"line":31,"column":4},"end":{"line":33,"column":null}},"11":{"start":{"line":37,"column":23},"end":{"line":37,"column":null}},"12":{"start":{"line":38,"column":18},"end":{"line":38,"column":null}},"13":{"start":{"line":39,"column":4},"end":{"line":41,"column":null}},"14":{"start":{"line":40,"column":6},"end":{"line":40,"column":null}},"15":{"start":{"line":42,"column":4},"end":{"line":48,"column":null}},"16":{"start":{"line":17,"column":29},"end":{"line":17,"column":46}}},"fnMap":{"0":{"name":"constructor","decl":{"start":{"line":14,"column":2},"end":{"line":14,"column":null}},"loc":{"start":{"line":19,"column":4},"end":{"line":19,"column":null}},"line":19},"1":{"name":"findOrCreate","decl":{"start":{"line":22,"column":8},"end":{"line":22,"column":21}},"loc":{"start":{"line":22,"column":63},"end":{"line":34,"column":null}},"line":22},"2":{"name":"lookup","decl":{"start":{"line":36,"column":8},"end":{"line":36,"column":15}},"loc":{"start":{"line":36,"column":36},"end":{"line":49,"column":null}},"line":36},"3":{"name":"(anonymous_3)","decl":{"start":{"line":17,"column":12},"end":{"line":17,"column":29}},"loc":{"start":{"line":17,"column":29},"end":{"line":17,"column":46}},"line":17}},"branchMap":{"0":{"loc":{"start":{"line":25,"column":4},"end":{"line":25,"column":null}},"type":"if","locations":[{"start":{"line":25,"column":4},"end":{"line":25,"column":null}},{"start":{},"end":{}}],"line":25},"1":{"loc":{"start":{"line":28,"column":4},"end":{"line":30,"column":null}},"type":"if","locations":[{"start":{"line":28,"column":4},"end":{"line":30,"column":null}},{"start":{},"end":{}}],"line":28},"2":{"loc":{"start":{"line":39,"column":4},"end":{"line":41,"column":null}},"type":"if","locations":[{"start":{"line":39,"column":4},"end":{"line":41,"column":null}},{"start":{},"end":{}}],"line":39}},"s":{"0":14,"1":11,"2":11,"3":104,"4":104,"5":104,"6":89,"7":15,"8":15,"9":5,"10":10,"11":2,"12":1,"13":1,"14":0,"15":1,"16":11},"f":{"0":11,"1":104,"2":2,"3":11},"b":{"0":[89,15],"1":[5,10],"2":[0,1]},"meta":{"lastBranch":3,"lastFunction":4,"lastStatement":17,"seen":{"s:13:7:50:Infinity":0,"f:14:2:14:Infinity":0,"s:16:21:16:Infinity":1,"s:18:21:18:Infinity":2,"f:22:8:22:21":1,"s:23:19:23:Infinity":3,"s:24:21:24:Infinity":4,"b:25:4:25:Infinity:undefined:undefined:undefined:undefined":0,"s:25:4:25:Infinity":5,"s:25:18:25:Infinity":6,"s:27:18:27:Infinity":7,"b:28:4:30:Infinity:undefined:undefined:undefined:undefined":1,"s:28:4:30:Infinity":8,"s:29:6:29:Infinity":9,"s:31:4:33:Infinity":10,"f:36:8:36:15":2,"s:37:23:37:Infinity":11,"s:38:18:38:Infinity":12,"b:39:4:41:Infinity:undefined:undefined:undefined:undefined":2,"s:39:4:41:Infinity":13,"s:40:6:40:Infinity":14,"s:42:4:48:Infinity":15,"f:17:12:17:29":3,"s:17:29:17:46":16},"fnNames":{}}}
,"/Users/dvir/claude/trader/backend/src/journal/entry-tag.entity.ts": {"path":"/Users/dvir/claude/trader/backend/src/journal/entry-tag.entity.ts","statementMap":{"0":{"start":{"line":5,"column":7},"end":{"line":16,"column":null}},"1":{"start":{"line":6,"column":3},"end":{"line":6,"column":null}},"2":{"start":{"line":3,"column":1},"end":{"line":4,"column":null}}},"fnMap":{},"branchMap":{},"s":{"0":13,"1":13,"2":13},"f":{},"b":{},"meta":{"lastBranch":0,"lastFunction":0,"lastStatement":3,"seen":{"s:5:7:16:Infinity":0,"s:6:3:6:Infinity":1,"s:3:1:4:Infinity":2},"fnNames":{}}}
,"/Users/dvir/claude/trader/backend/src/journal/journal-entry.entity.ts": {"path":"/Users/dvir/claude/trader/backend/src/journal/journal-entry.entity.ts","statementMap":{"0":{"start":{"line":19,"column":7},"end":{"line":42,"column":null}},"1":{"start":{"line":20,"column":3},"end":{"line":20,"column":null}},"2":{"start":{"line":27,"column":3},"end":{"line":27,"column":null}},"3":{"start":{"line":30,"column":3},"end":{"line":30,"column":null}},"4":{"start":{"line":37,"column":3},"end":{"line":37,"column":null}},"5":{"start":{"line":40,"column":3},"end":{"line":40,"column":null}},"6":{"start":{"line":18,"column":1},"end":{"line":18,"column":null}}},"fnMap":{},"branchMap":{"0":{"loc":{"start":{"line":37,"column":20},"end":{"line":37,"column":null}},"type":"cond-expr","locations":[{"start":{"line":37,"column":20},"end":{"line":37,"column":null}},{"start":{"line":37,"column":20},"end":{"line":37,"column":null}}],"line":37},"1":{"loc":{"start":{"line":40,"column":20},"end":{"line":40,"column":null}},"type":"cond-expr","locations":[{"start":{"line":40,"column":20},"end":{"line":40,"column":null}},{"start":{"line":40,"column":20},"end":{"line":40,"column":null}}],"line":40}},"s":{"0":13,"1":13,"2":13,"3":13,"4":13,"5":13,"6":13},"f":{},"b":{"0":[0,13],"1":[0,13]},"meta":{"lastBranch":2,"lastFunction":0,"lastStatement":7,"seen":{"s:19:7:42:Infinity":0,"s:20:3:20:Infinity":1,"s:27:3:27:Infinity":2,"s:30:3:30:Infinity":3,"s:37:3:37:Infinity":4,"b:37:20:37:Infinity:37:20:37:Infinity":0,"s:40:3:40:Infinity":5,"b:40:20:40:Infinity:40:20:40:Infinity":1,"s:18:1:18:Infinity":6},"fnNames":{}}}
,"/Users/dvir/claude/trader/backend/src/journal/journal.controller.ts": {"path":"/Users/dvir/claude/trader/backend/src/journal/journal.controller.ts","statementMap":{"0":{"start":{"line":17,"column":2},"end":{"line":36,"column":null}},"1":{"start":{"line":40,"column":7},"end":{"line":73,"column":null}},"2":{"start":{"line":41,"column":31},"end":{"line":41,"column":56}},"3":{"start":{"line":46,"column":4},"end":{"line":46,"column":null}},"4":{"start":{"line":55,"column":4},"end":{"line":55,"column":null}},"5":{"start":{"line":60,"column":4},"end":{"line":60,"column":null}},"6":{"start":{"line":65,"column":4},"end":{"line":65,"column":null}},"7":{"start":{"line":70,"column":4},"end":{"line":70,"column":null}},"8":{"start":{"line":71,"column":4},"end":{"line":71,"column":null}},"9":{"start":{"line":39,"column":1},"end":{"line":39,"column":null}}},"fnMap":{"0":{"name":"toInput","decl":{"start":{"line":16,"column":9},"end":{"line":16,"column":17}},"loc":{"start":{"line":16,"column":57},"end":{"line":37,"column":null}},"line":16},"1":{"name":"constructor","decl":{"start":{"line":41,"column":2},"end":{"line":41,"column":14}},"loc":{"start":{"line":41,"column":56},"end":{"line":41,"column":null}},"line":41},"2":{"name":"tags","decl":{"start":{"line":44,"column":2},"end":{"line":44,"column":3}},"loc":{"start":{"line":45,"column":9},"end":{"line":47,"column":null}},"line":45},"3":{"name":"list","decl":{"start":{"line":49,"column":2},"end":{"line":49,"column":3}},"loc":{"start":{"line":54,"column":4},"end":{"line":56,"column":null}},"line":54},"4":{"name":"create","decl":{"start":{"line":58,"column":2},"end":{"line":58,"column":3}},"loc":{"start":{"line":59,"column":39},"end":{"line":61,"column":null}},"line":59},"5":{"name":"update","decl":{"start":{"line":63,"column":2},"end":{"line":63,"column":3}},"loc":{"start":{"line":64,"column":79},"end":{"line":66,"column":null}},"line":64},"6":{"name":"remove","decl":{"start":{"line":69,"column":8},"end":{"line":69,"column":15}},"loc":{"start":{"line":69,"column":55},"end":{"line":72,"column":null}},"line":69}},"branchMap":{"0":{"loc":{"start":{"line":19,"column":10},"end":{"line":19,"column":null}},"type":"binary-expr","locations":[{"start":{"line":19,"column":10},"end":{"line":19,"column":23}},{"start":{"line":19,"column":23},"end":{"line":19,"column":null}}],"line":19},"1":{"loc":{"start":{"line":21,"column":11},"end":{"line":32,"column":null}},"type":"cond-expr","locations":[{"start":{"line":22,"column":8},"end":{"line":31,"column":null}},{"start":{"line":32,"column":8},"end":{"line":32,"column":null}}],"line":21},"2":{"loc":{"start":{"line":26,"column":15},"end":{"line":26,"column":null}},"type":"binary-expr","locations":[{"start":{"line":26,"column":15},"end":{"line":26,"column":33}},{"start":{"line":26,"column":33},"end":{"line":26,"column":null}}],"line":26},"3":{"loc":{"start":{"line":27,"column":25},"end":{"line":27,"column":null}},"type":"binary-expr","locations":[{"start":{"line":27,"column":25},"end":{"line":27,"column":53}},{"start":{"line":27,"column":53},"end":{"line":27,"column":null}}],"line":27},"4":{"loc":{"start":{"line":29,"column":20},"end":{"line":29,"column":null}},"type":"binary-expr","locations":[{"start":{"line":29,"column":20},"end":{"line":29,"column":43}},{"start":{"line":29,"column":43},"end":{"line":29,"column":null}}],"line":29},"5":{"loc":{"start":{"line":39,"column":21},"end":{"line":39,"column":null}},"type":"cond-expr","locations":[{"start":{"line":39,"column":21},"end":{"line":39,"column":null}},{"start":{"line":39,"column":21},"end":{"line":39,"column":null}}],"line":39}},"s":{"0":69,"1":10,"2":11,"3":2,"4":5,"5":60,"6":9,"7":2,"8":2,"9":10},"f":{"0":69,"1":11,"2":2,"3":5,"4":60,"5":9,"6":2},"b":{"0":[69,0],"1":[61,8],"2":[61,0],"3":[61,61],"4":[61,52],"5":[0,10]},"meta":{"lastBranch":6,"lastFunction":7,"lastStatement":10,"seen":{"f:16:9:16:17":0,"s:17:2:36:Infinity":0,"b:19:10:19:23:19:23:19:Infinity":0,"b:22:8:31:Infinity:32:8:32:Infinity":1,"b:26:15:26:33:26:33:26:Infinity":2,"b:27:25:27:53:27:53:27:Infinity":3,"b:29:20:29:43:29:43:29:Infinity":4,"s:40:7:73:Infinity":1,"f:41:2:41:14":1,"s:41:31:41:56":2,"f:44:2:44:3":2,"s:46:4:46:Infinity":3,"f:49:2:49:3":3,"s:55:4:55:Infinity":4,"f:58:2:58:3":4,"s:60:4:60:Infinity":5,"f:63:2:63:3":5,"s:65:4:65:Infinity":6,"f:69:8:69:15":6,"s:70:4:70:Infinity":7,"s:71:4:71:Infinity":8,"s:39:1:39:Infinity":9,"b:39:21:39:Infinity:39:21:39:Infinity":5},"fnNames":{}}}
,"/Users/dvir/claude/trader/backend/src/journal/journal.dto.ts": {"path":"/Users/dvir/claude/trader/backend/src/journal/journal.dto.ts","statementMap":{"0":{"start":{"line":18,"column":3},"end":{"line":18,"column":null}},"1":{"start":{"line":27,"column":3},"end":{"line":27,"column":null}},"2":{"start":{"line":40,"column":3},"end":{"line":40,"column":null}},"3":{"start":{"line":50,"column":3},"end":{"line":50,"column":null}},"4":{"start":{"line":53,"column":3},"end":{"line":53,"column":null}},"5":{"start":{"line":69,"column":14},"end":{"line":69,"column":26}},"6":{"start":{"line":81,"column":14},"end":{"line":81,"column":30}},"7":{"start":{"line":86,"column":3},"end":{"line":86,"column":null}},"8":{"start":{"line":89,"column":3},"end":{"line":89,"column":null}},"9":{"start":{"line":99,"column":3},"end":{"line":99,"column":null}},"10":{"start":{"line":104,"column":3},"end":{"line":104,"column":null}},"11":{"start":{"line":113,"column":3},"end":{"line":113,"column":null}},"12":{"start":{"line":121,"column":3},"end":{"line":121,"column":null}},"13":{"start":{"line":126,"column":14},"end":{"line":126,"column":22}},"14":{"start":{"line":131,"column":14},"end":{"line":131,"column":21}},"15":{"start":{"line":136,"column":14},"end":{"line":136,"column":25}},"16":{"start":{"line":142,"column":14},"end":{"line":142,"column":20}}},"fnMap":{"0":{"name":"(anonymous_0)","decl":{"start":{"line":69,"column":3},"end":{"line":69,"column":14}},"loc":{"start":{"line":69,"column":14},"end":{"line":69,"column":26}},"line":69},"1":{"name":"(anonymous_1)","decl":{"start":{"line":81,"column":3},"end":{"line":81,"column":14}},"loc":{"start":{"line":81,"column":14},"end":{"line":81,"column":30}},"line":81},"2":{"name":"(anonymous_2)","decl":{"start":{"line":126,"column":3},"end":{"line":126,"column":14}},"loc":{"start":{"line":126,"column":14},"end":{"line":126,"column":22}},"line":126},"3":{"name":"(anonymous_3)","decl":{"start":{"line":131,"column":3},"end":{"line":131,"column":14}},"loc":{"start":{"line":131,"column":14},"end":{"line":131,"column":21}},"line":131},"4":{"name":"(anonymous_4)","decl":{"start":{"line":136,"column":3},"end":{"line":136,"column":14}},"loc":{"start":{"line":136,"column":14},"end":{"line":136,"column":25}},"line":136},"5":{"name":"(anonymous_5)","decl":{"start":{"line":142,"column":3},"end":{"line":142,"column":14}},"loc":{"start":{"line":142,"column":14},"end":{"line":142,"column":20}},"line":142}},"branchMap":{},"s":{"0":10,"1":10,"2":10,"3":10,"4":10,"5":26,"6":8,"7":10,"8":10,"9":10,"10":10,"11":10,"12":10,"13":61,"14":2,"15":3,"16":4},"f":{"0":26,"1":8,"2":61,"3":2,"4":3,"5":4},"b":{},"meta":{"lastBranch":0,"lastFunction":6,"lastStatement":17,"seen":{"s:18:3:18:Infinity":0,"s:27:3:27:Infinity":1,"s:40:3:40:Infinity":2,"s:50:3:50:Infinity":3,"s:53:3:53:Infinity":4,"f:69:3:69:14":0,"s:69:14:69:26":5,"f:81:3:81:14":1,"s:81:14:81:30":6,"s:86:3:86:Infinity":7,"s:89:3:89:Infinity":8,"s:99:3:99:Infinity":9,"s:104:3:104:Infinity":10,"s:113:3:113:Infinity":11,"s:121:3:121:Infinity":12,"f:126:3:126:14":2,"s:126:14:126:22":13,"f:131:3:131:14":3,"s:131:14:131:21":14,"f:136:3:136:14":4,"s:136:14:136:25":15,"f:142:3:142:14":5,"s:142:14:142:20":16},"fnNames":{}}}
,"/Users/dvir/claude/trader/backend/src/journal/journal.module.ts": {"path":"/Users/dvir/claude/trader/backend/src/journal/journal.module.ts","statementMap":{"0":{"start":{"line":43,"column":7},"end":{"line":43,"column":null}},"1":{"start":{"line":18,"column":1},"end":{"line":42,"column":null}}},"fnMap":{},"branchMap":{},"s":{"0":10,"1":10},"f":{},"b":{},"meta":{"lastBranch":0,"lastFunction":0,"lastStatement":2,"seen":{"s:43:7:43:Infinity":0,"s:18:1:42:Infinity":1},"fnNames":{}}}
,"/Users/dvir/claude/trader/backend/src/journal/journal.service.ts": {"path":"/Users/dvir/claude/trader/backend/src/journal/journal.service.ts","statementMap":{"0":{"start":{"line":32,"column":2},"end":{"line":34,"column":null}},"1":{"start":{"line":33,"column":4},"end":{"line":33,"column":null}},"2":{"start":{"line":35,"column":2},"end":{"line":38,"column":null}},"3":{"start":{"line":43,"column":16},"end":{"line":43,"column":null}},"4":{"start":{"line":44,"column":2},"end":{"line":44,"column":null}},"5":{"start":{"line":44,"column":20},"end":{"line":44,"column":null}},"6":{"start":{"line":45,"column":2},"end":{"line":45,"column":null}},"7":{"start":{"line":55,"column":25},"end":{"line":55,"column":null}},"8":{"start":{"line":58,"column":2},"end":{"line":58,"column":null}},"9":{"start":{"line":58,"column":32},"end":{"line":58,"column":null}},"10":{"start":{"line":59,"column":2},"end":{"line":59,"column":null}},"11":{"start":{"line":71,"column":2},"end":{"line":71,"column":null}},"12":{"start":{"line":71,"column":43},"end":{"line":71,"column":null}},"13":{"start":{"line":72,"column":2},"end":{"line":80,"column":null}},"14":{"start":{"line":73,"column":18},"end":{"line":73,"column":null}},"15":{"start":{"line":74,"column":4},"end":{"line":78,"column":null}},"16":{"start":{"line":143,"column":13},"end":{"line":895,"column":null}},"17":{"start":{"line":144,"column":25},"end":{"line":144,"column":null}},"18":{"start":{"line":148,"column":21},"end":{"line":148,"column":null}},"19":{"start":{"line":150,"column":21},"end":{"line":150,"column":null}},"20":{"start":{"line":152,"column":21},"end":{"line":152,"column":null}},"21":{"start":{"line":154,"column":21},"end":{"line":154,"column":null}},"22":{"start":{"line":156,"column":21},"end":{"line":156,"column":null}},"23":{"start":{"line":158,"column":21},"end":{"line":158,"column":null}},"24":{"start":{"line":159,"column":44},"end":{"line":159,"column":null}},"25":{"start":{"line":161,"column":21},"end":{"line":161,"column":null}},"26":{"start":{"line":163,"column":21},"end":{"line":163,"column":null}},"27":{"start":{"line":164,"column":21},"end":{"line":164,"column":null}},"28":{"start":{"line":165,"column":21},"end":{"line":165,"column":null}},"29":{"start":{"line":166,"column":21},"end":{"line":166,"column":null}},"30":{"start":{"line":167,"column":21},"end":{"line":167,"column":null}},"31":{"start":{"line":171,"column":17},"end":{"line":171,"column":null}},"32":{"start":{"line":173,"column":6},"end":{"line":186,"column":null}},"33":{"start":{"line":188,"column":23},"end":{"line":188,"column":null}},"34":{"start":{"line":188,"column":54},"end":{"line":188,"column":70}},"35":{"start":{"line":189,"column":23},"end":{"line":189,"column":null}},"36":{"start":{"line":189,"column":47},"end":{"line":189,"column":61}},"37":{"start":{"line":190,"column":24},"end":{"line":190,"column":null}},"38":{"start":{"line":190,"column":49},"end":{"line":190,"column":63}},"39":{"start":{"line":191,"column":23},"end":{"line":191,"column":null}},"40":{"start":{"line":191,"column":47},"end":{"line":191,"column":61}},"41":{"start":{"line":192,"column":20},"end":{"line":192,"column":null}},"42":{"start":{"line":192,"column":47},"end":{"line":192,"column":56}},"43":{"start":{"line":197,"column":24},"end":{"line":197,"column":null}},"44":{"start":{"line":198,"column":4},"end":{"line":203,"column":null}},"45":{"start":{"line":199,"column":6},"end":{"line":202,"column":null}},"46":{"start":{"line":204,"column":10},"end":{"line":211,"column":null}},"47":{"start":{"line":205,"column":18},"end":{"line":205,"column":null}},"48":{"start":{"line":206,"column":6},"end":{"line":206,"column":null}},"49":{"start":{"line":206,"column":28},"end":{"line":206,"column":null}},"50":{"start":{"line":207,"column":21},"end":{"line":207,"column":null}},"51":{"start":{"line":207,"column":48},"end":{"line":207,"column":61}},"52":{"start":{"line":208,"column":6},"end":{"line":210,"column":null}},"53":{"start":{"line":209,"column":23},"end":{"line":209,"column":47}},"54":{"start":{"line":210,"column":24},"end":{"line":210,"column":45}},"55":{"start":{"line":213,"column":28},"end":{"line":213,"column":null}},"56":{"start":{"line":214,"column":4},"end":{"line":219,"column":null}},"57":{"start":{"line":215,"column":6},"end":{"line":218,"column":null}},"58":{"start":{"line":221,"column":26},"end":{"line":221,"column":null}},"59":{"start":{"line":222,"column":4},"end":{"line":227,"column":null}},"60":{"start":{"line":223,"column":6},"end":{"line":226,"column":null}},"61":{"start":{"line":229,"column":31},"end":{"line":288,"column":null}},"62":{"start":{"line":230,"column":16},"end":{"line":230,"column":null}},"63":{"start":{"line":231,"column":16},"end":{"line":231,"column":null}},"64":{"start":{"line":232,"column":16},"end":{"line":232,"column":null}},"65":{"start":{"line":234,"column":38},"end":{"line":234,"column":null}},"66":{"start":{"line":235,"column":6},"end":{"line":268,"column":null}},"67":{"start":{"line":236,"column":22},"end":{"line":236,"column":null}},"68":{"start":{"line":237,"column":21},"end":{"line":247,"column":null}},"69":{"start":{"line":241,"column":36},"end":{"line":246,"column":12}},"70":{"start":{"line":248,"column":8},"end":{"line":267,"column":null}},"71":{"start":{"line":255,"column":40},"end":{"line":260,"column":12}},"72":{"start":{"line":263,"column":73},"end":{"line":266,"column":12}},"73":{"start":{"line":270,"column":6},"end":{"line":287,"column":null}},"74":{"start":{"line":284,"column":23},"end":{"line":284,"column":38}},"75":{"start":{"line":285,"column":35},"end":{"line":285,"column":50}},"76":{"start":{"line":286,"column":23},"end":{"line":286,"column":66}},"77":{"start":{"line":290,"column":4},"end":{"line":302,"column":null}},"78":{"start":{"line":291,"column":6},"end":{"line":291,"column":null}},"79":{"start":{"line":291,"column":51},"end":{"line":291,"column":null}},"80":{"start":{"line":292,"column":6},"end":{"line":297,"column":null}},"81":{"start":{"line":293,"column":23},"end":{"line":293,"column":null}},"82":{"start":{"line":295,"column":10},"end":{"line":295,"column":null}},"83":{"start":{"line":296,"column":8},"end":{"line":296,"column":null}},"84":{"start":{"line":296,"column":22},"end":{"line":296,"column":null}},"85":{"start":{"line":298,"column":6},"end":{"line":300,"column":null}},"86":{"start":{"line":298,"column":47},"end":{"line":298,"column":69}},"87":{"start":{"line":299,"column":8},"end":{"line":299,"column":null}},"88":{"start":{"line":301,"column":6},"end":{"line":301,"column":null}},"89":{"start":{"line":306,"column":17},"end":{"line":306,"column":null}},"90":{"start":{"line":307,"column":4},"end":{"line":310,"column":null}},"91":{"start":{"line":319,"column":17},"end":{"line":319,"column":null}},"92":{"start":{"line":320,"column":21},"end":{"line":320,"column":null}},"93":{"start":{"line":322,"column":20},"end":{"line":335,"column":null}},"94":{"start":{"line":323,"column":20},"end":{"line":330,"column":null}},"95":{"start":{"line":332,"column":6},"end":{"line":332,"column":null}},"96":{"start":{"line":333,"column":6},"end":{"line":333,"column":null}},"97":{"start":{"line":334,"column":6},"end":{"line":334,"column":null}},"98":{"start":{"line":337,"column":11},"end":{"line":337,"column":null}},"99":{"start":{"line":337,"column":53},"end":{"line":337,"column":69}},"100":{"start":{"line":338,"column":4},"end":{"line":338,"column":null}},"101":{"start":{"line":357,"column":17},"end":{"line":357,"column":null}},"102":{"start":{"line":358,"column":21},"end":{"line":360,"column":null}},"103":{"start":{"line":361,"column":4},"end":{"line":361,"column":null}},"104":{"start":{"line":361,"column":19},"end":{"line":361,"column":null}},"105":{"start":{"line":363,"column":21},"end":{"line":363,"column":null}},"106":{"start":{"line":365,"column":4},"end":{"line":398,"column":null}},"107":{"start":{"line":366,"column":26},"end":{"line":368,"column":null}},"108":{"start":{"line":370,"column":6},"end":{"line":378,"column":null}},"109":{"start":{"line":379,"column":6},"end":{"line":379,"column":null}},"110":{"start":{"line":380,"column":6},"end":{"line":387,"column":null}},"111":{"start":{"line":388,"column":6},"end":{"line":388,"column":null}},"112":{"start":{"line":394,"column":25},"end":{"line":394,"column":null}},"113":{"start":{"line":395,"column":6},"end":{"line":397,"column":null}},"114":{"start":{"line":396,"column":8},"end":{"line":396,"column":null}},"115":{"start":{"line":400,"column":11},"end":{"line":400,"column":null}},"116":{"start":{"line":400,"column":53},"end":{"line":400,"column":64}},"117":{"start":{"line":401,"column":4},"end":{"line":401,"column":null}},"118":{"start":{"line":405,"column":17},"end":{"line":405,"column":null}},"119":{"start":{"line":406,"column":21},"end":{"line":408,"column":null}},"120":{"start":{"line":409,"column":4},"end":{"line":409,"column":null}},"121":{"start":{"line":409,"column":19},"end":{"line":409,"column":null}},"122":{"start":{"line":411,"column":4},"end":{"line":419,"column":null}},"123":{"start":{"line":412,"column":19},"end":{"line":412,"column":null}},"124":{"start":{"line":413,"column":6},"end":{"line":415,"column":null}},"125":{"start":{"line":414,"column":8},"end":{"line":414,"column":null}},"126":{"start":{"line":416,"column":6},"end":{"line":416,"column":null}},"127":{"start":{"line":417,"column":6},"end":{"line":417,"column":null}},"128":{"start":{"line":418,"column":6},"end":{"line":418,"column":null}},"129":{"start":{"line":441,"column":4},"end":{"line":457,"column":null}},"130":{"start":{"line":442,"column":6},"end":{"line":444,"column":null}},"131":{"start":{"line":443,"column":8},"end":{"line":443,"column":null}},"132":{"start":{"line":445,"column":33},"end":{"line":445,"column":null}},"133":{"start":{"line":446,"column":25},"end":{"line":448,"column":null}},"134":{"start":{"line":449,"column":6},"end":{"line":449,"column":null}},"135":{"start":{"line":456,"column":6},"end":{"line":456,"column":null}},"136":{"start":{"line":458,"column":4},"end":{"line":460,"column":null}},"137":{"start":{"line":459,"column":6},"end":{"line":459,"column":null}},"138":{"start":{"line":461,"column":4},"end":{"line":470,"column":null}},"139":{"start":{"line":462,"column":6},"end":{"line":464,"column":null}},"140":{"start":{"line":463,"column":8},"end":{"line":463,"column":null}},"141":{"start":{"line":465,"column":25},"end":{"line":467,"column":null}},"142":{"start":{"line":468,"column":6},"end":{"line":468,"column":null}},"143":{"start":{"line":469,"column":6},"end":{"line":469,"column":null}},"144":{"start":{"line":471,"column":4},"end":{"line":471,"column":null}},"145":{"start":{"line":487,"column":17},"end":{"line":487,"column":null}},"146":{"start":{"line":488,"column":4},"end":{"line":491,"column":null}},"147":{"start":{"line":489,"column":18},"end":{"line":489,"column":null}},"148":{"start":{"line":534,"column":19},"end":{"line":534,"column":null}},"149":{"start":{"line":536,"column":7},"end":{"line":537,"column":null}},"150":{"start":{"line":538,"column":4},"end":{"line":542,"column":null}},"151":{"start":{"line":539,"column":6},"end":{"line":541,"column":null}},"152":{"start":{"line":544,"column":27},"end":{"line":544,"column":null}},"153":{"start":{"line":545,"column":27},"end":{"line":548,"column":null}},"154":{"start":{"line":546,"column":21},"end":{"line":546,"column":null}},"155":{"start":{"line":549,"column":4},"end":{"line":553,"column":null}},"156":{"start":{"line":550,"column":6},"end":{"line":552,"column":null}},"157":{"start":{"line":555,"column":4},"end":{"line":572,"column":null}},"158":{"start":{"line":556,"column":20},"end":{"line":558,"column":null}},"159":{"start":{"line":559,"column":6},"end":{"line":563,"column":null}},"160":{"start":{"line":560,"column":8},"end":{"line":562,"column":null}},"161":{"start":{"line":564,"column":24},"end":{"line":566,"column":null}},"162":{"start":{"line":567,"column":6},"end":{"line":571,"column":null}},"163":{"start":{"line":568,"column":8},"end":{"line":570,"column":null}},"164":{"start":{"line":582,"column":4},"end":{"line":588,"column":null}},"165":{"start":{"line":583,"column":6},"end":{"line":583,"column":null}},"166":{"start":{"line":585,"column":6},"end":{"line":587,"column":null}},"167":{"start":{"line":607,"column":4},"end":{"line":691,"column":null}},"168":{"start":{"line":609,"column":8},"end":{"line":609,"column":null}},"169":{"start":{"line":610,"column":6},"end":{"line":624,"column":null}},"170":{"start":{"line":617,"column":8},"end":{"line":623,"column":null}},"171":{"start":{"line":626,"column":18},"end":{"line":638,"column":null}},"172":{"start":{"line":639,"column":6},"end":{"line":645,"column":null}},"173":{"start":{"line":640,"column":8},"end":{"line":644,"column":null}},"174":{"start":{"line":646,"column":6},"end":{"line":646,"column":null}},"175":{"start":{"line":658,"column":6},"end":{"line":662,"column":null}},"176":{"start":{"line":659,"column":8},"end":{"line":661,"column":null}},"177":{"start":{"line":663,"column":6},"end":{"line":671,"column":null}},"178":{"start":{"line":664,"column":8},"end":{"line":670,"column":null}},"179":{"start":{"line":688,"column":6},"end":{"line":690,"column":null}},"180":{"start":{"line":689,"column":8},"end":{"line":689,"column":null}},"181":{"start":{"line":693,"column":4},"end":{"line":703,"column":null}},"182":{"start":{"line":694,"column":6},"end":{"line":702,"column":null}},"183":{"start":{"line":705,"column":4},"end":{"line":715,"column":null}},"184":{"start":{"line":706,"column":6},"end":{"line":714,"column":null}},"185":{"start":{"line":729,"column":4},"end":{"line":729,"column":null}},"186":{"start":{"line":730,"column":4},"end":{"line":730,"column":null}},"187":{"start":{"line":731,"column":4},"end":{"line":731,"column":null}},"188":{"start":{"line":751,"column":22},"end":{"line":751,"column":null}},"189":{"start":{"line":752,"column":10},"end":{"line":754,"column":null}},"190":{"start":{"line":754,"column":21},"end":{"line":754,"column":42}},"191":{"start":{"line":757,"column":6},"end":{"line":759,"column":null}},"192":{"start":{"line":759,"column":41},"end":{"line":759,"column":54}},"193":{"start":{"line":760,"column":27},"end":{"line":760,"column":null}},"194":{"start":{"line":760,"column":49},"end":{"line":760,"column":73}},"195":{"start":{"line":762,"column":4},"end":{"line":762,"column":null}},"196":{"start":{"line":762,"column":49},"end":{"line":762,"column":null}},"197":{"start":{"line":763,"column":4},"end":{"line":763,"column":null}},"198":{"start":{"line":763,"column":65},"end":{"line":763,"column":null}},"199":{"start":{"line":765,"column":20},"end":{"line":765,"column":null}},"200":{"start":{"line":766,"column":16},"end":{"line":766,"column":null}},"201":{"start":{"line":767,"column":18},"end":{"line":767,"column":null}},"202":{"start":{"line":768,"column":4},"end":{"line":782,"column":null}},"203":{"start":{"line":769,"column":6},"end":{"line":781,"column":null}},"204":{"start":{"line":797,"column":4},"end":{"line":799,"column":null}},"205":{"start":{"line":798,"column":6},"end":{"line":798,"column":null}},"206":{"start":{"line":820,"column":16},"end":{"line":820,"column":null}},"207":{"start":{"line":821,"column":22},"end":{"line":823,"column":null}},"208":{"start":{"line":822,"column":21},"end":{"line":822,"column":36}},"209":{"start":{"line":823,"column":26},"end":{"line":823,"column":79}},"210":{"start":{"line":825,"column":7},"end":{"line":826,"column":null}},"211":{"start":{"line":827,"column":4},"end":{"line":827,"column":null}},"212":{"start":{"line":827,"column":21},"end":{"line":827,"column":null}},"213":{"start":{"line":829,"column":19},"end":{"line":831,"column":null}},"214":{"start":{"line":830,"column":29},"end":{"line":830,"column":53}},"215":{"start":{"line":832,"column":4},"end":{"line":832,"column":null}},"216":{"start":{"line":832,"column":29},"end":{"line":832,"column":null}},"217":{"start":{"line":834,"column":18},"end":{"line":834,"column":null}},"218":{"start":{"line":835,"column":4},"end":{"line":837,"column":null}},"219":{"start":{"line":836,"column":6},"end":{"line":836,"column":null}},"220":{"start":{"line":838,"column":30},"end":{"line":838,"column":null}},"221":{"start":{"line":839,"column":4},"end":{"line":842,"column":null}},"222":{"start":{"line":840,"column":21},"end":{"line":840,"column":null}},"223":{"start":{"line":840,"column":50},"end":{"line":840,"column":63}},"224":{"start":{"line":841,"column":6},"end":{"line":841,"column":null}},"225":{"start":{"line":841,"column":39},"end":{"line":841,"column":63}},"226":{"start":{"line":844,"column":22},"end":{"line":853,"column":null}},"227":{"start":{"line":845,"column":23},"end":{"line":851,"column":8}},"228":{"start":{"line":854,"column":4},"end":{"line":854,"column":null}},"229":{"start":{"line":854,"column":28},"end":{"line":854,"column":null}},"230":{"start":{"line":856,"column":17},"end":{"line":856,"column":null}},"231":{"start":{"line":856,"column":34},"end":{"line":856,"column":52}},"232":{"start":{"line":857,"column":20},"end":{"line":859,"column":null}},"233":{"start":{"line":860,"column":21},"end":{"line":860,"column":null}},"234":{"start":{"line":860,"column":48},"end":{"line":860,"column":66}},"235":{"start":{"line":861,"column":17},"end":{"line":861,"column":null}},"236":{"start":{"line":862,"column":4},"end":{"line":862,"column":null}},"237":{"start":{"line":862,"column":34},"end":{"line":862,"column":null}},"238":{"start":{"line":864,"column":4},"end":{"line":870,"column":null}},"239":{"start":{"line":871,"column":4},"end":{"line":871,"column":null}},"240":{"start":{"line":881,"column":4},"end":{"line":881,"column":null}},"241":{"start":{"line":882,"column":4},"end":{"line":893,"column":null}},"242":{"start":{"line":883,"column":20},"end":{"line":883,"column":null}},"243":{"start":{"line":884,"column":16},"end":{"line":886,"column":null}},"244":{"start":{"line":887,"column":6},"end":{"line":891,"column":null}},"245":{"start":{"line":888,"column":8},"end":{"line":890,"column":null}},"246":{"start":{"line":892,"column":6},"end":{"line":892,"column":null}}},"fnMap":{"0":{"name":"resolveTradeSide","decl":{"start":{"line":28,"column":16},"end":{"line":28,"column":33}},"loc":{"start":{"line":31,"column":2},"end":{"line":39,"column":null}},"line":31},"1":{"name":"normaliseTagLabel","decl":{"start":{"line":42,"column":16},"end":{"line":42,"column":34}},"loc":{"start":{"line":42,"column":57},"end":{"line":46,"column":null}},"line":42},"2":{"name":"numEq","decl":{"start":{"line":57,"column":9},"end":{"line":57,"column":15}},"loc":{"start":{"line":57,"column":60},"end":{"line":60,"column":null}},"line":57},"3":{"name":"sameTierSet","decl":{"start":{"line":70,"column":9},"end":{"line":70,"column":21}},"loc":{"start":{"line":70,"column":80},"end":{"line":81,"column":null}},"line":70},"4":{"name":"(anonymous_4)","decl":{"start":{"line":72,"column":17},"end":{"line":72,"column":24}},"loc":{"start":{"line":72,"column":37},"end":{"line":80,"column":3}},"line":72},"5":{"name":"constructor","decl":{"start":{"line":146,"column":2},"end":{"line":146,"column":null}},"loc":{"start":{"line":168,"column":4},"end":{"line":168,"column":null}},"line":168},"6":{"name":"list","decl":{"start":{"line":170,"column":8},"end":{"line":170,"column":13}},"loc":{"start":{"line":170,"column":62},"end":{"line":303,"column":null}},"line":170},"7":{"name":"(anonymous_7)","decl":{"start":{"line":188,"column":43},"end":{"line":188,"column":48}},"loc":{"start":{"line":188,"column":54},"end":{"line":188,"column":70}},"line":188},"8":{"name":"(anonymous_8)","decl":{"start":{"line":189,"column":36},"end":{"line":189,"column":41}},"loc":{"start":{"line":189,"column":47},"end":{"line":189,"column":61}},"line":189},"9":{"name":"(anonymous_9)","decl":{"start":{"line":190,"column":38},"end":{"line":190,"column":43}},"loc":{"start":{"line":190,"column":49},"end":{"line":190,"column":63}},"line":190},"10":{"name":"(anonymous_10)","decl":{"start":{"line":191,"column":36},"end":{"line":191,"column":41}},"loc":{"start":{"line":191,"column":47},"end":{"line":191,"column":61}},"line":191},"11":{"name":"(anonymous_11)","decl":{"start":{"line":192,"column":36},"end":{"line":192,"column":41}},"loc":{"start":{"line":192,"column":47},"end":{"line":192,"column":56}},"line":192},"12":{"name":"(anonymous_12)","decl":{"start":{"line":204,"column":10},"end":{"line":204,"column":27}},"loc":{"start":{"line":204,"column":58},"end":{"line":211,"column":null}},"line":204},"13":{"name":"(anonymous_13)","decl":{"start":{"line":207,"column":37},"end":{"line":207,"column":42}},"loc":{"start":{"line":207,"column":48},"end":{"line":207,"column":61}},"line":207},"14":{"name":"(anonymous_14)","decl":{"start":{"line":209,"column":9},"end":{"line":209,"column":17}},"loc":{"start":{"line":209,"column":23},"end":{"line":209,"column":47}},"line":209},"15":{"name":"(anonymous_15)","decl":{"start":{"line":210,"column":9},"end":{"line":210,"column":15}},"loc":{"start":{"line":210,"column":24},"end":{"line":210,"column":45}},"line":210},"16":{"name":"(anonymous_16)","decl":{"start":{"line":229,"column":39},"end":{"line":229,"column":44}},"loc":{"start":{"line":229,"column":50},"end":{"line":288,"column":5}},"line":229},"17":{"name":"(anonymous_17)","decl":{"start":{"line":241,"column":24},"end":{"line":241,"column":29}},"loc":{"start":{"line":241,"column":36},"end":{"line":246,"column":12}},"line":241},"18":{"name":"(anonymous_18)","decl":{"start":{"line":255,"column":28},"end":{"line":255,"column":33}},"loc":{"start":{"line":255,"column":40},"end":{"line":260,"column":12}},"line":255},"19":{"name":"(anonymous_19)","decl":{"start":{"line":263,"column":60},"end":{"line":263,"column":65}},"loc":{"start":{"line":263,"column":73},"end":{"line":266,"column":12}},"line":263},"20":{"name":"(anonymous_20)","decl":{"start":{"line":284,"column":11},"end":{"line":284,"column":16}},"loc":{"start":{"line":284,"column":23},"end":{"line":284,"column":38}},"line":284},"21":{"name":"(anonymous_21)","decl":{"start":{"line":285,"column":11},"end":{"line":285,"column":19}},"loc":{"start":{"line":285,"column":35},"end":{"line":285,"column":50}},"line":285},"22":{"name":"(anonymous_22)","decl":{"start":{"line":286,"column":11},"end":{"line":286,"column":16}},"loc":{"start":{"line":286,"column":23},"end":{"line":286,"column":66}},"line":286},"23":{"name":"(anonymous_23)","decl":{"start":{"line":290,"column":17},"end":{"line":290,"column":25}},"loc":{"start":{"line":290,"column":31},"end":{"line":302,"column":5}},"line":290},"24":{"name":"(anonymous_24)","decl":{"start":{"line":298,"column":35},"end":{"line":298,"column":41}},"loc":{"start":{"line":298,"column":47},"end":{"line":298,"column":69}},"line":298},"25":{"name":"listTags","decl":{"start":{"line":305,"column":8},"end":{"line":305,"column":19}},"loc":{"start":{"line":305,"column":19},"end":{"line":311,"column":null}},"line":305},"26":{"name":"create","decl":{"start":{"line":318,"column":8},"end":{"line":318,"column":15}},"loc":{"start":{"line":318,"column":60},"end":{"line":339,"column":null}},"line":318},"27":{"name":"(anonymous_27)","decl":{"start":{"line":322,"column":54},"end":{"line":322,"column":61}},"loc":{"start":{"line":322,"column":73},"end":{"line":335,"column":5}},"line":322},"28":{"name":"(anonymous_28)","decl":{"start":{"line":337,"column":39},"end":{"line":337,"column":47}},"loc":{"start":{"line":337,"column":53},"end":{"line":337,"column":69}},"line":337},"29":{"name":"update","decl":{"start":{"line":356,"column":8},"end":{"line":356,"column":15}},"loc":{"start":{"line":356,"column":72},"end":{"line":402,"column":null}},"line":356},"30":{"name":"(anonymous_30)","decl":{"start":{"line":365,"column":38},"end":{"line":365,"column":45}},"loc":{"start":{"line":365,"column":57},"end":{"line":398,"column":5}},"line":365},"31":{"name":"(anonymous_31)","decl":{"start":{"line":400,"column":39},"end":{"line":400,"column":47}},"loc":{"start":{"line":400,"column":53},"end":{"line":400,"column":64}},"line":400},"32":{"name":"remove","decl":{"start":{"line":404,"column":8},"end":{"line":404,"column":15}},"loc":{"start":{"line":404,"column":42},"end":{"line":420,"column":null}},"line":404},"33":{"name":"(anonymous_33)","decl":{"start":{"line":411,"column":38},"end":{"line":411,"column":45}},"loc":{"start":{"line":411,"column":57},"end":{"line":419,"column":5}},"line":411},"34":{"name":"resolveTrade","decl":{"start":{"line":440,"column":16},"end":{"line":440,"column":29}},"loc":{"start":{"line":440,"column":54},"end":{"line":472,"column":null}},"line":440},"35":{"name":"currentNetQuantity","decl":{"start":{"line":483,"column":16},"end":{"line":483,"column":null}},"loc":{"start":{"line":486,"column":21},"end":{"line":492,"column":null}},"line":486},"36":{"name":"(anonymous_36)","decl":{"start":{"line":488,"column":16},"end":{"line":488,"column":null}},"loc":{"start":{"line":489,"column":18},"end":{"line":489,"column":null}},"line":489},"37":{"name":"validateExitAttribution","decl":{"start":{"line":527,"column":16},"end":{"line":527,"column":null}},"loc":{"start":{"line":533,"column":19},"end":{"line":573,"column":null}},"line":533},"38":{"name":"(anonymous_38)","decl":{"start":{"line":545,"column":42},"end":{"line":545,"column":null}},"loc":{"start":{"line":546,"column":21},"end":{"line":546,"column":null}},"line":546},"39":{"name":"ensurePricedSafely","decl":{"start":{"line":581,"column":16},"end":{"line":581,"column":35}},"loc":{"start":{"line":581,"column":74},"end":{"line":589,"column":null}},"line":581},"40":{"name":"writeOwnedRows","decl":{"start":{"line":591,"column":16},"end":{"line":591,"column":null}},"loc":{"start":{"line":606,"column":19},"end":{"line":716,"column":null}},"line":606},"41":{"name":"clearOwnedRows","decl":{"start":{"line":725,"column":16},"end":{"line":725,"column":null}},"loc":{"start":{"line":728,"column":19},"end":{"line":732,"column":null}},"line":728},"42":{"name":"writeStopRevision","decl":{"start":{"line":746,"column":16},"end":{"line":746,"column":null}},"loc":{"start":{"line":750,"column":19},"end":{"line":783,"column":null}},"line":750},"43":{"name":"(anonymous_43)","decl":{"start":{"line":754,"column":6},"end":{"line":754,"column":12}},"loc":{"start":{"line":754,"column":21},"end":{"line":754,"column":42}},"line":754},"44":{"name":"(anonymous_44)","decl":{"start":{"line":759,"column":30},"end":{"line":759,"column":35}},"loc":{"start":{"line":759,"column":41},"end":{"line":759,"column":54}},"line":759},"45":{"name":"(anonymous_45)","decl":{"start":{"line":760,"column":35},"end":{"line":760,"column":43}},"loc":{"start":{"line":760,"column":49},"end":{"line":760,"column":73}},"line":760},"46":{"name":"reviseStopLevels","decl":{"start":{"line":793,"column":8},"end":{"line":793,"column":null}},"loc":{"start":{"line":796,"column":19},"end":{"line":800,"column":null}},"line":796},"47":{"name":"(anonymous_47)","decl":{"start":{"line":797,"column":38},"end":{"line":797,"column":45}},"loc":{"start":{"line":797,"column":57},"end":{"line":799,"column":5}},"line":797},"48":{"name":"autoRecordStopExecution","decl":{"start":{"line":815,"column":16},"end":{"line":815,"column":null}},"loc":{"start":{"line":819,"column":19},"end":{"line":872,"column":null}},"line":819},"49":{"name":"(anonymous_49)","decl":{"start":{"line":822,"column":7},"end":{"line":822,"column":15}},"loc":{"start":{"line":822,"column":21},"end":{"line":822,"column":36}},"line":822},"50":{"name":"(anonymous_50)","decl":{"start":{"line":823,"column":7},"end":{"line":823,"column":15}},"loc":{"start":{"line":823,"column":26},"end":{"line":823,"column":79}},"line":823},"51":{"name":"(anonymous_51)","decl":{"start":{"line":830,"column":17},"end":{"line":830,"column":22}},"loc":{"start":{"line":830,"column":29},"end":{"line":830,"column":53}},"line":830},"52":{"name":"(anonymous_52)","decl":{"start":{"line":840,"column":39},"end":{"line":840,"column":44}},"loc":{"start":{"line":840,"column":50},"end":{"line":840,"column":63}},"line":840},"53":{"name":"(anonymous_53)","decl":{"start":{"line":841,"column":25},"end":{"line":841,"column":33}},"loc":{"start":{"line":841,"column":39},"end":{"line":841,"column":63}},"line":841},"54":{"name":"(anonymous_54)","decl":{"start":{"line":845,"column":11},"end":{"line":845,"column":16}},"loc":{"start":{"line":845,"column":23},"end":{"line":851,"column":8}},"line":845},"55":{"name":"(anonymous_55)","decl":{"start":{"line":856,"column":22},"end":{"line":856,"column":28}},"loc":{"start":{"line":856,"column":34},"end":{"line":856,"column":52}},"line":856},"56":{"name":"(anonymous_56)","decl":{"start":{"line":860,"column":29},"end":{"line":860,"column":37}},"loc":{"start":{"line":860,"column":48},"end":{"line":860,"column":66}},"line":860},"57":{"name":"applyTags","decl":{"start":{"line":875,"column":16},"end":{"line":875,"column":null}},"loc":{"start":{"line":880,"column":19},"end":{"line":894,"column":null}},"line":880}},"branchMap":{"0":{"loc":{"start":{"line":32,"column":2},"end":{"line":34,"column":null}},"type":"if","locations":[{"start":{"line":32,"column":2},"end":{"line":34,"column":null}},{"start":{},"end":{}}],"line":32},"1":{"loc":{"start":{"line":32,"column":6},"end":{"line":32,"column":64}},"type":"binary-expr","locations":[{"start":{"line":32,"column":6},"end":{"line":32,"column":42}},{"start":{"line":32,"column":42},"end":{"line":32,"column":64}}],"line":32},"2":{"loc":{"start":{"line":36,"column":10},"end":{"line":36,"column":null}},"type":"cond-expr","locations":[{"start":{"line":36,"column":31},"end":{"line":36,"column":39}},{"start":{"line":36,"column":39},"end":{"line":36,"column":null}}],"line":36},"3":{"loc":{"start":{"line":44,"column":2},"end":{"line":44,"column":null}},"type":"if","locations":[{"start":{"line":44,"column":2},"end":{"line":44,"column":null}},{"start":{},"end":{}}],"line":44},"4":{"loc":{"start":{"line":58,"column":2},"end":{"line":58,"column":null}},"type":"if","locations":[{"start":{"line":58,"column":2},"end":{"line":58,"column":null}},{"start":{},"end":{}}],"line":58},"5":{"loc":{"start":{"line":58,"column":6},"end":{"line":58,"column":32}},"type":"binary-expr","locations":[{"start":{"line":58,"column":6},"end":{"line":58,"column":20}},{"start":{"line":58,"column":20},"end":{"line":58,"column":32}}],"line":58},"6":{"loc":{"start":{"line":71,"column":2},"end":{"line":71,"column":null}},"type":"if","locations":[{"start":{"line":71,"column":2},"end":{"line":71,"column":null}},{"start":{},"end":{}}],"line":71},"7":{"loc":{"start":{"line":75,"column":6},"end":{"line":78,"column":null}},"type":"binary-expr","locations":[{"start":{"line":75,"column":6},"end":{"line":75,"column":null}},{"start":{"line":76,"column":6},"end":{"line":76,"column":null}},{"start":{"line":77,"column":6},"end":{"line":77,"column":null}},{"start":{"line":78,"column":6},"end":{"line":78,"column":null}}],"line":75},"8":{"loc":{"start":{"line":170,"column":13},"end":{"line":170,"column":62}},"type":"default-arg","locations":[{"start":{"line":170,"column":36},"end":{"line":170,"column":62}}],"line":170},"9":{"loc":{"start":{"line":200,"column":12},"end":{"line":200,"column":null}},"type":"binary-expr","locations":[{"start":{"line":200,"column":12},"end":{"line":200,"column":48}},{"start":{"line":200,"column":48},"end":{"line":200,"column":null}}],"line":200},"10":{"loc":{"start":{"line":205,"column":18},"end":{"line":205,"column":null}},"type":"binary-expr","locations":[{"start":{"line":205,"column":18},"end":{"line":205,"column":44}},{"start":{"line":205,"column":44},"end":{"line":205,"column":null}}],"line":205},"11":{"loc":{"start":{"line":206,"column":6},"end":{"line":206,"column":null}},"type":"if","locations":[{"start":{"line":206,"column":6},"end":{"line":206,"column":null}},{"start":{},"end":{}}],"line":206},"12":{"loc":{"start":{"line":216,"column":12},"end":{"line":216,"column":null}},"type":"binary-expr","locations":[{"start":{"line":216,"column":12},"end":{"line":216,"column":53}},{"start":{"line":216,"column":53},"end":{"line":216,"column":null}}],"line":216},"13":{"loc":{"start":{"line":224,"column":12},"end":{"line":224,"column":null}},"type":"binary-expr","locations":[{"start":{"line":224,"column":12},"end":{"line":224,"column":44}},{"start":{"line":224,"column":44},"end":{"line":224,"column":null}}],"line":224},"14":{"loc":{"start":{"line":235,"column":6},"end":{"line":268,"column":null}},"type":"if","locations":[{"start":{"line":235,"column":6},"end":{"line":268,"column":null}},{"start":{},"end":{}}],"line":235},"15":{"loc":{"start":{"line":240,"column":21},"end":{"line":240,"column":null}},"type":"cond-expr","locations":[{"start":{"line":240,"column":40},"end":{"line":240,"column":49}},{"start":{"line":240,"column":49},"end":{"line":240,"column":null}}],"line":240},"16":{"loc":{"start":{"line":249,"column":18},"end":{"line":249,"column":null}},"type":"binary-expr","locations":[{"start":{"line":249,"column":18},"end":{"line":249,"column":52}},{"start":{"line":249,"column":52},"end":{"line":249,"column":null}}],"line":249},"17":{"loc":{"start":{"line":263,"column":27},"end":{"line":263,"column":58}},"type":"binary-expr","locations":[{"start":{"line":263,"column":27},"end":{"line":263,"column":56}},{"start":{"line":263,"column":56},"end":{"line":263,"column":58}}],"line":263},"18":{"loc":{"start":{"line":276,"column":14},"end":{"line":276,"column":null}},"type":"cond-expr","locations":[{"start":{"line":276,"column":18},"end":{"line":276,"column":65}},{"start":{"line":276,"column":65},"end":{"line":276,"column":null}}],"line":276},"19":{"loc":{"start":{"line":277,"column":18},"end":{"line":282,"column":null}},"type":"cond-expr","locations":[{"start":{"line":278,"column":12},"end":{"line":281,"column":null}},{"start":{"line":282,"column":12},"end":{"line":282,"column":null}}],"line":277},"20":{"loc":{"start":{"line":279,"column":22},"end":{"line":279,"column":null}},"type":"binary-expr","locations":[{"start":{"line":279,"column":22},"end":{"line":279,"column":56}},{"start":{"line":279,"column":56},"end":{"line":279,"column":null}}],"line":279},"21":{"loc":{"start":{"line":283,"column":15},"end":{"line":283,"column":44}},"type":"binary-expr","locations":[{"start":{"line":283,"column":15},"end":{"line":283,"column":42}},{"start":{"line":283,"column":42},"end":{"line":283,"column":44}}],"line":283},"22":{"loc":{"start":{"line":291,"column":6},"end":{"line":291,"column":null}},"type":"if","locations":[{"start":{"line":291,"column":6},"end":{"line":291,"column":null}},{"start":{},"end":{}}],"line":291},"23":{"loc":{"start":{"line":291,"column":10},"end":{"line":291,"column":51}},"type":"binary-expr","locations":[{"start":{"line":291,"column":10},"end":{"line":291,"column":26}},{"start":{"line":291,"column":26},"end":{"line":291,"column":51}}],"line":291},"24":{"loc":{"start":{"line":292,"column":6},"end":{"line":297,"column":null}},"type":"if","locations":[{"start":{"line":292,"column":6},"end":{"line":297,"column":null}},{"start":{},"end":{}}],"line":292},"25":{"loc":{"start":{"line":295,"column":10},"end":{"line":295,"column":null}},"type":"binary-expr","locations":[{"start":{"line":295,"column":10},"end":{"line":295,"column":40}},{"start":{"line":295,"column":40},"end":{"line":295,"column":null}}],"line":295},"26":{"loc":{"start":{"line":296,"column":8},"end":{"line":296,"column":null}},"type":"if","locations":[{"start":{"line":296,"column":8},"end":{"line":296,"column":null}},{"start":{},"end":{}}],"line":296},"27":{"loc":{"start":{"line":298,"column":6},"end":{"line":300,"column":null}},"type":"if","locations":[{"start":{"line":298,"column":6},"end":{"line":300,"column":null}},{"start":{},"end":{}}],"line":298},"28":{"loc":{"start":{"line":298,"column":10},"end":{"line":298,"column":72}},"type":"binary-expr","locations":[{"start":{"line":298,"column":10},"end":{"line":298,"column":27}},{"start":{"line":298,"column":27},"end":{"line":298,"column":72}}],"line":298},"29":{"loc":{"start":{"line":327,"column":16},"end":{"line":327,"column":null}},"type":"binary-expr","locations":[{"start":{"line":327,"column":16},"end":{"line":327,"column":30}},{"start":{"line":327,"column":30},"end":{"line":327,"column":null}}],"line":327},"30":{"loc":{"start":{"line":333,"column":55},"end":{"line":333,"column":71}},"type":"binary-expr","locations":[{"start":{"line":333,"column":55},"end":{"line":333,"column":69}},{"start":{"line":333,"column":69},"end":{"line":333,"column":71}}],"line":333},"31":{"loc":{"start":{"line":361,"column":4},"end":{"line":361,"column":null}},"type":"if","locations":[{"start":{"line":361,"column":4},"end":{"line":361,"column":null}},{"start":{},"end":{}}],"line":361},"32":{"loc":{"start":{"line":375,"column":16},"end":{"line":375,"column":null}},"type":"binary-expr","locations":[{"start":{"line":375,"column":16},"end":{"line":375,"column":30}},{"start":{"line":375,"column":30},"end":{"line":375,"column":null}}],"line":375},"33":{"loc":{"start":{"line":386,"column":8},"end":{"line":386,"column":null}},"type":"binary-expr","locations":[{"start":{"line":386,"column":8},"end":{"line":386,"column":27}},{"start":{"line":386,"column":27},"end":{"line":386,"column":null}}],"line":386},"34":{"loc":{"start":{"line":388,"column":49},"end":{"line":388,"column":65}},"type":"binary-expr","locations":[{"start":{"line":388,"column":49},"end":{"line":388,"column":63}},{"start":{"line":388,"column":63},"end":{"line":388,"column":65}}],"line":388},"35":{"loc":{"start":{"line":394,"column":25},"end":{"line":394,"column":null}},"type":"binary-expr","locations":[{"start":{"line":394,"column":25},"end":{"line":394,"column":51}},{"start":{"line":394,"column":51},"end":{"line":394,"column":null}}],"line":394},"36":{"loc":{"start":{"line":395,"column":6},"end":{"line":397,"column":null}},"type":"if","locations":[{"start":{"line":395,"column":6},"end":{"line":397,"column":null}},{"start":{},"end":{}}],"line":395},"37":{"loc":{"start":{"line":395,"column":10},"end":{"line":395,"column":38}},"type":"binary-expr","locations":[{"start":{"line":395,"column":10},"end":{"line":395,"column":25}},{"start":{"line":395,"column":25},"end":{"line":395,"column":38}}],"line":395},"38":{"loc":{"start":{"line":409,"column":4},"end":{"line":409,"column":null}},"type":"if","locations":[{"start":{"line":409,"column":4},"end":{"line":409,"column":null}},{"start":{},"end":{}}],"line":409},"39":{"loc":{"start":{"line":441,"column":4},"end":{"line":457,"column":null}},"type":"if","locations":[{"start":{"line":441,"column":4},"end":{"line":457,"column":null}},{"start":{},"end":{}}],"line":441},"40":{"loc":{"start":{"line":442,"column":6},"end":{"line":444,"column":null}},"type":"if","locations":[{"start":{"line":442,"column":6},"end":{"line":444,"column":null}},{"start":{},"end":{}}],"line":442},"41":{"loc":{"start":{"line":458,"column":4},"end":{"line":460,"column":null}},"type":"if","locations":[{"start":{"line":458,"column":4},"end":{"line":460,"column":null}},{"start":{},"end":{}}],"line":458},"42":{"loc":{"start":{"line":458,"column":8},"end":{"line":458,"column":46}},"type":"binary-expr","locations":[{"start":{"line":458,"column":8},"end":{"line":458,"column":33}},{"start":{"line":458,"column":33},"end":{"line":458,"column":46}}],"line":458},"43":{"loc":{"start":{"line":461,"column":4},"end":{"line":470,"column":null}},"type":"if","locations":[{"start":{"line":461,"column":4},"end":{"line":470,"column":null}},{"start":{},"end":{}}],"line":461},"44":{"loc":{"start":{"line":462,"column":6},"end":{"line":464,"column":null}},"type":"if","locations":[{"start":{"line":462,"column":6},"end":{"line":464,"column":null}},{"start":{},"end":{}}],"line":462},"45":{"loc":{"start":{"line":489,"column":25},"end":{"line":489,"column":null}},"type":"cond-expr","locations":[{"start":{"line":489,"column":44},"end":{"line":489,"column":57}},{"start":{"line":489,"column":57},"end":{"line":489,"column":null}}],"line":489},"46":{"loc":{"start":{"line":536,"column":7},"end":{"line":537,"column":null}},"type":"binary-expr","locations":[{"start":{"line":536,"column":7},"end":{"line":536,"column":26}},{"start":{"line":536,"column":26},"end":{"line":536,"column":null}},{"start":{"line":537,"column":7},"end":{"line":537,"column":25}},{"start":{"line":537,"column":25},"end":{"line":537,"column":null}}],"line":536},"47":{"loc":{"start":{"line":538,"column":4},"end":{"line":542,"column":null}},"type":"if","locations":[{"start":{"line":538,"column":4},"end":{"line":542,"column":null}},{"start":{},"end":{}}],"line":538},"48":{"loc":{"start":{"line":544,"column":27},"end":{"line":544,"column":null}},"type":"binary-expr","locations":[{"start":{"line":544,"column":27},"end":{"line":544,"column":51}},{"start":{"line":544,"column":51},"end":{"line":544,"column":null}}],"line":544},"49":{"loc":{"start":{"line":549,"column":4},"end":{"line":553,"column":null}},"type":"if","locations":[{"start":{"line":549
[...]
,"/Users/dvir/claude/trader/backend/src/transactions/dividend.entity.ts": {"path":"/Users/dvir/claude/trader/backend/src/transactions/dividend.entity.ts","statementMap":{"0":{"start":{"line":20,"column":7},"end":{"line":51,"column":null}},"1":{"start":{"line":21,"column":3},"end":{"line":21,"column":null}},"2":{"start":{"line":38,"column":3},"end":{"line":42,"column":null}},"3":{"start":{"line":49,"column":3},"end":{"line":49,"column":null}},"4":{"start":{"line":19,"column":1},"end":{"line":19,"column":null}}},"fnMap":{},"branchMap":{"0":{"loc":{"start":{"line":49,"column":20},"end":{"line":49,"column":null}},"type":"cond-expr","locations":[{"start":{"line":49,"column":20},"end":{"line":49,"column":null}},{"start":{"line":49,"column":20},"end":{"line":49,"column":null}}],"line":49}},"s":{"0":13,"1":13,"2":13,"3":13,"4":13},"f":{},"b":{"0":[0,13]},"meta":{"lastBranch":1,"lastFunction":0,"lastStatement":5,"seen":{"s:20:7:51:Infinity":0,"s:21:3:21:Infinity":1,"s:38:3:42:Infinity":2,"s:49:3:49:Infinity":3,"b:49:20:49:Infinity:49:20:49:Infinity":0,"s:19:1:19:Infinity":4},"fnNames":{}}}
,"/Users/dvir/claude/trader/backend/src/transactions/stop-execution.entity.ts": {"path":"/Users/dvir/claude/trader/backend/src/transactions/stop-execution.entity.ts","statementMap":{"0":{"start":{"line":14,"column":7},"end":{"line":32,"column":null}},"1":{"start":{"line":15,"column":3},"end":{"line":15,"column":null}},"2":{"start":{"line":27,"column":3},"end":{"line":27,"column":null}},"3":{"start":{"line":30,"column":3},"end":{"line":30,"column":null}},"4":{"start":{"line":30,"column":40},"end":{"line":30,"column":48}},"5":{"start":{"line":13,"column":1},"end":{"line":13,"column":null}}},"fnMap":{"0":{"name":"(anonymous_0)","decl":{"start":{"line":30,"column":25},"end":{"line":30,"column":40}},"loc":{"start":{"line":30,"column":40},"end":{"line":30,"column":48}},"line":30}},"branchMap":{"0":{"loc":{"start":{"line":30,"column":49},"end":{"line":30,"column":null}},"type":"cond-expr","locations":[{"start":{"line":30,"column":49},"end":{"line":30,"column":null}},{"start":{"line":30,"column":49},"end":{"line":30,"column":null}}],"line":30}},"s":{"0":13,"1":13,"2":13,"3":13,"4":0,"5":13},"f":{"0":0},"b":{"0":[0,13]},"meta":{"lastBranch":1,"lastFunction":1,"lastStatement":6,"seen":{"s:14:7:32:Infinity":0,"s:15:3:15:Infinity":1,"s:27:3:27:Infinity":2,"s:30:3:30:Infinity":3,"f:30:25:30:40":0,"s:30:40:30:48":4,"b:30:49:30:Infinity:30:49:30:Infinity":0,"s:13:1:13:Infinity":5},"fnNames":{}}}
,"/Users/dvir/claude/trader/backend/src/transactions/stop-level.entity.ts": {"path":"/Users/dvir/claude/trader/backend/src/transactions/stop-level.entity.ts","statementMap":{"0":{"start":{"line":22,"column":7},"end":{"line":87,"column":null}},"1":{"start":{"line":23,"column":3},"end":{"line":23,"column":null}},"2":{"start":{"line":30,"column":3},"end":{"line":30,"column":null}},"3":{"start":{"line":34,"column":3},"end":{"line":39,"column":null}},"4":{"start":{"line":43,"column":3},"end":{"line":48,"column":null}},"5":{"start":{"line":52,"column":3},"end":{"line":56,"column":null}},"6":{"start":{"line":59,"column":3},"end":{"line":59,"column":null}},"7":{"start":{"line":85,"column":3},"end":{"line":85,"column":null}},"8":{"start":{"line":21,"column":1},"end":{"line":21,"column":null}}},"fnMap":{},"branchMap":{},"s":{"0":13,"1":13,"2":13,"3":13,"4":13,"5":13,"6":13,"7":13,"8":13},"f":{},"b":{},"meta":{"lastBranch":0,"lastFunction":0,"lastStatement":9,"seen":{"s:22:7:87:Infinity":0,"s:23:3:23:Infinity":1,"s:30:3:30:Infinity":2,"s:34:3:39:Infinity":3,"s:43:3:48:Infinity":4,"s:52:3:56:Infinity":5,"s:59:3:59:Infinity":6,"s:85:3:85:Infinity":7,"s:21:1:21:Infinity":8},"fnNames":{}}}
,"/Users/dvir/claude/trader/backend/src/transactions/transaction.entity.ts": {"path":"/Users/dvir/claude/trader/backend/src/transactions/transaction.entity.ts","statementMap":{"0":{"start":{"line":13,"column":7},"end":{"line":82,"column":null}},"1":{"start":{"line":14,"column":3},"end":{"line":14,"column":null}},"2":{"start":{"line":29,"column":3},"end":{"line":29,"column":null}},"3":{"start":{"line":37,"column":3},"end":{"line":37,"column":null}},"4":{"start":{"line":41,"column":3},"end":{"line":45,"column":null}},"5":{"start":{"line":48,"column":3},"end":{"line":52,"column":null}},"6":{"start":{"line":55,"column":3},"end":{"line":60,"column":null}},"7":{"start":{"line":68,"column":3},"end":{"line":73,"column":null}},"8":{"start":{"line":80,"column":3},"end":{"line":80,"column":null}},"9":{"start":{"line":12,"column":1},"end":{"line":12,"column":null}}},"fnMap":{},"branchMap":{"0":{"loc":{"start":{"line":80,"column":20},"end":{"line":80,"column":null}},"type":"cond-expr","locations":[{"start":{"line":80,"column":20},"end":{"line":80,"column":null}},{"start":{"line":80,"column":20},"end":{"line":80,"column":null}}],"line":80}},"s":{"0":14,"1":14,"2":14,"3":14,"4":14,"5":14,"6":14,"7":14,"8":14,"9":14},"f":{},"b":{"0":[0,14]},"meta":{"lastBranch":1,"lastFunction":0,"lastStatement":10,"seen":{"s:13:7:82:Infinity":0,"s:14:3:14:Infinity":1,"s:29:3:29:Infinity":2,"s:37:3:37:Infinity":3,"s:41:3:45:Infinity":4,"s:48:3:52:Infinity":5,"s:55:3:60:Infinity":6,"s:68:3:73:Infinity":7,"s:80:3:80:Infinity":8,"b:80:20:80:Infinity:80:20:80:Infinity":0,"s:12:1:12:Infinity":9},"fnNames":{}}}
,"/Users/dvir/claude/trader/backend/src/users/user.entity.ts": {"path":"/Users/dvir/claude/trader/backend/src/users/user.entity.ts","statementMap":{"0":{"start":{"line":10,"column":7},"end":{"line":27,"column":null}},"1":{"start":{"line":11,"column":3},"end":{"line":11,"column":null}},"2":{"start":{"line":14,"column":3},"end":{"line":14,"column":null}},"3":{"start":{"line":17,"column":3},"end":{"line":22,"column":null}},"4":{"start":{"line":25,"column":3},"end":{"line":25,"column":null}},"5":{"start":{"line":9,"column":1},"end":{"line":9,"column":null}}},"fnMap":{},"branchMap":{"0":{"loc":{"start":{"line":25,"column":20},"end":{"line":25,"column":null}},"type":"cond-expr","locations":[{"start":{"line":25,"column":20},"end":{"line":25,"column":null}},{"start":{"line":25,"column":20},"end":{"line":25,"column":null}}],"line":25}},"s":{"0":14,"1":14,"2":14,"3":14,"4":14,"5":14},"f":{},"b":{"0":[0,14]},"meta":{"lastBranch":1,"lastFunction":0,"lastStatement":6,"seen":{"s:10:7:27:Infinity":0,"s:11:3:11:Infinity":1,"s:14:3:14:Infinity":2,"s:17:3:22:Infinity":3,"s:25:3:25:Infinity":4,"b:25:20:25:Infinity:25:20:25:Infinity":0,"s:9:1:9:Infinity":5},"fnNames":{}}}
,"/Users/dvir/claude/trader/backend/src/users/users.controller.ts": {"path":"/Users/dvir/claude/trader/backend/src/users/users.controller.ts","statementMap":{"0":{"start":{"line":6,"column":3},"end":{"line":6,"column":null}},"1":{"start":{"line":11,"column":7},"end":{"line":23,"column":null}},"2":{"start":{"line":12,"column":31},"end":{"line":12,"column":52}},"3":{"start":{"line":16,"column":4},"end":{"line":16,"column":null}},"4":{"start":{"line":21,"column":4},"end":{"line":21,"column":null}},"5":{"start":{"line":10,"column":1},"end":{"line":10,"column":null}}},"fnMap":{"0":{"name":"constructor","decl":{"start":{"line":12,"column":2},"end":{"line":12,"column":14}},"loc":{"start":{"line":12,"column":52},"end":{"line":12,"column":null}},"line":12},"1":{"name":"get","decl":{"start":{"line":14,"column":2},"end":{"line":14,"column":3}},"loc":{"start":{"line":15,"column":8},"end":{"line":17,"column":null}},"line":15},"2":{"name":"update","decl":{"start":{"line":19,"column":2},"end":{"line":19,"column":3}},"loc":{"start":{"line":20,"column":36},"end":{"line":22,"column":null}},"line":20}},"branchMap":{"0":{"loc":{"start":{"line":10,"column":22},"end":{"line":10,"column":null}},"type":"cond-expr","locations":[{"start":{"line":10,"column":22},"end":{"line":10,"column":null}},{"start":{"line":10,"column":22},"end":{"line":10,"column":null}}],"line":10}},"s":{"0":10,"1":10,"2":11,"3":0,"4":0,"5":10},"f":{"0":11,"1":0,"2":0},"b":{"0":[0,10]},"meta":{"lastBranch":1,"lastFunction":3,"lastStatement":6,"seen":{"s:6:3:6:Infinity":0,"s:11:7:23:Infinity":1,"f:12:2:12:14":0,"s:12:31:12:52":2,"f:14:2:14:3":1,"s:16:4:16:Infinity":3,"f:19:2:19:3":2,"s:21:4:21:Infinity":4,"s:10:1:10:Infinity":5,"b:10:22:10:Infinity:10:22:10:Infinity":0},"fnNames":{}}}
,"/Users/dvir/claude/trader/backend/src/users/users.module.ts": {"path":"/Users/dvir/claude/trader/backend/src/users/users.module.ts","statementMap":{"0":{"start":{"line":13,"column":7},"end":{"line":13,"column":null}},"1":{"start":{"line":7,"column":1},"end":{"line":12,"column":null}}},"fnMap":{},"branchMap":{},"s":{"0":10,"1":10},"f":{},"b":{},"meta":{"lastBranch":0,"lastFunction":0,"lastStatement":2,"seen":{"s:13:7:13:Infinity":0,"s:7:1:12:Infinity":1},"fnNames":{}}}
,"/Users/dvir/claude/trader/backend/src/users/users.service.ts": {"path":"/Users/dvir/claude/trader/backend/src/users/users.service.ts","statementMap":{"0":{"start":{"line":7,"column":7},"end":{"line":36,"column":null}},"1":{"start":{"line":9,"column":45},"end":{"line":9,"column":null}},"2":{"start":{"line":17,"column":21},"end":{"line":20,"column":null}},"3":{"start":{"line":21,"column":4},"end":{"line":21,"column":null}},"4":{"start":{"line":21,"column":29},"end":{"line":21,"column":null}},"5":{"start":{"line":22,"column":4},"end":{"line":22,"column":null}},"6":{"start":{"line":26,"column":17},"end":{"line":26,"column":null}},"7":{"start":{"line":27,"column":4},"end":{"line":27,"column":null}},"8":{"start":{"line":31,"column":17},"end":{"line":31,"column":null}},"9":{"start":{"line":32,"column":4},"end":{"line":32,"column":null}},"10":{"start":{"line":33,"column":4},"end":{"line":33,"column":null}},"11":{"start":{"line":34,"column":4},"end":{"line":34,"column":null}}},"fnMap":{"0":{"name":"constructor","decl":{"start":{"line":8,"column":2},"end":{"line":8,"column":null}},"loc":{"start":{"line":10,"column":4},"end":{"line":10,"column":null}},"line":10},"1":{"name":"ensureDefaultUser","decl":{"start":{"line":16,"column":8},"end":{"line":16,"column":43}},"loc":{"start":{"line":16,"column":43},"end":{"line":23,"column":null}},"line":16},"2":{"name":"getSettings","decl":{"start":{"line":25,"column":8},"end":{"line":25,"column":22}},"loc":{"start":{"line":25,"column":22},"end":{"line":28,"column":null}},"line":25},"3":{"name":"updateSettings","decl":{"start":{"line":30,"column":8},"end":{"line":30,"column":23}},"loc":{"start":{"line":30,"column":43},"end":{"line":35,"column":null}},"line":30}},"branchMap":{"0":{"loc":{"start":{"line":21,"column":4},"end":{"line":21,"column":null}},"type":"if","locations":[{"start":{"line":21,"column":4},"end":{"line":21,"column":null}},{"start":{},"end":{}}],"line":21}},"s":{"0":14,"1":11,"2":343,"3":343,"4":342,"5":1,"6":0,"7":0,"8":0,"9":0,"10":0,"11":0},"f":{"0":11,"1":343,"2":0,"3":0},"b":{"0":[342,1]},"meta":{"lastBranch":1,"lastFunction":4,"lastStatement":12,"seen":{"s:7:7:36:Infinity":0,"f:8:2:8:Infinity":0,"s:9:45:9:Infinity":1,"f:16:8:16:43":1,"s:17:21:20:Infinity":2,"b:21:4:21:Infinity:undefined:undefined:undefined:undefined":0,"s:21:4:21:Infinity":3,"s:21:29:21:Infinity":4,"s:22:4:22:Infinity":5,"f:25:8:25:22":2,"s:26:17:26:Infinity":6,"s:27:4:27:Infinity":7,"f:30:8:30:23":3,"s:31:17:31:Infinity":8,"s:32:4:32:Infinity":9,"s:33:4:33:Infinity":10,"s:34:4:34:Infinity":11},"fnNames":{}}}
,"/Users/dvir/claude/trader/backend/test/http.ts": {"path":"/Users/dvir/claude/trader/backend/test/http.ts","statementMap":{"0":{"start":{"line":4,"column":22},"end":{"line":4,"column":null}},"1":{"start":{"line":12,"column":14},"end":{"line":15,"column":null}},"2":{"start":{"line":16,"column":2},"end":{"line":16,"column":null}},"3":{"start":{"line":27,"column":8},"end":{"line":30,"column":null}},"4":{"start":{"line":27,"column":17},"end":{"line":30,"column":null}},"5":{"start":{"line":28,"column":4},"end":{"line":30,"column":null}},"6":{"start":{"line":31,"column":2},"end":{"line":36,"column":null}}},"fnMap":{"0":{"name":"login","decl":{"start":{"line":11,"column":22},"end":{"line":11,"column":28}},"loc":{"start":{"line":11,"column":68},"end":{"line":17,"column":null}},"line":11},"1":{"name":"http","decl":{"start":{"line":26,"column":16},"end":{"line":26,"column":21}},"loc":{"start":{"line":26,"column":59},"end":{"line":37,"column":null}},"line":26},"2":{"name":"(anonymous_2)","decl":{"start":{"line":27,"column":8},"end":{"line":27,"column":17}},"loc":{"start":{"line":27,"column":17},"end":{"line":30,"column":null}},"line":27},"3":{"name":"(anonymous_3)","decl":{"start":{"line":27,"column":17},"end":{"line":27,"column":37}},"loc":{"start":{"line":28,"column":4},"end":{"line":30,"column":null}},"line":28}},"branchMap":{},"s":{"0":9,"1":10,"2":10,"3":166,"4":664,"5":166,"6":166},"f":{"0":10,"1":166,"2":664,"3":166},"b":{},"meta":{"lastBranch":0,"lastFunction":4,"lastStatement":7,"seen":{"s:4:22:4:Infinity":0,"f:11:22:11:28":0,"s:12:14:15:Infinity":1,"s:16:2:16:Infinity":2,"f:26:16:26:21":1,"s:27:8:30:Infinity":3,"f:27:8:27:17":2,"s:27:17:30:Infinity":4,"f:27:17:27:37":3,"s:28:4:30:Infinity":5,"s:31:2:36:Infinity":6},"fnNames":{}}}
,"/Users/dvir/claude/trader/backend/test/yahoo-stub.ts": {"path":"/Users/dvir/claude/trader/backend/test/yahoo-stub.ts","statementMap":{"0":{"start":{"line":15,"column":51},"end":{"line":36,"column":null}},"1":{"start":{"line":50,"column":2},"end":{"line":61,"column":null}},"2":{"start":{"line":51,"column":16},"end":{"line":51,"column":null}},"3":{"start":{"line":52,"column":4},"end":{"line":60,"column":null}},"4":{"start":{"line":72,"column":22},"end":{"line":72,"column":null}},"5":{"start":{"line":75,"column":16},"end":{"line":75,"column":null}},"6":{"start":{"line":76,"column":2},"end":{"line":76,"column":null}},"7":{"start":{"line":76,"column":32},"end":{"line":76,"column":null}},"8":{"start":{"line":77,"column":16},"end":{"line":77,"column":null}},"9":{"start":{"line":78,"column":2},"end":{"line":87,"column":null}},"10":{"start":{"line":99,"column":2},"end":{"line":115,"column":null}},"11":{"start":{"line":100,"column":37},"end":{"line":100,"column":null}},"12":{"start":{"line":102,"column":6},"end":{"line":102,"column":null}},"13":{"start":{"line":102,"column":70},"end":{"line":102,"column":80}},"14":{"start":{"line":110,"column":6},"end":{"line":110,"column":null}},"15":{"start":{"line":110,"column":29},"end":{"line":110,"column":null}},"16":{"start":{"line":111,"column":20},"end":{"line":111,"column":null}},"17":{"start":{"line":112,"column":6},"end":{"line":112,"column":null}},"18":{"start":{"line":112,"column":36},"end":{"line":112,"column":null}},"19":{"start":{"line":113,"column":6},"end":{"line":113,"column":null}}},"fnMap":{"0":{"name":"stubBars","decl":{"start":{"line":49,"column":16},"end":{"line":49,"column":25}},"loc":{"start":{"line":49,"column":64},"end":{"line":62,"column":null}},"line":49},"1":{"name":"(anonymous_1)","decl":{"start":{"line":50,"column":36},"end":{"line":50,"column":40}},"loc":{"start":{"line":50,"column":49},"end":{"line":61,"column":3}},"line":50},"2":{"name":"quoteFor","decl":{"start":{"line":74,"column":9},"end":{"line":74,"column":18}},"loc":{"start":{"line":74,"column":34},"end":{"line":88,"column":null}},"line":74},"3":{"name":"yahooStub","decl":{"start":{"line":98,"column":16},"end":{"line":98,"column":26}},"loc":{"start":{"line":98,"column":64},"end":{"line":116,"column":null}},"line":98},"4":{"name":"(anonymous_4)","decl":{"start":{"line":100,"column":11},"end":{"line":100,"column":18}},"loc":{"start":{"line":100,"column":37},"end":{"line":100,"column":null}},"line":100},"5":{"name":"(anonymous_5)","decl":{"start":{"line":101,"column":15},"end":{"line":101,"column":22}},"loc":{"start":{"line":102,"column":6},"end":{"line":102,"column":null}},"line":102},"6":{"name":"(anonymous_6)","decl":{"start":{"line":102,"column":28},"end":{"line":102,"column":36}},"loc":{"start":{"line":102,"column":70},"end":{"line":102,"column":80}},"line":102},"7":{"name":"(anonymous_7)","decl":{"start":{"line":109,"column":15},"end":{"line":109,"column":22}},"loc":{"start":{"line":109,"column":41},"end":{"line":114,"column":null}},"line":109}},"branchMap":{"0":{"loc":{"start":{"line":49,"column":40},"end":{"line":49,"column":64}},"type":"default-arg","locations":[{"start":{"line":49,"column":48},"end":{"line":49,"column":64}}],"line":49},"1":{"loc":{"start":{"line":76,"column":2},"end":{"line":76,"column":null}},"type":"if","locations":[{"start":{"line":76,"column":2},"end":{"line":76,"column":null}},{"start":{},"end":{}}],"line":76},"2":{"loc":{"start":{"line":77,"column":16},"end":{"line":77,"column":null}},"type":"binary-expr","locations":[{"start":{"line":77,"column":16},"end":{"line":77,"column":38}},{"start":{"line":77,"column":38},"end":{"line":77,"column":null}}],"line":77},"3":{"loc":{"start":{"line":98,"column":26},"end":{"line":98,"column":64}},"type":"default-arg","locations":[{"start":{"line":98,"column":60},"end":{"line":98,"column":64}}],"line":98},"4":{"loc":{"start":{"line":110,"column":6},"end":{"line":110,"column":null}},"type":"if","locations":[{"start":{"line":110,"column":6},"end":{"line":110,"column":null}},{"start":{},"end":{}}],"line":110},"5":{"loc":{"start":{"line":112,"column":6},"end":{"line":112,"column":null}},"type":"if","locations":[{"start":{"line":112,"column":6},"end":{"line":112,"column":null}},{"start":{},"end":{}}],"line":112},"6":{"loc":{"start":{"line":113,"column":22},"end":{"line":113,"column":57}},"type":"binary-expr","locations":[{"start":{"line":113,"column":22},"end":{"line":113,"column":44}},{"start":{"line":113,"column":44},"end":{"line":113,"column":57}}],"line":113}},"s":{"0":8,"1":15,"2":3900,"3":3900,"4":8,"5":21,"6":21,"7":5,"8":16,"9":21,"10":8,"11":16,"12":5,"13":5,"14":89,"15":74,"16":15,"17":15,"18":0,"19":15},"f":{"0":15,"1":3900,"2":21,"3":8,"4":16,"5":5,"6":5,"7":89},"b":{"0":[15],"1":[5,16],"2":[16,1],"3":[8],"4":[74,15],"5":[0,15],"6":[15,0]},"meta":{"lastBranch":7,"lastFunction":8,"lastStatement":20,"seen":{"s:15:51:36:Infinity":0,"f:49:16:49:25":0,"b:49:48:49:64":0,"s:50:2:61:Infinity":1,"f:50:36:50:40":1,"s:51:16:51:Infinity":2,"s:52:4:60:Infinity":3,"s:72:22:72:Infinity":4,"f:74:9:74:18":2,"s:75:16:75:Infinity":5,"b:76:2:76:Infinity:undefined:undefined:undefined:undefined":1,"s:76:2:76:Infinity":6,"s:76:32:76:Infinity":7,"s:77:16:77:Infinity":8,"b:77:16:77:38:77:38:77:Infinity":2,"s:78:2:87:Infinity":9,"f:98:16:98:26":3,"b:98:60:98:64":3,"s:99:2:115:Infinity":10,"f:100:11:100:18":4,"s:100:37:100:Infinity":11,"f:101:15:101:22":5,"s:102:6:102:Infinity":12,"f:102:28:102:36":6,"s:102:70:102:80":13,"f:109:15:109:22":7,"b:110:6:110:Infinity:undefined:undefined:undefined:undefined":4,"s:110:6:110:Infinity":14,"s:110:29:110:Infinity":15,"s:111:20:111:Infinity":16,"b:112:6:112:Infinity:undefined:undefined:undefined:undefined":5,"s:112:6:112:Infinity":17,"s:112:36:112:Infinity":18,"s:113:6:113:Infinity":19,"b:113:22:113:44:113:44:113:57":6},"fnNames":{}}}
}
